[0.365s] Invoking command in '/root/px4_ros_com_ros2/build/dasc_robot_py': PYTHONPATH=/root/px4_ros_com_ros2/install/dasc_robot_py/lib/python3.8/site-packages:${PYTHONPATH} /usr/bin/python3 setup.py develop --prefix /root/px4_ros_com_ros2/install/dasc_robot_py --editable --build-directory /root/px4_ros_com_ros2/build/dasc_robot_py/build --no-deps install_data --install-dir /root/px4_ros_com_ros2/install/dasc_robot_py
[0.670s] running develop
[0.826s] running egg_info
[0.826s] writing dasc_robot_py.egg-info/PKG-INFO
[0.826s] writing dependency_links to dasc_robot_py.egg-info/dependency_links.txt
[0.827s] writing entry points to dasc_robot_py.egg-info/entry_points.txt
[0.827s] writing requirements to dasc_robot_py.egg-info/requires.txt
[0.827s] writing top-level names to dasc_robot_py.egg-info/top_level.txt
[0.832s] reading manifest file 'dasc_robot_py.egg-info/SOURCES.txt'
[0.833s] writing manifest file 'dasc_robot_py.egg-info/SOURCES.txt'
[0.874s] running build_ext
[0.874s] Creating /root/px4_ros_com_ros2/install/dasc_robot_py/lib/python3.8/site-packages/dasc-robot-py.egg-link (link to .)
[0.875s] Installing ex_drone_control_geometric script to /root/px4_ros_com_ros2/install/dasc_robot_py/lib/dasc_robot_py
[0.875s] Installing ex_drone_hover script to /root/px4_ros_com_ros2/install/dasc_robot_py/lib/dasc_robot_py
[0.876s] Installing ex_rover_test script to /root/px4_ros_com_ros2/install/dasc_robot_py/lib/dasc_robot_py
[0.876s] Installing ex_rover_test_classes script to /root/px4_ros_com_ros2/install/dasc_robot_py/lib/dasc_robot_py
[0.876s] 
[0.876s] Installed /root/px4_ros_com_ros2/build/dasc_robot_py
[0.876s] running install_data
[0.917s] Invoked command in '/root/px4_ros_com_ros2/build/dasc_robot_py' returned '0': PYTHONPATH=/root/px4_ros_com_ros2/install/dasc_robot_py/lib/python3.8/site-packages:${PYTHONPATH} /usr/bin/python3 setup.py develop --prefix /root/px4_ros_com_ros2/install/dasc_robot_py --editable --build-directory /root/px4_ros_com_ros2/build/dasc_robot_py/build --no-deps install_data --install-dir /root/px4_ros_com_ros2/install/dasc_robot_py
