-- The C compiler identification is GNU 9.3.0
-- The CXX compiler identification is GNU 9.3.0
-- Check for working C compiler: /usr/lib/ccache/cc
-- Check for working C compiler: /usr/lib/ccache/cc -- works
-- Detecting C compiler ABI info
-- Detecting C compiler ABI info - done
-- Detecting C compile features
-- Detecting C compile features - done
-- Check for working CXX compiler: /usr/lib/ccache/c++
-- Check for working CXX compiler: /usr/lib/ccache/c++ -- works
-- Detecting CXX compiler ABI info
-- Detecting CXX compiler ABI info - done
-- Detecting CXX compile features
-- Detecting CXX compile features - done
-- Found ament_cmake: 1.1.4 (/opt/ros/galactic/share/ament_cmake/cmake)
-- Found PythonInterp: /usr/bin/python3 (found suitable version "3.8.10", minimum required is "3") 
-- Using PYTHON_EXECUTABLE: /usr/bin/python3
-- Override CMake install command with custom implementation using symlinks instead of copying resources
-- Found rclcpp: 9.2.0 (/opt/ros/galactic/share/rclcpp/cmake)
-- Using all available rosidl_typesupport_c: rosidl_typesupport_fastrtps_c;rosidl_typesupport_introspection_c
-- Found rosidl_adapter: 2.2.1 (/opt/ros/galactic/share/rosidl_adapter/cmake)
-- Found OpenSSL: /usr/lib/x86_64-linux-gnu/libcrypto.so (found version "1.1.1f")  
-- Found FastRTPS: /opt/ros/galactic/include  
-- Using all available rosidl_typesupport_cpp: rosidl_typesupport_fastrtps_cpp;rosidl_typesupport_introspection_cpp
-- Found rmw_implementation_cmake: 3.3.1 (/opt/ros/galactic/share/rmw_implementation_cmake/cmake)
-- Found rmw_fastrtps_cpp: 5.0.1 (/opt/ros/galactic/share/rmw_fastrtps_cpp/cmake)
-- Using RMW implementation 'rmw_fastrtps_cpp' as default
-- Looking for pthread.h
-- Looking for pthread.h - found
-- Performing Test CMAKE_HAVE_LIBC_PTHREAD
-- Performing Test CMAKE_HAVE_LIBC_PTHREAD - Failed
-- Looking for pthread_create in pthreads
-- Looking for pthread_create in pthreads - not found
-- Looking for pthread_create in pthread
-- Looking for pthread_create in pthread - found
-- Found Threads: TRUE  
-- Found tf2: 0.17.2 (/opt/ros/galactic/share/tf2/cmake)
-- Found px4_msgs: 2.0.1 (/root/px4_ros_com_ros2/install/px4_msgs/share/px4_msgs/cmake)
-- Found vicon_receiver: 0.1.1 (/root/px4_ros_com_ros2/install/vicon_receiver/share/vicon_receiver/cmake)
-- Found sensor_msgs: 2.2.3 (/opt/ros/galactic/share/sensor_msgs/cmake)
-- Found eigen3_cmake_module: 0.1.1 (/opt/ros/galactic/share/eigen3_cmake_module/cmake)
-- Found Eigen3: TRUE (found version "3.3.7") 
-- Found tf2_ros: 0.17.2 (/opt/ros/galactic/share/tf2_ros/cmake)
-- Found ament_lint_auto: 0.10.6 (/opt/ros/galactic/share/ament_lint_auto/cmake)
-- Configuring done
-- Generating done
-- Build files have been written to: /root/px4_ros_com_ros2/build/vicon_px4_bridge
[35m[1mScanning dependencies of target bridge[0m
[ 50%] [32mBuilding CXX object CMakeFiles/bridge.dir/src/vicon_px4_bridge.cpp.o[0m
[100%] [32m[1mLinking CXX executable bridge[0m
[100%] Built target bridge
-- Install configuration: ""
-- Execute custom install script
-- Symlinking: /root/px4_ros_com_ros2/install/vicon_px4_bridge/lib/vicon_px4_bridge/bridge
-- Symlinking: /root/px4_ros_com_ros2/install/vicon_px4_bridge/share/vicon_px4_bridge//launch/bridge_launch.py
-- Symlinking: /root/px4_ros_com_ros2/install/vicon_px4_bridge/share/ament_index/resource_index/package_run_dependencies/vicon_px4_bridge
-- Symlinking: /root/px4_ros_com_ros2/install/vicon_px4_bridge/share/ament_index/resource_index/parent_prefix_path/vicon_px4_bridge
-- Symlinking: /root/px4_ros_com_ros2/install/vicon_px4_bridge/share/vicon_px4_bridge/environment/ament_prefix_path.sh
-- Symlinking: /root/px4_ros_com_ros2/install/vicon_px4_bridge/share/vicon_px4_bridge/environment/ament_prefix_path.dsv
-- Symlinking: /root/px4_ros_com_ros2/install/vicon_px4_bridge/share/vicon_px4_bridge/environment/path.sh
-- Symlinking: /root/px4_ros_com_ros2/install/vicon_px4_bridge/share/vicon_px4_bridge/environment/path.dsv
-- Symlinking: /root/px4_ros_com_ros2/install/vicon_px4_bridge/share/vicon_px4_bridge/local_setup.bash
-- Symlinking: /root/px4_ros_com_ros2/install/vicon_px4_bridge/share/vicon_px4_bridge/local_setup.sh
-- Symlinking: /root/px4_ros_com_ros2/install/vicon_px4_bridge/share/vicon_px4_bridge/local_setup.zsh
-- Symlinking: /root/px4_ros_com_ros2/install/vicon_px4_bridge/share/vicon_px4_bridge/local_setup.dsv
-- Symlinking: /root/px4_ros_com_ros2/install/vicon_px4_bridge/share/vicon_px4_bridge/package.dsv
-- Symlinking: /root/px4_ros_com_ros2/install/vicon_px4_bridge/share/ament_index/resource_index/packages/vicon_px4_bridge
-- Symlinking: /root/px4_ros_com_ros2/install/vicon_px4_bridge/share/vicon_px4_bridge/cmake/ament_cmake_export_dependencies-extras.cmake
-- Symlinking: /root/px4_ros_com_ros2/install/vicon_px4_bridge/share/vicon_px4_bridge/cmake/vicon_px4_bridgeConfig.cmake
-- Symlinking: /root/px4_ros_com_ros2/install/vicon_px4_bridge/share/vicon_px4_bridge/cmake/vicon_px4_bridgeConfig-version.cmake
-- Symlinking: /root/px4_ros_com_ros2/install/vicon_px4_bridge/share/vicon_px4_bridge/package.xml
