[0.019s] Invoking command in '/root/px4_ros_com_ros2/build/vicon_px4_bridge': AMENT_PREFIX_PATH=/root/px4_ros_com_ros2/install/vicon_receiver:${AMENT_PREFIX_PATH} CMAKE_PREFIX_PATH=/root/px4_ros_com_ros2/install/vicon_receiver:/root/px4_ros_com_ros2/install/px4_msgs:/root/px4_ros_com_ros2/install/dasc_robot_py:/opt/ros/galactic LD_LIBRARY_PATH=/root/px4_ros_com_ros2/install/vicon_receiver/lib:/root/px4_ros_com_ros2/install/px4_msgs/lib:/opt/ros/galactic/opt/yaml_cpp_vendor/lib:/opt/ros/galactic/opt/rviz_ogre_vendor/lib:/opt/ros/galactic/lib/x86_64-linux-gnu:/opt/ros/galactic/lib:/usr/local/lib/ PYTHONPATH=/root/px4_ros_com_ros2/install/vicon_receiver/lib/python3.8/site-packages:/root/px4_ros_com_ros2/install/px4_msgs/lib/python3.8/site-packages:/opt/ros/galactic/lib/python3.8/site-packages:/root/px4_ros_com_ros2/src/robot-framework-py /usr/bin/cmake /root/px4_ros_com_ros2/src/vicon_px4_bridge -DAMENT_CMAKE_SYMLINK_INSTALL=1 -DCMAKE_INSTALL_PREFIX=/root/px4_ros_com_ros2/install/vicon_px4_bridge
[0.127s] -- The C compiler identification is GNU 9.3.0
[0.215s] -- The CXX compiler identification is GNU 9.3.0
[0.224s] -- Check for working C compiler: /usr/lib/ccache/cc
[0.477s] -- Check for working C compiler: /usr/lib/ccache/cc -- works
[0.478s] -- Detecting C compiler ABI info
[0.546s] -- Detecting C compiler ABI info - done
[0.560s] -- Detecting C compile features
[0.560s] -- Detecting C compile features - done
[0.563s] -- Check for working CXX compiler: /usr/lib/ccache/c++
[0.836s] -- Check for working CXX compiler: /usr/lib/ccache/c++ -- works
[0.837s] -- Detecting CXX compiler ABI info
[0.921s] -- Detecting CXX compiler ABI info - done
[0.937s] -- Detecting CXX compile features
[0.937s] -- Detecting CXX compile features - done
[0.940s] -- Found ament_cmake: 1.1.4 (/opt/ros/galactic/share/ament_cmake/cmake)
[0.970s] -- Found PythonInterp: /usr/bin/python3 (found suitable version "3.8.10", minimum required is "3") 
[0.970s] -- Using PYTHON_EXECUTABLE: /usr/bin/python3
[1.036s] -- Override CMake install command with custom implementation using symlinks instead of copying resources
[1.066s] -- Found rclcpp: 9.2.0 (/opt/ros/galactic/share/rclcpp/cmake)
[1.123s] -- Using all available rosidl_typesupport_c: rosidl_typesupport_fastrtps_c;rosidl_typesupport_introspection_c
[1.130s] -- Found rosidl_adapter: 2.2.1 (/opt/ros/galactic/share/rosidl_adapter/cmake)
[1.235s] -- Found OpenSSL: /usr/lib/x86_64-linux-gnu/libcrypto.so (found version "1.1.1f")  
[1.279s] -- Found FastRTPS: /opt/ros/galactic/include  
[1.394s] -- Using all available rosidl_typesupport_cpp: rosidl_typesupport_fastrtps_cpp;rosidl_typesupport_introspection_cpp
[1.470s] -- Found rmw_implementation_cmake: 3.3.1 (/opt/ros/galactic/share/rmw_implementation_cmake/cmake)
[1.473s] -- Found rmw_fastrtps_cpp: 5.0.1 (/opt/ros/galactic/share/rmw_fastrtps_cpp/cmake)
[1.625s] -- Using RMW implementation 'rmw_fastrtps_cpp' as default
[1.626s] -- Looking for pthread.h
[1.783s] -- Looking for pthread.h - found
[1.783s] -- Performing Test CMAKE_HAVE_LIBC_PTHREAD
[1.929s] -- Performing Test CMAKE_HAVE_LIBC_PTHREAD - Failed
[1.929s] -- Looking for pthread_create in pthreads
[2.063s] -- Looking for pthread_create in pthreads - not found
[2.064s] -- Looking for pthread_create in pthread
[2.127s] -- Looking for pthread_create in pthread - found
[2.128s] -- Found Threads: TRUE  
[2.298s] -- Found tf2: 0.17.2 (/opt/ros/galactic/share/tf2/cmake)
[2.354s] -- Found px4_msgs: 2.0.1 (/root/px4_ros_com_ros2/install/px4_msgs/share/px4_msgs/cmake)
[2.373s] -- Found vicon_receiver: 0.1.1 (/root/px4_ros_com_ros2/install/vicon_receiver/share/vicon_receiver/cmake)
[2.387s] -- Found sensor_msgs: 2.2.3 (/opt/ros/galactic/share/sensor_msgs/cmake)
[2.472s] -- Found eigen3_cmake_module: 0.1.1 (/opt/ros/galactic/share/eigen3_cmake_module/cmake)
[2.501s] -- Found Eigen3: TRUE (found version "3.3.7") 
[2.561s] -- Found tf2_ros: 0.17.2 (/opt/ros/galactic/share/tf2_ros/cmake)
[3.326s] -- Found ament_lint_auto: 0.10.6 (/opt/ros/galactic/share/ament_lint_auto/cmake)
[3.410s] -- Configuring done
[3.425s] -- Generating done
[3.427s] -- Build files have been written to: /root/px4_ros_com_ros2/build/vicon_px4_bridge
[3.439s] Invoked command in '/root/px4_ros_com_ros2/build/vicon_px4_bridge' returned '0': AMENT_PREFIX_PATH=/root/px4_ros_com_ros2/install/vicon_receiver:${AMENT_PREFIX_PATH} CMAKE_PREFIX_PATH=/root/px4_ros_com_ros2/install/vicon_receiver:/root/px4_ros_com_ros2/install/px4_msgs:/root/px4_ros_com_ros2/install/dasc_robot_py:/opt/ros/galactic LD_LIBRARY_PATH=/root/px4_ros_com_ros2/install/vicon_receiver/lib:/root/px4_ros_com_ros2/install/px4_msgs/lib:/opt/ros/galactic/opt/yaml_cpp_vendor/lib:/opt/ros/galactic/opt/rviz_ogre_vendor/lib:/opt/ros/galactic/lib/x86_64-linux-gnu:/opt/ros/galactic/lib:/usr/local/lib/ PYTHONPATH=/root/px4_ros_com_ros2/install/vicon_receiver/lib/python3.8/site-packages:/root/px4_ros_com_ros2/install/px4_msgs/lib/python3.8/site-packages:/opt/ros/galactic/lib/python3.8/site-packages:/root/px4_ros_com_ros2/src/robot-framework-py /usr/bin/cmake /root/px4_ros_com_ros2/src/vicon_px4_bridge -DAMENT_CMAKE_SYMLINK_INSTALL=1 -DCMAKE_INSTALL_PREFIX=/root/px4_ros_com_ros2/install/vicon_px4_bridge
[3.442s] Invoking command in '/root/px4_ros_com_ros2/build/vicon_px4_bridge': AMENT_PREFIX_PATH=/root/px4_ros_com_ros2/install/vicon_receiver:${AMENT_PREFIX_PATH} CMAKE_PREFIX_PATH=/root/px4_ros_com_ros2/install/vicon_receiver:/root/px4_ros_com_ros2/install/px4_msgs:/root/px4_ros_com_ros2/install/dasc_robot_py:/opt/ros/galactic LD_LIBRARY_PATH=/root/px4_ros_com_ros2/install/vicon_receiver/lib:/root/px4_ros_com_ros2/install/px4_msgs/lib:/opt/ros/galactic/opt/yaml_cpp_vendor/lib:/opt/ros/galactic/opt/rviz_ogre_vendor/lib:/opt/ros/galactic/lib/x86_64-linux-gnu:/opt/ros/galactic/lib:/usr/local/lib/ PYTHONPATH=/root/px4_ros_com_ros2/install/vicon_receiver/lib/python3.8/site-packages:/root/px4_ros_com_ros2/install/px4_msgs/lib/python3.8/site-packages:/opt/ros/galactic/lib/python3.8/site-packages:/root/px4_ros_com_ros2/src/robot-framework-py /usr/bin/cmake --build /root/px4_ros_com_ros2/build/vicon_px4_bridge -- -j8 -l8
[3.495s] [35m[1mScanning dependencies of target bridge[0m
[3.589s] [ 50%] [32mBuilding CXX object CMakeFiles/bridge.dir/src/vicon_px4_bridge.cpp.o[0m
[32.040s] [100%] [32m[1mLinking CXX executable bridge[0m
[33.736s] [100%] Built target bridge
[33.761s] Invoked command in '/root/px4_ros_com_ros2/build/vicon_px4_bridge' returned '0': AMENT_PREFIX_PATH=/root/px4_ros_com_ros2/install/vicon_receiver:${AMENT_PREFIX_PATH} CMAKE_PREFIX_PATH=/root/px4_ros_com_ros2/install/vicon_receiver:/root/px4_ros_com_ros2/install/px4_msgs:/root/px4_ros_com_ros2/install/dasc_robot_py:/opt/ros/galactic LD_LIBRARY_PATH=/root/px4_ros_com_ros2/install/vicon_receiver/lib:/root/px4_ros_com_ros2/install/px4_msgs/lib:/opt/ros/galactic/opt/yaml_cpp_vendor/lib:/opt/ros/galactic/opt/rviz_ogre_vendor/lib:/opt/ros/galactic/lib/x86_64-linux-gnu:/opt/ros/galactic/lib:/usr/local/lib/ PYTHONPATH=/root/px4_ros_com_ros2/install/vicon_receiver/lib/python3.8/site-packages:/root/px4_ros_com_ros2/install/px4_msgs/lib/python3.8/site-packages:/opt/ros/galactic/lib/python3.8/site-packages:/root/px4_ros_com_ros2/src/robot-framework-py /usr/bin/cmake --build /root/px4_ros_com_ros2/build/vicon_px4_bridge -- -j8 -l8
[34.102s] Invoking command in '/root/px4_ros_com_ros2/build/vicon_px4_bridge': AMENT_PREFIX_PATH=/root/px4_ros_com_ros2/install/vicon_receiver:${AMENT_PREFIX_PATH} CMAKE_PREFIX_PATH=/root/px4_ros_com_ros2/install/vicon_receiver:/root/px4_ros_com_ros2/install/px4_msgs:/root/px4_ros_com_ros2/install/dasc_robot_py:/opt/ros/galactic LD_LIBRARY_PATH=/root/px4_ros_com_ros2/install/vicon_receiver/lib:/root/px4_ros_com_ros2/install/px4_msgs/lib:/opt/ros/galactic/opt/yaml_cpp_vendor/lib:/opt/ros/galactic/opt/rviz_ogre_vendor/lib:/opt/ros/galactic/lib/x86_64-linux-gnu:/opt/ros/galactic/lib:/usr/local/lib/ PYTHONPATH=/root/px4_ros_com_ros2/install/vicon_receiver/lib/python3.8/site-packages:/root/px4_ros_com_ros2/install/px4_msgs/lib/python3.8/site-packages:/opt/ros/galactic/lib/python3.8/site-packages:/root/px4_ros_com_ros2/src/robot-framework-py /usr/bin/cmake --install /root/px4_ros_com_ros2/build/vicon_px4_bridge
[34.142s] -- Install configuration: ""
[34.146s] -- Execute custom install script
[34.147s] -- Symlinking: /root/px4_ros_com_ros2/install/vicon_px4_bridge/lib/vicon_px4_bridge/bridge
[34.174s] -- Symlinking: /root/px4_ros_com_ros2/install/vicon_px4_bridge/share/vicon_px4_bridge//launch/bridge_launch.py
[34.223s] -- Symlinking: /root/px4_ros_com_ros2/install/vicon_px4_bridge/share/ament_index/resource_index/package_run_dependencies/vicon_px4_bridge
[34.268s] -- Symlinking: /root/px4_ros_com_ros2/install/vicon_px4_bridge/share/ament_index/resource_index/parent_prefix_path/vicon_px4_bridge
[34.315s] -- Symlinking: /root/px4_ros_com_ros2/install/vicon_px4_bridge/share/vicon_px4_bridge/environment/ament_prefix_path.sh
[34.352s] -- Symlinking: /root/px4_ros_com_ros2/install/vicon_px4_bridge/share/vicon_px4_bridge/environment/ament_prefix_path.dsv
[34.390s] -- Symlinking: /root/px4_ros_com_ros2/install/vicon_px4_bridge/share/vicon_px4_bridge/environment/path.sh
[34.409s] -- Symlinking: /root/px4_ros_com_ros2/install/vicon_px4_bridge/share/vicon_px4_bridge/environment/path.dsv
[34.428s] -- Symlinking: /root/px4_ros_com_ros2/install/vicon_px4_bridge/share/vicon_px4_bridge/local_setup.bash
[34.478s] -- Symlinking: /root/px4_ros_com_ros2/install/vicon_px4_bridge/share/vicon_px4_bridge/local_setup.sh
[34.529s] -- Symlinking: /root/px4_ros_com_ros2/install/vicon_px4_bridge/share/vicon_px4_bridge/local_setup.zsh
[34.590s] -- Symlinking: /root/px4_ros_com_ros2/install/vicon_px4_bridge/share/vicon_px4_bridge/local_setup.dsv
[34.639s] -- Symlinking: /root/px4_ros_com_ros2/install/vicon_px4_bridge/share/vicon_px4_bridge/package.dsv
[34.686s] -- Symlinking: /root/px4_ros_com_ros2/install/vicon_px4_bridge/share/ament_index/resource_index/packages/vicon_px4_bridge
[34.740s] -- Symlinking: /root/px4_ros_com_ros2/install/vicon_px4_bridge/share/vicon_px4_bridge/cmake/ament_cmake_export_dependencies-extras.cmake
[34.768s] -- Symlinking: /root/px4_ros_com_ros2/install/vicon_px4_bridge/share/vicon_px4_bridge/cmake/vicon_px4_bridgeConfig.cmake
[34.790s] -- Symlinking: /root/px4_ros_com_ros2/install/vicon_px4_bridge/share/vicon_px4_bridge/cmake/vicon_px4_bridgeConfig-version.cmake
[34.814s] -- Symlinking: /root/px4_ros_com_ros2/install/vicon_px4_bridge/share/vicon_px4_bridge/package.xml
[34.842s] Invoked command in '/root/px4_ros_com_ros2/build/vicon_px4_bridge' returned '0': AMENT_PREFIX_PATH=/root/px4_ros_com_ros2/install/vicon_receiver:${AMENT_PREFIX_PATH} CMAKE_PREFIX_PATH=/root/px4_ros_com_ros2/install/vicon_receiver:/root/px4_ros_com_ros2/install/px4_msgs:/root/px4_ros_com_ros2/install/dasc_robot_py:/opt/ros/galactic LD_LIBRARY_PATH=/root/px4_ros_com_ros2/install/vicon_receiver/lib:/root/px4_ros_com_ros2/install/px4_msgs/lib:/opt/ros/galactic/opt/yaml_cpp_vendor/lib:/opt/ros/galactic/opt/rviz_ogre_vendor/lib:/opt/ros/galactic/lib/x86_64-linux-gnu:/opt/ros/galactic/lib:/usr/local/lib/ PYTHONPATH=/root/px4_ros_com_ros2/install/vicon_receiver/lib/python3.8/site-packages:/root/px4_ros_com_ros2/install/px4_msgs/lib/python3.8/site-packages:/opt/ros/galactic/lib/python3.8/site-packages:/root/px4_ros_com_ros2/src/robot-framework-py /usr/bin/cmake --install /root/px4_ros_com_ros2/build/vicon_px4_bridge
