[0.038s] Invoking command in '/root/px4_ros_com_ros2/build/px4_msgs': CMAKE_PREFIX_PATH=${CMAKE_PREFIX_PATH}:/root/px4_ros_com_ros2/install/dasc_robot_py:/opt/ros/galactic /usr/bin/cmake /root/px4_ros_com_ros2/src/px4_msgs -DAMENT_CMAKE_SYMLINK_INSTALL=1 -DCMAKE_INSTALL_PREFIX=/root/px4_ros_com_ros2/install/px4_msgs
[0.063s] -- Using C++17 compiler
[0.063s] -- Found ament_cmake: 1.1.4 (/opt/ros/galactic/share/ament_cmake/cmake)
[0.093s] -- Using PYTHON_EXECUTABLE: /usr/bin/python3
[0.172s] -- Override CMake install command with custom implementation using symlinks instead of copying resources
[0.203s] -- Found builtin_interfaces: 1.0.3 (/opt/ros/galactic/share/builtin_interfaces/cmake)
[0.234s] -- Using all available rosidl_typesupport_c: rosidl_typesupport_fastrtps_c;rosidl_typesupport_introspection_c
[0.241s] -- Found rosidl_adapter: 2.2.1 (/opt/ros/galactic/share/rosidl_adapter/cmake)
[0.340s] -- Found OpenSSL: /usr/lib/x86_64-linux-gnu/libcrypto.so (found version "1.1.1f")  
[0.380s] -- Found FastRTPS: /opt/ros/galactic/include  
[0.489s] -- Using all available rosidl_typesupport_cpp: rosidl_typesupport_fastrtps_cpp;rosidl_typesupport_introspection_cpp
[0.520s] -- Found rosidl_default_generators: 1.1.1 (/opt/ros/galactic/share/rosidl_default_generators/cmake)
[0.561s] -- Found PythonInterp: /usr/bin/python3 (found version "3.8.10") 
[0.939s] -- Found ament_cmake_cppcheck: 0.10.6 (/opt/ros/galactic/share/ament_cmake_cppcheck/cmake)
[0.941s] -- Found ament_cmake_cpplint: 0.10.6 (/opt/ros/galactic/share/ament_cmake_cpplint/cmake)
[0.944s] -- Found ament_cmake_uncrustify: 0.10.6 (/opt/ros/galactic/share/ament_cmake_uncrustify/cmake)
[0.947s] -- Found ament_cmake_ros: 0.9.2 (/opt/ros/galactic/share/ament_cmake_ros/cmake)
[1.128s] -- Using all available rosidl_typesupport_c: rosidl_typesupport_fastrtps_c;rosidl_typesupport_introspection_c
[1.155s] -- Using all available rosidl_typesupport_cpp: rosidl_typesupport_fastrtps_cpp;rosidl_typesupport_introspection_cpp
[1.185s] -- Found PythonInterp: /usr/bin/python3 (found suitable version "3.8.10", minimum required is "3.5") 
[1.186s] -- Found python_cmake_module: 0.8.1 (/opt/ros/galactic/share/python_cmake_module/cmake)
[1.215s] -- Found PythonLibs: /usr/lib/x86_64-linux-gnu/libpython3.8.so (found suitable version "3.8.10", minimum required is "3.5") 
[1.216s] -- Using PYTHON_EXECUTABLE: /usr/bin/python3
[1.216s] -- Using PYTHON_INCLUDE_DIRS: /usr/include/python3.8
[1.216s] -- Using PYTHON_LIBRARIES: /usr/lib/x86_64-linux-gnu/libpython3.8.so
[1.240s] -- Found PythonExtra: .so  
[1.305s] -- Found ament_cmake_flake8: 0.10.6 (/opt/ros/galactic/share/ament_cmake_flake8/cmake)
[1.307s] -- Found ament_cmake_pep257: 0.10.6 (/opt/ros/galactic/share/ament_cmake_pep257/cmake)
[1.332s] -- Configuring done
[1.440s] -- Generating done
[1.443s] -- Build files have been written to: /root/px4_ros_com_ros2/build/px4_msgs
[1.455s] Invoked command in '/root/px4_ros_com_ros2/build/px4_msgs' returned '0': CMAKE_PREFIX_PATH=${CMAKE_PREFIX_PATH}:/root/px4_ros_com_ros2/install/dasc_robot_py:/opt/ros/galactic /usr/bin/cmake /root/px4_ros_com_ros2/src/px4_msgs -DAMENT_CMAKE_SYMLINK_INSTALL=1 -DCMAKE_INSTALL_PREFIX=/root/px4_ros_com_ros2/install/px4_msgs
[1.459s] Invoking command in '/root/px4_ros_com_ros2/build/px4_msgs': CMAKE_PREFIX_PATH=${CMAKE_PREFIX_PATH}:/root/px4_ros_com_ros2/install/dasc_robot_py:/opt/ros/galactic /usr/bin/cmake --build /root/px4_ros_com_ros2/build/px4_msgs -- -j8 -l8
[1.524s] [  1%] [34m[1mGenerating C code for ROS interfaces[0m
[1.524s] [35m[1mScanning dependencies of target px4_msgs__cpp[0m
[1.539s] [  1%] [34m[1mGenerating C++ code for ROS interfaces[0m
[9.623s] [35m[1mScanning dependencies of target px4_msgs__rosidl_generator_c[0m
[9.662s] [  1%] [32mBuilding C object CMakeFiles/px4_msgs__rosidl_generator_c.dir/rosidl_generator_c/px4_msgs/msg/detail/battery_status__functions.c.o[0m
[9.676s] [  1%] [32mBuilding C object CMakeFiles/px4_msgs__rosidl_generator_c.dir/rosidl_generator_c/px4_msgs/msg/detail/debug_array__functions.c.o[0m
[9.680s] [  2%] [32mBuilding C object CMakeFiles/px4_msgs__rosidl_generator_c.dir/rosidl_generator_c/px4_msgs/msg/detail/debug_key_value__functions.c.o[0m
[9.695s] [  2%] [32mBuilding C object CMakeFiles/px4_msgs__rosidl_generator_c.dir/rosidl_generator_c/px4_msgs/msg/detail/debug_value__functions.c.o[0m
[9.700s] [  3%] [32mBuilding C object CMakeFiles/px4_msgs__rosidl_generator_c.dir/rosidl_generator_c/px4_msgs/msg/detail/debug_vect__functions.c.o[0m
[9.732s] [  3%] [32mBuilding C object CMakeFiles/px4_msgs__rosidl_generator_c.dir/rosidl_generator_c/px4_msgs/msg/detail/external_controller__functions.c.o[0m
[9.815s] [  4%] [32mBuilding C object CMakeFiles/px4_msgs__rosidl_generator_c.dir/rosidl_generator_c/px4_msgs/msg/detail/gps_inject_data__functions.c.o[0m
[9.831s] [  4%] [32mBuilding C object CMakeFiles/px4_msgs__rosidl_generator_c.dir/rosidl_generator_c/px4_msgs/msg/detail/manual_control_setpoint__functions.c.o[0m
[9.852s] [  5%] [32mBuilding C object CMakeFiles/px4_msgs__rosidl_generator_c.dir/rosidl_generator_c/px4_msgs/msg/detail/offboard_control_mode__functions.c.o[0m
[9.878s] [  5%] [32mBuilding C object CMakeFiles/px4_msgs__rosidl_generator_c.dir/rosidl_generator_c/px4_msgs/msg/detail/sensor_combined__functions.c.o[0m
[9.939s] [  5%] [32mBuilding C object CMakeFiles/px4_msgs__rosidl_generator_c.dir/rosidl_generator_c/px4_msgs/msg/detail/sensor_gps__functions.c.o[0m
[9.979s] [  6%] [32mBuilding C object CMakeFiles/px4_msgs__rosidl_generator_c.dir/rosidl_generator_c/px4_msgs/msg/detail/timesync__functions.c.o[0m
[9.994s] [  6%] [32mBuilding C object CMakeFiles/px4_msgs__rosidl_generator_c.dir/rosidl_generator_c/px4_msgs/msg/detail/timesync_status__functions.c.o[0m
[9.998s] [  7%] [32mBuilding C object CMakeFiles/px4_msgs__rosidl_generator_c.dir/rosidl_generator_c/px4_msgs/msg/detail/trajectory_setpoint__functions.c.o[0m
[10.027s] [  7%] [32mBuilding C object CMakeFiles/px4_msgs__rosidl_generator_c.dir/rosidl_generator_c/px4_msgs/msg/detail/vehicle_attitude__functions.c.o[0m
[10.050s] [  8%] [32mBuilding C object CMakeFiles/px4_msgs__rosidl_generator_c.dir/rosidl_generator_c/px4_msgs/msg/detail/vehicle_attitude_setpoint__functions.c.o[0m
[10.058s] [  8%] [32mBuilding C object CMakeFiles/px4_msgs__rosidl_generator_c.dir/rosidl_generator_c/px4_msgs/msg/detail/vehicle_command__functions.c.o[0m
[10.088s] [  9%] [32mBuilding C object CMakeFiles/px4_msgs__rosidl_generator_c.dir/rosidl_generator_c/px4_msgs/msg/detail/vehicle_control_mode__functions.c.o[0m
[10.152s] [  9%] [32mBuilding C object CMakeFiles/px4_msgs__rosidl_generator_c.dir/rosidl_generator_c/px4_msgs/msg/detail/vehicle_gps_position__functions.c.o[0m
[10.169s] [  9%] [32mBuilding C object CMakeFiles/px4_msgs__rosidl_generator_c.dir/rosidl_generator_c/px4_msgs/msg/detail/vehicle_local_position__functions.c.o[0m
[10.180s] [ 10%] [32mBuilding C object CMakeFiles/px4_msgs__rosidl_generator_c.dir/rosidl_generator_c/px4_msgs/msg/detail/vehicle_local_position_setpoint__functions.c.o[0m
[10.186s] [ 10%] [32mBuilding C object CMakeFiles/px4_msgs__rosidl_generator_c.dir/rosidl_generator_c/px4_msgs/msg/detail/vehicle_odometry__functions.c.o[0m
[10.216s] [ 11%] [32mBuilding C object CMakeFiles/px4_msgs__rosidl_generator_c.dir/rosidl_generator_c/px4_msgs/msg/detail/vehicle_rates_setpoint__functions.c.o[0m
[10.221s] [ 11%] [32mBuilding C object CMakeFiles/px4_msgs__rosidl_generator_c.dir/rosidl_generator_c/px4_msgs/msg/detail/vehicle_status__functions.c.o[0m
[10.287s] [ 12%] [32mBuilding C object CMakeFiles/px4_msgs__rosidl_generator_c.dir/rosidl_generator_c/px4_msgs/msg/detail/vehicle_visual_odometry__functions.c.o[0m
[10.404s] [ 12%] [32m[1mLinking C shared library libpx4_msgs__rosidl_generator_c.so[0m
[10.414s] [ 12%] Built target px4_msgs__cpp
[10.434s] [ 14%] [34m[1mGenerating C++ introspection for ROS interfaces[0m
[10.435s] [ 14%] [34m[1mGenerating C++ type support dispatch for ROS interfaces[0m
[10.435s] [ 15%] [34m[1mGenerating C++ type support for eProsima Fast-RTPS[0m
[10.485s] [ 15%] Built target px4_msgs__rosidl_generator_c
[10.510s] [ 16%] [34m[1mGenerating C introspection for ROS interfaces[0m
[10.511s] [ 17%] [34m[1mGenerating C type support dispatch for ROS interfaces[0m
[17.503s] [35m[1mScanning dependencies of target px4_msgs__rosidl_typesupport_cpp[0m
[17.532s] [ 18%] [32mBuilding CXX object CMakeFiles/px4_msgs__rosidl_typesupport_cpp.dir/rosidl_typesupport_cpp/px4_msgs/msg/battery_status__type_support.cpp.o[0m
[17.532s] [ 18%] [32mBuilding CXX object CMakeFiles/px4_msgs__rosidl_typesupport_cpp.dir/rosidl_typesupport_cpp/px4_msgs/msg/debug_array__type_support.cpp.o[0m
[17.533s] [ 18%] [32mBuilding CXX object CMakeFiles/px4_msgs__rosidl_typesupport_cpp.dir/rosidl_typesupport_cpp/px4_msgs/msg/debug_value__type_support.cpp.o[0m
[17.533s] [ 18%] [32mBuilding CXX object CMakeFiles/px4_msgs__rosidl_typesupport_cpp.dir/rosidl_typesupport_cpp/px4_msgs/msg/debug_key_value__type_support.cpp.o[0m
[18.225s] [ 18%] [32mBuilding CXX object CMakeFiles/px4_msgs__rosidl_typesupport_cpp.dir/rosidl_typesupport_cpp/px4_msgs/msg/external_controller__type_support.cpp.o[0m
[18.227s] [ 19%] [32mBuilding CXX object CMakeFiles/px4_msgs__rosidl_typesupport_cpp.dir/rosidl_typesupport_cpp/px4_msgs/msg/debug_vect__type_support.cpp.o[0m
[18.266s] [ 20%] [32mBuilding CXX object CMakeFiles/px4_msgs__rosidl_typesupport_cpp.dir/rosidl_typesupport_cpp/px4_msgs/msg/gps_inject_data__type_support.cpp.o[0m
[18.301s] [ 20%] [32mBuilding CXX object CMakeFiles/px4_msgs__rosidl_typesupport_cpp.dir/rosidl_typesupport_cpp/px4_msgs/msg/manual_control_setpoint__type_support.cpp.o[0m
[18.921s] [ 21%] [32mBuilding CXX object CMakeFiles/px4_msgs__rosidl_typesupport_cpp.dir/rosidl_typesupport_cpp/px4_msgs/msg/offboard_control_mode__type_support.cpp.o[0m
[18.938s] [ 21%] [32mBuilding CXX object CMakeFiles/px4_msgs__rosidl_typesupport_cpp.dir/rosidl_typesupport_cpp/px4_msgs/msg/sensor_combined__type_support.cpp.o[0m
[18.942s] [ 22%] [32mBuilding CXX object CMakeFiles/px4_msgs__rosidl_typesupport_cpp.dir/rosidl_typesupport_cpp/px4_msgs/msg/sensor_gps__type_support.cpp.o[0m
[19.230s] [ 22%] [32mBuilding CXX object CMakeFiles/px4_msgs__rosidl_typesupport_cpp.dir/rosidl_typesupport_cpp/px4_msgs/msg/timesync__type_support.cpp.o[0m
[19.237s] [35m[1mScanning dependencies of target px4_msgs__rosidl_typesupport_introspection_cpp[0m
[19.316s] [ 22%] [32mBuilding CXX object CMakeFiles/px4_msgs__rosidl_typesupport_introspection_cpp.dir/rosidl_typesupport_introspection_cpp/px4_msgs/msg/detail/battery_status__type_support.cpp.o[0m
[19.600s] [ 22%] [32mBuilding CXX object CMakeFiles/px4_msgs__rosidl_typesupport_cpp.dir/rosidl_typesupport_cpp/px4_msgs/msg/timesync_status__type_support.cpp.o[0m
[19.608s] [ 23%] [32mBuilding CXX object CMakeFiles/px4_msgs__rosidl_typesupport_cpp.dir/rosidl_typesupport_cpp/px4_msgs/msg/trajectory_setpoint__type_support.cpp.o[0m
[19.628s] [ 23%] [32mBuilding CXX object CMakeFiles/px4_msgs__rosidl_typesupport_cpp.dir/rosidl_typesupport_cpp/px4_msgs/msg/vehicle_attitude__type_support.cpp.o[0m
[19.897s] [ 24%] [32mBuilding CXX object CMakeFiles/px4_msgs__rosidl_typesupport_cpp.dir/rosidl_typesupport_cpp/px4_msgs/msg/vehicle_attitude_setpoint__type_support.cpp.o[0m
[20.036s] [ 25%] [32mBuilding CXX object CMakeFiles/px4_msgs__rosidl_typesupport_introspection_cpp.dir/rosidl_typesupport_introspection_cpp/px4_msgs/msg/detail/debug_array__type_support.cpp.o[0m
[20.273s] [ 26%] [32mBuilding CXX object CMakeFiles/px4_msgs__rosidl_typesupport_cpp.dir/rosidl_typesupport_cpp/px4_msgs/msg/vehicle_command__type_support.cpp.o[0m
[20.273s] [ 26%] [32mBuilding CXX object CMakeFiles/px4_msgs__rosidl_typesupport_cpp.dir/rosidl_typesupport_cpp/px4_msgs/msg/vehicle_control_mode__type_support.cpp.o[0m
[20.334s] [ 26%] [32mBuilding CXX object CMakeFiles/px4_msgs__rosidl_typesupport_introspection_cpp.dir/rosidl_typesupport_introspection_cpp/px4_msgs/msg/detail/debug_key_value__type_support.cpp.o[0m
[20.637s] [ 26%] [32mBuilding CXX object CMakeFiles/px4_msgs__rosidl_typesupport_cpp.dir/rosidl_typesupport_cpp/px4_msgs/msg/vehicle_gps_position__type_support.cpp.o[0m
[20.726s] [ 27%] [32mBuilding CXX object CMakeFiles/px4_msgs__rosidl_typesupport_introspection_cpp.dir/rosidl_typesupport_introspection_cpp/px4_msgs/msg/detail/debug_value__type_support.cpp.o[0m
[20.955s] [ 28%] [32mBuilding CXX object CMakeFiles/px4_msgs__rosidl_typesupport_cpp.dir/rosidl_typesupport_cpp/px4_msgs/msg/vehicle_local_position__type_support.cpp.o[0m
[20.966s] [ 28%] [32mBuilding CXX object CMakeFiles/px4_msgs__rosidl_typesupport_cpp.dir/rosidl_typesupport_cpp/px4_msgs/msg/vehicle_local_position_setpoint__type_support.cpp.o[0m
[21.079s] [ 28%] [32mBuilding CXX object CMakeFiles/px4_msgs__rosidl_typesupport_introspection_cpp.dir/rosidl_typesupport_introspection_cpp/px4_msgs/msg/detail/debug_vect__type_support.cpp.o[0m
[21.317s] [ 28%] [32mBuilding CXX object CMakeFiles/px4_msgs__rosidl_typesupport_cpp.dir/rosidl_typesupport_cpp/px4_msgs/msg/vehicle_odometry__type_support.cpp.o[0m
[21.388s] [ 29%] [32mBuilding CXX object CMakeFiles/px4_msgs__rosidl_typesupport_introspection_cpp.dir/rosidl_typesupport_introspection_cpp/px4_msgs/msg/detail/external_controller__type_support.cpp.o[0m
[21.661s] [35m[1mScanning dependencies of target px4_msgs__rosidl_typesupport_c[0m
[21.664s] [ 30%] [32mBuilding CXX object CMakeFiles/px4_msgs__rosidl_typesupport_cpp.dir/rosidl_typesupport_cpp/px4_msgs/msg/vehicle_rates_setpoint__type_support.cpp.o[0m
[21.671s] [ 30%] [32mBuilding CXX object CMakeFiles/px4_msgs__rosidl_typesupport_cpp.dir/rosidl_typesupport_cpp/px4_msgs/msg/vehicle_status__type_support.cpp.o[0m
[21.704s] [ 30%] [32mBuilding CXX object CMakeFiles/px4_msgs__rosidl_typesupport_c.dir/rosidl_typesupport_c/px4_msgs/msg/battery_status__type_support.cpp.o[0m
[21.786s] [ 31%] [32mBuilding CXX object CMakeFiles/px4_msgs__rosidl_typesupport_c.dir/rosidl_typesupport_c/px4_msgs/msg/debug_array__type_support.cpp.o[0m
[21.852s] [ 31%] [32mBuilding CXX object CMakeFiles/px4_msgs__rosidl_typesupport_introspection_cpp.dir/rosidl_typesupport_introspection_cpp/px4_msgs/msg/detail/gps_inject_data__type_support.cpp.o[0m
[21.879s] [ 31%] [32mBuilding CXX object CMakeFiles/px4_msgs__rosidl_typesupport_c.dir/rosidl_typesupport_c/px4_msgs/msg/debug_key_value__type_support.cpp.o[0m
[21.944s] [35m[1mScanning dependencies of target px4_msgs__rosidl_typesupport_introspection_c[0m
[21.957s] [ 31%] [32mBuilding CXX object CMakeFiles/px4_msgs__rosidl_typesupport_c.dir/rosidl_typesupport_c/px4_msgs/msg/debug_value__type_support.cpp.o[0m
[21.999s] [ 31%] [32mBuilding C object CMakeFiles/px4_msgs__rosidl_typesupport_introspection_c.dir/rosidl_typesupport_introspection_c/px4_msgs/msg/detail/battery_status__type_support.c.o[0m
[22.016s] [ 32%] [32mBuilding CXX object CMakeFiles/px4_msgs__rosidl_typesupport_cpp.dir/rosidl_typesupport_cpp/px4_msgs/msg/vehicle_visual_odometry__type_support.cpp.o[0m
[22.072s] [ 33%] [32mBuilding CXX object CMakeFiles/px4_msgs__rosidl_typesupport_c.dir/rosidl_typesupport_c/px4_msgs/msg/debug_vect__type_support.cpp.o[0m
[22.130s] [ 33%] [32mBuilding CXX object CMakeFiles/px4_msgs__rosidl_typesupport_introspection_cpp.dir/rosidl_typesupport_introspection_cpp/px4_msgs/msg/detail/manual_control_setpoint__type_support.cpp.o[0m
[22.159s] [ 34%] [32mBuilding C object CMakeFiles/px4_msgs__rosidl_typesupport_introspection_c.dir/rosidl_typesupport_introspection_c/px4_msgs/msg/detail/debug_array__type_support.c.o[0m
[22.168s] [ 34%] [32mBuilding CXX object CMakeFiles/px4_msgs__rosidl_typesupport_c.dir/rosidl_typesupport_c/px4_msgs/msg/external_controller__type_support.cpp.o[0m
[22.262s] [ 35%] [32mBuilding CXX object CMakeFiles/px4_msgs__rosidl_typesupport_c.dir/rosidl_typesupport_c/px4_msgs/msg/gps_inject_data__type_support.cpp.o[0m
[22.274s] [ 35%] [32mBuilding C object CMakeFiles/px4_msgs__rosidl_typesupport_introspection_c.dir/rosidl_typesupport_introspection_c/px4_msgs/msg/detail/debug_key_value__type_support.c.o[0m
[22.365s] [ 35%] [32mBuilding CXX object CMakeFiles/px4_msgs__rosidl_typesupport_c.dir/rosidl_typesupport_c/px4_msgs/msg/manual_control_setpoint__type_support.cpp.o[0m
[22.365s] [ 36%] [32mBuilding C object CMakeFiles/px4_msgs__rosidl_typesupport_introspection_c.dir/rosidl_typesupport_introspection_c/px4_msgs/msg/detail/debug_value__type_support.c.o[0m
[22.390s] [ 36%] [32mBuilding C object CMakeFiles/px4_msgs__rosidl_typesupport_introspection_c.dir/rosidl_typesupport_introspection_c/px4_msgs/msg/detail/debug_vect__type_support.c.o[0m
[22.435s] [ 37%] [32mBuilding C object CMakeFiles/px4_msgs__rosidl_typesupport_introspection_c.dir/rosidl_typesupport_introspection_c/px4_msgs/msg/detail/external_controller__type_support.c.o[0m
[22.445s] [ 38%] [32mBuilding CXX object CMakeFiles/px4_msgs__rosidl_typesupport_c.dir/rosidl_typesupport_c/px4_msgs/msg/offboard_control_mode__type_support.cpp.o[0m
[22.458s] [ 38%] [32mBuilding C object CMakeFiles/px4_msgs__rosidl_typesupport_introspection_c.dir/rosidl_typesupport_introspection_c/px4_msgs/msg/detail/gps_inject_data__type_support.c.o[0m
[22.483s] [ 38%] [32mBuilding C object CMakeFiles/px4_msgs__rosidl_typesupport_introspection_c.dir/rosidl_typesupport_introspection_c/px4_msgs/msg/detail/manual_control_setpoint__type_support.c.o[0m
[22.529s] [ 38%] [32mBuilding CXX object CMakeFiles/px4_msgs__rosidl_typesupport_c.dir/rosidl_typesupport_c/px4_msgs/msg/sensor_combined__type_support.cpp.o[0m
[22.533s] [ 39%] [32mBuilding C object CMakeFiles/px4_msgs__rosidl_typesupport_introspection_c.dir/rosidl_typesupport_introspection_c/px4_msgs/msg/detail/offboard_control_mode__type_support.c.o[0m
[22.554s] [ 39%] [32mBuilding C object CMakeFiles/px4_msgs__rosidl_typesupport_introspection_c.dir/rosidl_typesupport_introspection_c/px4_msgs/msg/detail/sensor_combined__type_support.c.o[0m
[22.579s] [ 40%] [32mBuilding C object CMakeFiles/px4_msgs__rosidl_typesupport_introspection_c.dir/rosidl_typesupport_introspection_c/px4_msgs/msg/detail/sensor_gps__type_support.c.o[0m
[22.616s] [ 41%] [32mBuilding CXX object CMakeFiles/px4_msgs__rosidl_typesupport_introspection_cpp.dir/rosidl_typesupport_introspection_cpp/px4_msgs/msg/detail/offboard_control_mode__type_support.cpp.o[0m
[22.623s] [ 42%] [32mBuilding CXX object CMakeFiles/px4_msgs__rosidl_typesupport_c.dir/rosidl_typesupport_c/px4_msgs/msg/sensor_gps__type_support.cpp.o[0m
[22.639s] [ 42%] [32mBuilding C object CMakeFiles/px4_msgs__rosidl_typesupport_introspection_c.dir/rosidl_typesupport_introspection_c/px4_msgs/msg/detail/timesync__type_support.c.o[0m
[22.687s] [ 43%] [32mBuilding C object CMakeFiles/px4_msgs__rosidl_typesupport_introspection_c.dir/rosidl_typesupport_introspection_c/px4_msgs/msg/detail/timesync_status__type_support.c.o[0m
[22.720s] [ 43%] [32mBuilding CXX object CMakeFiles/px4_msgs__rosidl_typesupport_c.dir/rosidl_typesupport_c/px4_msgs/msg/timesync__type_support.cpp.o[0m
[22.738s] [ 43%] [32mBuilding C object CMakeFiles/px4_msgs__rosidl_typesupport_introspection_c.dir/rosidl_typesupport_introspection_c/px4_msgs/msg/detail/trajectory_setpoint__type_support.c.o[0m
[22.790s] [ 44%] [32mBuilding C object CMakeFiles/px4_msgs__rosidl_typesupport_introspection_c.dir/rosidl_typesupport_introspection_c/px4_msgs/msg/detail/vehicle_attitude__type_support.c.o[0m
[22.807s] [ 44%] [32mBuilding C object CMakeFiles/px4_msgs__rosidl_typesupport_introspection_c.dir/rosidl_typesupport_introspection_c/px4_msgs/msg/detail/vehicle_attitude_setpoint__type_support.c.o[0m
[22.855s] [ 44%] [32mBuilding CXX object CMakeFiles/px4_msgs__rosidl_typesupport_c.dir/rosidl_typesupport_c/px4_msgs/msg/timesync_status__type_support.cpp.o[0m
[22.859s] [ 44%] [32mBuilding C object CMakeFiles/px4_msgs__rosidl_typesupport_introspection_c.dir/rosidl_typesupport_introspection_c/px4_msgs/msg/detail/vehicle_command__type_support.c.o[0m
[22.902s] [ 45%] [32mBuilding CXX object CMakeFiles/px4_msgs__rosidl_typesupport_c.dir/rosidl_typesupport_c/px4_msgs/msg/trajectory_setpoint__type_support.cpp.o[0m
[22.909s] [ 45%] [32m[1mLinking CXX shared library libpx4_msgs__rosidl_typesupport_cpp.so[0m
[22.948s] [ 46%] [32mBuilding C object CMakeFiles/px4_msgs__rosidl_typesupport_introspection_c.dir/rosidl_typesupport_introspection_c/px4_msgs/msg/detail/vehicle_control_mode__type_support.c.o[0m
[22.978s] [ 46%] [32mBuilding CXX object CMakeFiles/px4_msgs__rosidl_typesupport_introspection_cpp.dir/rosidl_typesupport_introspection_cpp/px4_msgs/msg/detail/sensor_combined__type_support.cpp.o[0m
[22.978s] [ 46%] [32mBuilding CXX object CMakeFiles/px4_msgs__rosidl_typesupport_c.dir/rosidl_typesupport_c/px4_msgs/msg/vehicle_attitude__type_support.cpp.o[0m
[22.983s] [ 46%] [32mBuilding C object CMakeFiles/px4_msgs__rosidl_typesupport_introspection_c.dir/rosidl_typesupport_introspection_c/px4_msgs/msg/detail/vehicle_gps_position__type_support.c.o[0m
[23.023s] [ 47%] [32mBuilding C object CMakeFiles/px4_msgs__rosidl_typesupport_introspection_c.dir/rosidl_typesupport_introspection_c/px4_msgs/msg/detail/vehicle_local_position__type_support.c.o[0m
[23.034s] [ 47%] Built target px4_msgs__rosidl_typesupport_cpp
[23.043s] [ 47%] [32mBuilding C object CMakeFiles/px4_msgs__rosidl_typesupport_introspection_c.dir/rosidl_typesupport_introspection_c/px4_msgs/msg/detail/vehicle_local_position_setpoint__type_support.c.o[0m
[23.062s] [ 48%] [32mBuilding CXX object CMakeFiles/px4_msgs__rosidl_typesupport_c.dir/rosidl_typesupport_c/px4_msgs/msg/vehicle_attitude_setpoint__type_support.cpp.o[0m
[23.063s] [ 48%] [32mBuilding CXX object CMakeFiles/px4_msgs__rosidl_typesupport_c.dir/rosidl_typesupport_c/px4_msgs/msg/vehicle_command__type_support.cpp.o[0m
[23.099s] [ 49%] [32mBuilding C object CMakeFiles/px4_msgs__rosidl_typesupport_introspection_c.dir/rosidl_typesupport_introspection_c/px4_msgs/msg/detail/vehicle_odometry__type_support.c.o[0m
[23.131s] [ 49%] [32mBuilding C object CMakeFiles/px4_msgs__rosidl_typesupport_introspection_c.dir/rosidl_typesupport_introspection_c/px4_msgs/msg/detail/vehicle_rates_setpoint__type_support.c.o[0m
[23.142s] [ 50%] [32mBuilding C object CMakeFiles/px4_msgs__rosidl_typesupport_introspection_c.dir/rosidl_typesupport_introspection_c/px4_msgs/msg/detail/vehicle_status__type_support.c.o[0m
[23.145s] [ 51%] [32mBuilding CXX object CMakeFiles/px4_msgs__rosidl_typesupport_c.dir/rosidl_typesupport_c/px4_msgs/msg/vehicle_control_mode__type_support.cpp.o[0m
[23.160s] [ 51%] [32mBuilding C object CMakeFiles/px4_msgs__rosidl_typesupport_introspection_c.dir/rosidl_typesupport_introspection_c/px4_msgs/msg/detail/vehicle_visual_odometry__type_support.c.o[0m
[23.201s] [ 51%] [32mBuilding CXX object CMakeFiles/px4_msgs__rosidl_typesupport_c.dir/rosidl_typesupport_c/px4_msgs/msg/vehicle_gps_position__type_support.cpp.o[0m
[23.234s] [ 52%] [32mBuilding CXX object CMakeFiles/px4_msgs__rosidl_typesupport_c.dir/rosidl_typesupport_c/px4_msgs/msg/vehicle_local_position__type_support.cpp.o[0m
[23.264s] [ 53%] [32mBuilding CXX object CMakeFiles/px4_msgs__rosidl_typesupport_introspection_cpp.dir/rosidl_typesupport_introspection_cpp/px4_msgs/msg/detail/sensor_gps__type_support.cpp.o[0m
[23.269s] [ 53%] [32mBuilding CXX object CMakeFiles/px4_msgs__rosidl_typesupport_c.dir/rosidl_typesupport_c/px4_msgs/msg/vehicle_local_position_setpoint__type_support.cpp.o[0m
[23.269s] [ 53%] [32m[1mLinking C shared library libpx4_msgs__rosidl_typesupport_introspection_c.so[0m
[23.322s] [ 53%] [32mBuilding CXX object CMakeFiles/px4_msgs__rosidl_typesupport_c.dir/rosidl_typesupport_c/px4_msgs/msg/vehicle_odometry__type_support.cpp.o[0m
[23.334s] [ 54%] [32mBuilding CXX object CMakeFiles/px4_msgs__rosidl_typesupport_c.dir/rosidl_typesupport_c/px4_msgs/msg/vehicle_rates_setpoint__type_support.cpp.o[0m
[23.343s] [ 54%] [32mBuilding CXX object CMakeFiles/px4_msgs__rosidl_typesupport_c.dir/rosidl_typesupport_c/px4_msgs/msg/vehicle_status__type_support.cpp.o[0m
[23.360s] [ 54%] Built target px4_msgs__rosidl_typesupport_introspection_c
[23.365s] [ 55%] [32mBuilding CXX object CMakeFiles/px4_msgs__rosidl_typesupport_c.dir/rosidl_typesupport_c/px4_msgs/msg/vehicle_visual_odometry__type_support.cpp.o[0m
[23.380s] [ 55%] [32mBuilding CXX object CMakeFiles/px4_msgs__rosidl_typesupport_introspection_cpp.dir/rosidl_typesupport_introspection_cpp/px4_msgs/msg/detail/timesync__type_support.cpp.o[0m
[23.448s] [ 55%] [32m[1mLinking CXX shared library libpx4_msgs__rosidl_typesupport_c.so[0m
[23.452s] [ 56%] [32mBuilding CXX object CMakeFiles/px4_msgs__rosidl_typesupport_introspection_cpp.dir/rosidl_typesupport_introspection_cpp/px4_msgs/msg/detail/timesync_status__type_support.cpp.o[0m
[23.461s] [ 57%] [32mBuilding CXX object CMakeFiles/px4_msgs__rosidl_typesupport_introspection_cpp.dir/rosidl_typesupport_introspection_cpp/px4_msgs/msg/detail/vehicle_attitude__type_support.cpp.o[0m
[23.461s] [ 57%] [32mBuilding CXX object CMakeFiles/px4_msgs__rosidl_typesupport_introspection_cpp.dir/rosidl_typesupport_introspection_cpp/px4_msgs/msg/detail/trajectory_setpoint__type_support.cpp.o[0m
[23.469s] [35m[1mScanning dependencies of target px4_msgs__rosidl_typesupport_fastrtps_cpp[0m
[23.538s] [ 57%] [32mBuilding CXX object CMakeFiles/px4_msgs__rosidl_typesupport_fastrtps_cpp.dir/rosidl_typesupport_fastrtps_cpp/px4_msgs/msg/detail/dds_fastrtps/battery_status__type_support.cpp.o[0m
[23.555s] [ 57%] Built target px4_msgs__rosidl_typesupport_c
[23.573s] [ 57%] [32mBuilding CXX object CMakeFiles/px4_msgs__rosidl_typesupport_introspection_cpp.dir/rosidl_typesupport_introspection_cpp/px4_msgs/msg/detail/vehicle_attitude_setpoint__type_support.cpp.o[0m
[23.701s] [ 57%] [32mBuilding CXX object CMakeFiles/px4_msgs__rosidl_typesupport_introspection_cpp.dir/rosidl_typesupport_introspection_cpp/px4_msgs/msg/detail/vehicle_command__type_support.cpp.o[0m
[23.983s] [ 58%] [32mBuilding CXX object CMakeFiles/px4_msgs__rosidl_typesupport_introspection_cpp.dir/rosidl_typesupport_introspection_cpp/px4_msgs/msg/detail/vehicle_control_mode__type_support.cpp.o[0m
[24.135s] [ 58%] [32mBuilding CXX object CMakeFiles/px4_msgs__rosidl_typesupport_introspection_cpp.dir/rosidl_typesupport_introspection_cpp/px4_msgs/msg/detail/vehicle_gps_position__type_support.cpp.o[0m
[24.165s] [ 59%] [32mBuilding CXX object CMakeFiles/px4_msgs__rosidl_typesupport_introspection_cpp.dir/rosidl_typesupport_introspection_cpp/px4_msgs/msg/detail/vehicle_local_position__type_support.cpp.o[0m
[24.208s] [ 59%] [32mBuilding CXX object CMakeFiles/px4_msgs__rosidl_typesupport_introspection_cpp.dir/rosidl_typesupport_introspection_cpp/px4_msgs/msg/detail/vehicle_local_position_setpoint__type_support.cpp.o[0m
[24.222s] [ 60%] [32mBuilding CXX object CMakeFiles/px4_msgs__rosidl_typesupport_introspection_cpp.dir/rosidl_typesupport_introspection_cpp/px4_msgs/msg/detail/vehicle_odometry__type_support.cpp.o[0m
[24.296s] [ 60%] [32mBuilding CXX object CMakeFiles/px4_msgs__rosidl_typesupport_introspection_cpp.dir/rosidl_typesupport_introspection_cpp/px4_msgs/msg/detail/vehicle_rates_setpoint__type_support.cpp.o[0m
[24.401s] [ 61%] [32mBuilding CXX object CMakeFiles/px4_msgs__rosidl_typesupport_introspection_cpp.dir/rosidl_typesupport_introspection_cpp/px4_msgs/msg/detail/vehicle_status__type_support.cpp.o[0m
[24.737s] [ 62%] [32mBuilding CXX object CMakeFiles/px4_msgs__rosidl_typesupport_fastrtps_cpp.dir/rosidl_typesupport_fastrtps_cpp/px4_msgs/msg/detail/dds_fastrtps/debug_array__type_support.cpp.o[0m
[24.740s] [ 62%] [32mBuilding CXX object CMakeFiles/px4_msgs__rosidl_typesupport_introspection_cpp.dir/rosidl_typesupport_introspection_cpp/px4_msgs/msg/detail/vehicle_visual_odometry__type_support.cpp.o[0m
[24.836s] [ 62%] [32mBuilding CXX object CMakeFiles/px4_msgs__rosidl_typesupport_fastrtps_cpp.dir/rosidl_typesupport_fastrtps_cpp/px4_msgs/msg/detail/dds_fastrtps/debug_key_value__type_support.cpp.o[0m
[24.935s] [ 63%] [32mBuilding CXX object CMakeFiles/px4_msgs__rosidl_typesupport_fastrtps_cpp.dir/rosidl_typesupport_fastrtps_cpp/px4_msgs/msg/detail/dds_fastrtps/debug_value__type_support.cpp.o[0m
[24.945s] [ 63%] [32mBuilding CXX object CMakeFiles/px4_msgs__rosidl_typesupport_fastrtps_cpp.dir/rosidl_typesupport_fastrtps_cpp/px4_msgs/msg/detail/dds_fastrtps/debug_vect__type_support.cpp.o[0m
[24.976s] [ 63%] [32mBuilding CXX object CMakeFiles/px4_msgs__rosidl_typesupport_fastrtps_cpp.dir/rosidl_typesupport_fastrtps_cpp/px4_msgs/msg/detail/dds_fastrtps/external_controller__type_support.cpp.o[0m
[25.031s] [ 64%] [32mBuilding CXX object CMakeFiles/px4_msgs__rosidl_typesupport_fastrtps_cpp.dir/rosidl_typesupport_fastrtps_cpp/px4_msgs/msg/detail/dds_fastrtps/gps_inject_data__type_support.cpp.o[0m
[25.102s] [ 64%] [32mBuilding CXX object CMakeFiles/px4_msgs__rosidl_typesupport_fastrtps_cpp.dir/rosidl_typesupport_fastrtps_cpp/px4_msgs/msg/detail/dds_fastrtps/manual_control_setpoint__type_support.cpp.o[0m
[25.516s] [ 65%] [32m[1mLinking CXX shared library libpx4_msgs__rosidl_typesupport_introspection_cpp.so[0m
[25.721s] [ 65%] Built target px4_msgs__rosidl_typesupport_introspection_cpp
[25.740s] [ 66%] [32mBuilding CXX object CMakeFiles/px4_msgs__rosidl_typesupport_fastrtps_cpp.dir/rosidl_typesupport_fastrtps_cpp/px4_msgs/msg/detail/dds_fastrtps/offboard_control_mode__type_support.cpp.o[0m
[25.837s] [ 66%] [32mBuilding CXX object CMakeFiles/px4_msgs__rosidl_typesupport_fastrtps_cpp.dir/rosidl_typesupport_fastrtps_cpp/px4_msgs/msg/detail/dds_fastrtps/sensor_combined__type_support.cpp.o[0m
[25.863s] [ 67%] [32mBuilding CXX object CMakeFiles/px4_msgs__rosidl_typesupport_fastrtps_cpp.dir/rosidl_typesupport_fastrtps_cpp/px4_msgs/msg/detail/dds_fastrtps/sensor_gps__type_support.cpp.o[0m
[25.946s] [ 67%] [32mBuilding CXX object CMakeFiles/px4_msgs__rosidl_typesupport_fastrtps_cpp.dir/rosidl_typesupport_fastrtps_cpp/px4_msgs/msg/detail/dds_fastrtps/timesync__type_support.cpp.o[0m
[26.006s] [ 68%] [32mBuilding CXX object CMakeFiles/px4_msgs__rosidl_typesupport_fastrtps_cpp.dir/rosidl_typesupport_fastrtps_cpp/px4_msgs/msg/detail/dds_fastrtps/timesync_status__type_support.cpp.o[0m
[26.045s] [ 68%] [32mBuilding CXX object CMakeFiles/px4_msgs__rosidl_typesupport_fastrtps_cpp.dir/rosidl_typesupport_fastrtps_cpp/px4_msgs/msg/detail/dds_fastrtps/trajectory_setpoint__type_support.cpp.o[0m
[26.167s] [ 68%] [32mBuilding CXX object CMakeFiles/px4_msgs__rosidl_typesupport_fastrtps_cpp.dir/rosidl_typesupport_fastrtps_cpp/px4_msgs/msg/detail/dds_fastrtps/vehicle_attitude__type_support.cpp.o[0m
[26.183s] [ 69%] [32mBuilding CXX object CMakeFiles/px4_msgs__rosidl_typesupport_fastrtps_cpp.dir/rosidl_typesupport_fastrtps_cpp/px4_msgs/msg/detail/dds_fastrtps/vehicle_attitude_setpoint__type_support.cpp.o[0m
[26.775s] [ 69%] [32mBuilding CXX object CMakeFiles/px4_msgs__rosidl_typesupport_fastrtps_cpp.dir/rosidl_typesupport_fastrtps_cpp/px4_msgs/msg/detail/dds_fastrtps/vehicle_command__type_support.cpp.o[0m
[26.906s] [ 70%] [32mBuilding CXX object CMakeFiles/px4_msgs__rosidl_typesupport_fastrtps_cpp.dir/rosidl_typesupport_fastrtps_cpp/px4_msgs/msg/detail/dds_fastrtps/vehicle_control_mode__type_support.cpp.o[0m
[26.948s] [ 70%] [32mBuilding CXX object CMakeFiles/px4_msgs__rosidl_typesupport_fastrtps_cpp.dir/rosidl_typesupport_fastrtps_cpp/px4_msgs/msg/detail/dds_fastrtps/vehicle_gps_position__type_support.cpp.o[0m
[26.971s] [ 71%] [32mBuilding CXX object CMakeFiles/px4_msgs__rosidl_typesupport_fastrtps_cpp.dir/rosidl_typesupport_fastrtps_cpp/px4_msgs/msg/detail/dds_fastrtps/vehicle_local_position__type_support.cpp.o[0m
[27.100s] [ 71%] [32mBuilding CXX object CMakeFiles/px4_msgs__rosidl_typesupport_fastrtps_cpp.dir/rosidl_typesupport_fastrtps_cpp/px4_msgs/msg/detail/dds_fastrtps/vehicle_local_position_setpoint__type_support.cpp.o[0m
[27.152s] [ 72%] [32mBuilding CXX object CMakeFiles/px4_msgs__rosidl_typesupport_fastrtps_cpp.dir/rosidl_typesupport_fastrtps_cpp/px4_msgs/msg/detail/dds_fastrtps/vehicle_odometry__type_support.cpp.o[0m
[27.190s] [ 72%] [32mBuilding CXX object CMakeFiles/px4_msgs__rosidl_typesupport_fastrtps_cpp.dir/rosidl_typesupport_fastrtps_cpp/px4_msgs/msg/detail/dds_fastrtps/vehicle_rates_setpoint__type_support.cpp.o[0m
[27.244s] [ 72%] [32mBuilding CXX object CMakeFiles/px4_msgs__rosidl_typesupport_fastrtps_cpp.dir/rosidl_typesupport_fastrtps_cpp/px4_msgs/msg/detail/dds_fastrtps/vehicle_status__type_support.cpp.o[0m
[27.957s] [ 73%] [32mBuilding CXX object CMakeFiles/px4_msgs__rosidl_typesupport_fastrtps_cpp.dir/rosidl_typesupport_fastrtps_cpp/px4_msgs/msg/detail/dds_fastrtps/vehicle_visual_odometry__type_support.cpp.o[0m
[28.696s] [ 73%] [32m[1mLinking CXX shared library libpx4_msgs__rosidl_typesupport_fastrtps_cpp.so[0m
[28.829s] [ 73%] Built target px4_msgs__rosidl_typesupport_fastrtps_cpp
[28.844s] [ 74%] [34m[1mGenerating C type support for eProsima Fast-RTPS[0m
[34.592s] [35m[1mScanning dependencies of target px4_msgs__rosidl_typesupport_fastrtps_c[0m
[34.640s] [ 74%] [32mBuilding CXX object CMakeFiles/px4_msgs__rosidl_typesupport_fastrtps_c.dir/rosidl_typesupport_fastrtps_c/px4_msgs/msg/detail/debug_key_value__type_support_c.cpp.o[0m
[34.640s] [ 75%] [32mBuilding CXX object CMakeFiles/px4_msgs__rosidl_typesupport_fastrtps_c.dir/rosidl_typesupport_fastrtps_c/px4_msgs/msg/detail/debug_array__type_support_c.cpp.o[0m
[34.641s] [ 76%] [32mBuilding CXX object CMakeFiles/px4_msgs__rosidl_typesupport_fastrtps_c.dir/rosidl_typesupport_fastrtps_c/px4_msgs/msg/detail/debug_value__type_support_c.cpp.o[0m
[34.642s] [ 76%] [32mBuilding CXX object CMakeFiles/px4_msgs__rosidl_typesupport_fastrtps_c.dir/rosidl_typesupport_fastrtps_c/px4_msgs/msg/detail/debug_vect__type_support_c.cpp.o[0m
[34.642s] [ 76%] [32mBuilding CXX object CMakeFiles/px4_msgs__rosidl_typesupport_fastrtps_c.dir/rosidl_typesupport_fastrtps_c/px4_msgs/msg/detail/manual_control_setpoint__type_support_c.cpp.o[0m
[34.642s] [ 76%] [32mBuilding CXX object CMakeFiles/px4_msgs__rosidl_typesupport_fastrtps_c.dir/rosidl_typesupport_fastrtps_c/px4_msgs/msg/detail/battery_status__type_support_c.cpp.o[0m
[34.642s] [ 76%] [32mBuilding CXX object CMakeFiles/px4_msgs__rosidl_typesupport_fastrtps_c.dir/rosidl_typesupport_fastrtps_c/px4_msgs/msg/detail/external_controller__type_support_c.cpp.o[0m
[34.645s] [ 77%] [32mBuilding CXX object CMakeFiles/px4_msgs__rosidl_typesupport_fastrtps_c.dir/rosidl_typesupport_fastrtps_c/px4_msgs/msg/detail/gps_inject_data__type_support_c.cpp.o[0m
[35.473s] [ 78%] [32mBuilding CXX object CMakeFiles/px4_msgs__rosidl_typesupport_fastrtps_c.dir/rosidl_typesupport_fastrtps_c/px4_msgs/msg/detail/offboard_control_mode__type_support_c.cpp.o[0m
[35.482s] [ 78%] [32mBuilding CXX object CMakeFiles/px4_msgs__rosidl_typesupport_fastrtps_c.dir/rosidl_typesupport_fastrtps_c/px4_msgs/msg/detail/sensor_combined__type_support_c.cpp.o[0m
[35.486s] [ 79%] [32mBuilding CXX object CMakeFiles/px4_msgs__rosidl_typesupport_fastrtps_c.dir/rosidl_typesupport_fastrtps_c/px4_msgs/msg/detail/sensor_gps__type_support_c.cpp.o[0m
[35.487s] [ 79%] [32mBuilding CXX object CMakeFiles/px4_msgs__rosidl_typesupport_fastrtps_c.dir/rosidl_typesupport_fastrtps_c/px4_msgs/msg/detail/timesync__type_support_c.cpp.o[0m
[35.505s] [ 80%] [32mBuilding CXX object CMakeFiles/px4_msgs__rosidl_typesupport_fastrtps_c.dir/rosidl_typesupport_fastrtps_c/px4_msgs/msg/detail/timesync_status__type_support_c.cpp.o[0m
[35.537s] [ 80%] [32mBuilding CXX object CMakeFiles/px4_msgs__rosidl_typesupport_fastrtps_c.dir/rosidl_typesupport_fastrtps_c/px4_msgs/msg/detail/trajectory_setpoint__type_support_c.cpp.o[0m
[35.550s] [ 80%] [32mBuilding CXX object CMakeFiles/px4_msgs__rosidl_typesupport_fastrtps_c.dir/rosidl_typesupport_fastrtps_c/px4_msgs/msg/detail/vehicle_attitude__type_support_c.cpp.o[0m
[35.554s] [ 81%] [32mBuilding CXX object CMakeFiles/px4_msgs__rosidl_typesupport_fastrtps_c.dir/rosidl_typesupport_fastrtps_c/px4_msgs/msg/detail/vehicle_attitude_setpoint__type_support_c.cpp.o[0m
[36.338s] [ 81%] [32mBuilding CXX object CMakeFiles/px4_msgs__rosidl_typesupport_fastrtps_c.dir/rosidl_typesupport_fastrtps_c/px4_msgs/msg/detail/vehicle_command__type_support_c.cpp.o[0m
[36.340s] [ 82%] [32mBuilding CXX object CMakeFiles/px4_msgs__rosidl_typesupport_fastrtps_c.dir/rosidl_typesupport_fastrtps_c/px4_msgs/msg/detail/vehicle_control_mode__type_support_c.cpp.o[0m
[36.353s] [ 82%] [32mBuilding CXX object CMakeFiles/px4_msgs__rosidl_typesupport_fastrtps_c.dir/rosidl_typesupport_fastrtps_c/px4_msgs/msg/detail/vehicle_gps_position__type_support_c.cpp.o[0m
[36.360s] [ 83%] [32mBuilding CXX object CMakeFiles/px4_msgs__rosidl_typesupport_fastrtps_c.dir/rosidl_typesupport_fastrtps_c/px4_msgs/msg/detail/vehicle_local_position__type_support_c.cpp.o[0m
[36.387s] [ 83%] [32mBuilding CXX object CMakeFiles/px4_msgs__rosidl_typesupport_fastrtps_c.dir/rosidl_typesupport_fastrtps_c/px4_msgs/msg/detail/vehicle_local_position_setpoint__type_support_c.cpp.o[0m
[36.403s] [ 84%] [32mBuilding CXX object CMakeFiles/px4_msgs__rosidl_typesupport_fastrtps_c.dir/rosidl_typesupport_fastrtps_c/px4_msgs/msg/detail/vehicle_odometry__type_support_c.cpp.o[0m
[36.441s] [ 84%] [32mBuilding CXX object CMakeFiles/px4_msgs__rosidl_typesupport_fastrtps_c.dir/rosidl_typesupport_fastrtps_c/px4_msgs/msg/detail/vehicle_rates_setpoint__type_support_c.cpp.o[0m
[36.445s] [ 84%] [32mBuilding CXX object CMakeFiles/px4_msgs__rosidl_typesupport_fastrtps_c.dir/rosidl_typesupport_fastrtps_c/px4_msgs/msg/detail/vehicle_status__type_support_c.cpp.o[0m
[37.243s] [ 85%] [32mBuilding CXX object CMakeFiles/px4_msgs__rosidl_typesupport_fastrtps_c.dir/rosidl_typesupport_fastrtps_c/px4_msgs/msg/detail/vehicle_visual_odometry__type_support_c.cpp.o[0m
[37.762s] [ 85%] [32m[1mLinking CXX shared library libpx4_msgs__rosidl_typesupport_fastrtps_c.so[0m
[37.887s] [ 85%] Built target px4_msgs__rosidl_typesupport_fastrtps_c
[37.899s] [35m[1mScanning dependencies of target px4_msgs[0m
[37.913s] [ 85%] Built target px4_msgs
[37.928s] [35m[1mScanning dependencies of target px4_msgs__py[0m
[37.942s] [ 85%] [34m[1mGenerating Python code for ROS interfaces[0m
[49.915s] [ 85%] Built target px4_msgs__py
[49.928s] [35m[1mScanning dependencies of target px4_msgs__python[0m
[50.009s] [ 87%] [32mBuilding C object CMakeFiles/px4_msgs__python.dir/rosidl_generator_py/px4_msgs/msg/_battery_status_s.c.o[0m
[50.009s] [ 87%] [32mBuilding C object CMakeFiles/px4_msgs__python.dir/rosidl_generator_py/px4_msgs/msg/_debug_key_value_s.c.o[0m
[50.009s] [ 87%] [32mBuilding C object CMakeFiles/px4_msgs__python.dir/rosidl_generator_py/px4_msgs/msg/_debug_value_s.c.o[0m
[50.009s] [ 87%] [32mBuilding C object CMakeFiles/px4_msgs__python.dir/rosidl_generator_py/px4_msgs/msg/_debug_array_s.c.o[0m
[50.009s] [ 87%] [32mBuilding C object CMakeFiles/px4_msgs__python.dir/rosidl_generator_py/px4_msgs/msg/_external_controller_s.c.o[0m
[50.010s] [ 88%] [32mBuilding C object CMakeFiles/px4_msgs__python.dir/rosidl_generator_py/px4_msgs/msg/_gps_inject_data_s.c.o[0m
[50.011s] [ 89%] [32mBuilding C object CMakeFiles/px4_msgs__python.dir/rosidl_generator_py/px4_msgs/msg/_debug_vect_s.c.o[0m
[50.013s] [ 89%] [32mBuilding C object CMakeFiles/px4_msgs__python.dir/rosidl_generator_py/px4_msgs/msg/_manual_control_setpoint_s.c.o[0m
[50.274s] [ 89%] [32mBuilding C object CMakeFiles/px4_msgs__python.dir/rosidl_generator_py/px4_msgs/msg/_offboard_control_mode_s.c.o[0m
[50.276s] [ 90%] [32mBuilding C object CMakeFiles/px4_msgs__python.dir/rosidl_generator_py/px4_msgs/msg/_sensor_combined_s.c.o[0m
[50.299s] [ 90%] [32mBuilding C object CMakeFiles/px4_msgs__python.dir/rosidl_generator_py/px4_msgs/msg/_sensor_gps_s.c.o[0m
[50.299s] [ 91%] [32mBuilding C object CMakeFiles/px4_msgs__python.dir/rosidl_generator_py/px4_msgs/msg/_timesync_s.c.o[0m
[50.303s] [ 91%] [32mBuilding C object CMakeFiles/px4_msgs__python.dir/rosidl_generator_py/px4_msgs/msg/_timesync_status_s.c.o[0m
[50.319s] [ 92%] [32mBuilding C object CMakeFiles/px4_msgs__python.dir/rosidl_generator_py/px4_msgs/msg/_trajectory_setpoint_s.c.o[0m
[50.383s] [ 92%] [32mBuilding C object CMakeFiles/px4_msgs__python.dir/rosidl_generator_py/px4_msgs/msg/_vehicle_attitude_s.c.o[0m
[50.431s] [ 93%] [32mBuilding C object CMakeFiles/px4_msgs__python.dir/rosidl_generator_py/px4_msgs/msg/_vehicle_attitude_setpoint_s.c.o[0m
[50.559s] [ 93%] [32mBuilding C object CMakeFiles/px4_msgs__python.dir/rosidl_generator_py/px4_msgs/msg/_vehicle_command_s.c.o[0m
[50.583s] [ 93%] [32mBuilding C object CMakeFiles/px4_msgs__python.dir/rosidl_generator_py/px4_msgs/msg/_vehicle_control_mode_s.c.o[0m
[50.593s] [ 94%] [32mBuilding C object CMakeFiles/px4_msgs__python.dir/rosidl_generator_py/px4_msgs/msg/_vehicle_gps_position_s.c.o[0m
[50.610s] [ 94%] [32mBuilding C object CMakeFiles/px4_msgs__python.dir/rosidl_generator_py/px4_msgs/msg/_vehicle_local_position_s.c.o[0m
[50.640s] [ 95%] [32mBuilding C object CMakeFiles/px4_msgs__python.dir/rosidl_generator_py/px4_msgs/msg/_vehicle_local_position_setpoint_s.c.o[0m
[50.655s] [ 95%] [32mBuilding C object CMakeFiles/px4_msgs__python.dir/rosidl_generator_py/px4_msgs/msg/_vehicle_odometry_s.c.o[0m
[50.713s] [ 96%] [32mBuilding C object CMakeFiles/px4_msgs__python.dir/rosidl_generator_py/px4_msgs/msg/_vehicle_rates_setpoint_s.c.o[0m
[50.764s] [ 96%] [32mBuilding C object CMakeFiles/px4_msgs__python.dir/rosidl_generator_py/px4_msgs/msg/_vehicle_status_s.c.o[0m
[50.894s] [ 97%] [32mBuilding C object CMakeFiles/px4_msgs__python.dir/rosidl_generator_py/px4_msgs/msg/_vehicle_visual_odometry_s.c.o[0m
[51.120s] [ 97%] [32m[1mLinking C shared library rosidl_generator_py/px4_msgs/libpx4_msgs__python.so[0m
[51.182s] [ 97%] Built target px4_msgs__python
[51.195s] [35m[1mScanning dependencies of target px4_msgs__rosidl_typesupport_c__pyext[0m
[51.195s] [35m[1mScanning dependencies of target px4_msgs__rosidl_typesupport_introspection_c__pyext[0m
[51.195s] [35m[1mScanning dependencies of target px4_msgs__rosidl_typesupport_fastrtps_c__pyext[0m
[51.226s] [ 98%] [32mBuilding C object CMakeFiles/px4_msgs__rosidl_typesupport_introspection_c__pyext.dir/rosidl_generator_py/px4_msgs/_px4_msgs_s.ep.rosidl_typesupport_introspection_c.c.o[0m
[51.228s] [ 99%] [32mBuilding C object CMakeFiles/px4_msgs__rosidl_typesupport_c__pyext.dir/rosidl_generator_py/px4_msgs/_px4_msgs_s.ep.rosidl_typesupport_c.c.o[0m
[51.228s] [100%] [32mBuilding C object CMakeFiles/px4_msgs__rosidl_typesupport_fastrtps_c__pyext.dir/rosidl_generator_py/px4_msgs/_px4_msgs_s.ep.rosidl_typesupport_fastrtps_c.c.o[0m
[51.478s] [100%] [32m[1mLinking C shared library rosidl_generator_py/px4_msgs/px4_msgs_s__rosidl_typesupport_introspection_c.cpython-38-x86_64-linux-gnu.so[0m
[51.491s] [100%] [32m[1mLinking CXX shared library rosidl_generator_py/px4_msgs/px4_msgs_s__rosidl_typesupport_fastrtps_c.cpython-38-x86_64-linux-gnu.so[0m
[51.493s] [100%] [32m[1mLinking C shared library rosidl_generator_py/px4_msgs/px4_msgs_s__rosidl_typesupport_c.cpython-38-x86_64-linux-gnu.so[0m
[51.530s] [100%] Built target px4_msgs__rosidl_typesupport_introspection_c__pyext
[51.544s] [100%] Built target px4_msgs__rosidl_typesupport_c__pyext
[51.582s] [100%] Built target px4_msgs__rosidl_typesupport_fastrtps_c__pyext
[51.599s] Invoked command in '/root/px4_ros_com_ros2/build/px4_msgs' returned '0': CMAKE_PREFIX_PATH=${CMAKE_PREFIX_PATH}:/root/px4_ros_com_ros2/install/dasc_robot_py:/opt/ros/galactic /usr/bin/cmake --build /root/px4_ros_com_ros2/build/px4_msgs -- -j8 -l8
[52.095s] Invoking command in '/root/px4_ros_com_ros2/build/px4_msgs': CMAKE_PREFIX_PATH=${CMAKE_PREFIX_PATH}:/root/px4_ros_com_ros2/install/dasc_robot_py:/opt/ros/galactic /usr/bin/cmake --install /root/px4_ros_com_ros2/build/px4_msgs
[52.106s] -- Install configuration: ""
[52.106s] -- Execute custom install script
[52.107s] -- Symlinking: /root/px4_ros_com_ros2/install/px4_msgs/share/ament_index/resource_index/rosidl_interfaces/px4_msgs
[52.120s] -- Symlinking: /root/px4_ros_com_ros2/install/px4_msgs/include/px4_msgs/msg/battery_status.h
[52.132s] -- Symlinking: /root/px4_ros_com_ros2/install/px4_msgs/include/px4_msgs/msg/debug_array.h
[52.144s] -- Symlinking: /root/px4_ros_com_ros2/install/px4_msgs/include/px4_msgs/msg/debug_key_value.h
[52.156s] -- Symlinking: /root/px4_ros_com_ros2/install/px4_msgs/include/px4_msgs/msg/debug_value.h
[52.167s] -- Symlinking: /root/px4_ros_com_ros2/install/px4_msgs/include/px4_msgs/msg/debug_vect.h
[52.180s] -- Symlinking: /root/px4_ros_com_ros2/install/px4_msgs/include/px4_msgs/msg/detail/battery_status__functions.h
[52.191s] -- Symlinking: /root/px4_ros_com_ros2/install/px4_msgs/include/px4_msgs/msg/detail/battery_status__struct.h
[52.203s] -- Symlinking: /root/px4_ros_com_ros2/install/px4_msgs/include/px4_msgs/msg/detail/battery_status__type_support.h
[52.214s] -- Symlinking: /root/px4_ros_com_ros2/install/px4_msgs/include/px4_msgs/msg/detail/debug_array__functions.h
[52.226s] -- Symlinking: /root/px4_ros_com_ros2/install/px4_msgs/include/px4_msgs/msg/detail/debug_array__struct.h
[52.238s] -- Symlinking: /root/px4_ros_com_ros2/install/px4_msgs/include/px4_msgs/msg/detail/debug_array__type_support.h
[52.249s] -- Symlinking: /root/px4_ros_com_ros2/install/px4_msgs/include/px4_msgs/msg/detail/debug_key_value__functions.h
[52.261s] -- Symlinking: /root/px4_ros_com_ros2/install/px4_msgs/include/px4_msgs/msg/detail/debug_key_value__struct.h
[52.272s] -- Symlinking: /root/px4_ros_com_ros2/install/px4_msgs/include/px4_msgs/msg/detail/debug_key_value__type_support.h
[52.283s] -- Symlinking: /root/px4_ros_com_ros2/install/px4_msgs/include/px4_msgs/msg/detail/debug_value__functions.h
[52.295s] -- Symlinking: /root/px4_ros_com_ros2/install/px4_msgs/include/px4_msgs/msg/detail/debug_value__struct.h
[52.307s] -- Symlinking: /root/px4_ros_com_ros2/install/px4_msgs/include/px4_msgs/msg/detail/debug_value__type_support.h
[52.319s] -- Symlinking: /root/px4_ros_com_ros2/install/px4_msgs/include/px4_msgs/msg/detail/debug_vect__functions.h
[52.331s] -- Symlinking: /root/px4_ros_com_ros2/install/px4_msgs/include/px4_msgs/msg/detail/debug_vect__struct.h
[52.342s] -- Symlinking: /root/px4_ros_com_ros2/install/px4_msgs/include/px4_msgs/msg/detail/debug_vect__type_support.h
[52.354s] -- Symlinking: /root/px4_ros_com_ros2/install/px4_msgs/include/px4_msgs/msg/detail/external_controller__functions.h
[52.366s] -- Symlinking: /root/px4_ros_com_ros2/install/px4_msgs/include/px4_msgs/msg/detail/external_controller__struct.h
[52.377s] -- Symlinking: /root/px4_ros_com_ros2/install/px4_msgs/include/px4_msgs/msg/detail/external_controller__type_support.h
[52.393s] -- Symlinking: /root/px4_ros_com_ros2/install/px4_msgs/include/px4_msgs/msg/detail/gps_inject_data__functions.h
[52.411s] -- Symlinking: /root/px4_ros_com_ros2/install/px4_msgs/include/px4_msgs/msg/detail/gps_inject_data__struct.h
[52.428s] -- Symlinking: /root/px4_ros_com_ros2/install/px4_msgs/include/px4_msgs/msg/detail/gps_inject_data__type_support.h
[52.447s] -- Symlinking: /root/px4_ros_com_ros2/install/px4_msgs/include/px4_msgs/msg/detail/manual_control_setpoint__functions.h
[52.464s] -- Symlinking: /root/px4_ros_com_ros2/install/px4_msgs/include/px4_msgs/msg/detail/manual_control_setpoint__struct.h
[52.476s] -- Symlinking: /root/px4_ros_com_ros2/install/px4_msgs/include/px4_msgs/msg/detail/manual_control_setpoint__type_support.h
[52.488s] -- Symlinking: /root/px4_ros_com_ros2/install/px4_msgs/include/px4_msgs/msg/detail/offboard_control_mode__functions.h
[52.499s] -- Symlinking: /root/px4_ros_com_ros2/install/px4_msgs/include/px4_msgs/msg/detail/offboard_control_mode__struct.h
[52.511s] -- Symlinking: /root/px4_ros_com_ros2/install/px4_msgs/include/px4_msgs/msg/detail/offboard_control_mode__type_support.h
[52.523s] -- Symlinking: /root/px4_ros_com_ros2/install/px4_msgs/include/px4_msgs/msg/detail/sensor_combined__functions.h
[52.535s] -- Symlinking: /root/px4_ros_com_ros2/install/px4_msgs/include/px4_msgs/msg/detail/sensor_combined__struct.h
[52.546s] -- Symlinking: /root/px4_ros_com_ros2/install/px4_msgs/include/px4_msgs/msg/detail/sensor_combined__type_support.h
[52.558s] -- Symlinking: /root/px4_ros_com_ros2/install/px4_msgs/include/px4_msgs/msg/detail/sensor_gps__functions.h
[52.569s] -- Symlinking: /root/px4_ros_com_ros2/install/px4_msgs/include/px4_msgs/msg/detail/sensor_gps__struct.h
[52.581s] -- Symlinking: /root/px4_ros_com_ros2/install/px4_msgs/include/px4_msgs/msg/detail/sensor_gps__type_support.h
[52.593s] -- Symlinking: /root/px4_ros_com_ros2/install/px4_msgs/include/px4_msgs/msg/detail/timesync__functions.h
[52.604s] -- Symlinking: /root/px4_ros_com_ros2/install/px4_msgs/include/px4_msgs/msg/detail/timesync__struct.h
[52.616s] -- Symlinking: /root/px4_ros_com_ros2/install/px4_msgs/include/px4_msgs/msg/detail/timesync__type_support.h
[52.627s] -- Symlinking: /root/px4_ros_com_ros2/install/px4_msgs/include/px4_msgs/msg/detail/timesync_status__functions.h
[52.639s] -- Symlinking: /root/px4_ros_com_ros2/install/px4_msgs/include/px4_msgs/msg/detail/timesync_status__struct.h
[52.652s] -- Symlinking: /root/px4_ros_com_ros2/install/px4_msgs/include/px4_msgs/msg/detail/timesync_status__type_support.h
[52.663s] -- Symlinking: /root/px4_ros_com_ros2/install/px4_msgs/include/px4_msgs/msg/detail/trajectory_setpoint__functions.h
[52.675s] -- Symlinking: /root/px4_ros_com_ros2/install/px4_msgs/include/px4_msgs/msg/detail/trajectory_setpoint__struct.h
[52.691s] -- Symlinking: /root/px4_ros_com_ros2/install/px4_msgs/include/px4_msgs/msg/detail/trajectory_setpoint__type_support.h
[52.707s] -- Symlinking: /root/px4_ros_com_ros2/install/px4_msgs/include/px4_msgs/msg/detail/vehicle_attitude__functions.h
[52.721s] -- Symlinking: /root/px4_ros_com_ros2/install/px4_msgs/include/px4_msgs/msg/detail/vehicle_attitude__struct.h
[52.737s] -- Symlinking: /root/px4_ros_com_ros2/install/px4_msgs/include/px4_msgs/msg/detail/vehicle_attitude__type_support.h
[52.753s] -- Symlinking: /root/px4_ros_com_ros2/install/px4_msgs/include/px4_msgs/msg/detail/vehicle_attitude_setpoint__functions.h
[52.768s] -- Symlinking: /root/px4_ros_com_ros2/install/px4_msgs/include/px4_msgs/msg/detail/vehicle_attitude_setpoint__struct.h
[52.784s] -- Symlinking: /root/px4_ros_com_ros2/install/px4_msgs/include/px4_msgs/msg/detail/vehicle_attitude_setpoint__type_support.h
[52.798s] -- Symlinking: /root/px4_ros_com_ros2/install/px4_msgs/include/px4_msgs/msg/detail/vehicle_command__functions.h
[52.813s] -- Symlinking: /root/px4_ros_com_ros2/install/px4_msgs/include/px4_msgs/msg/detail/vehicle_command__struct.h
[52.826s] -- Symlinking: /root/px4_ros_com_ros2/install/px4_msgs/include/px4_msgs/msg/detail/vehicle_command__type_support.h
[52.838s] -- Symlinking: /root/px4_ros_com_ros2/install/px4_msgs/include/px4_msgs/msg/detail/vehicle_control_mode__functions.h
[52.850s] -- Symlinking: /root/px4_ros_com_ros2/install/px4_msgs/include/px4_msgs/msg/detail/vehicle_control_mode__struct.h
[52.863s] -- Symlinking: /root/px4_ros_com_ros2/install/px4_msgs/include/px4_msgs/msg/detail/vehicle_control_mode__type_support.h
[52.874s] -- Symlinking: /root/px4_ros_com_ros2/install/px4_msgs/include/px4_msgs/msg/detail/vehicle_gps_position__functions.h
[52.886s] -- Symlinking: /root/px4_ros_com_ros2/install/px4_msgs/include/px4_msgs/msg/detail/vehicle_gps_position__struct.h
[52.897s] -- Symlinking: /root/px4_ros_com_ros2/install/px4_msgs/include/px4_msgs/msg/detail/vehicle_gps_position__type_support.h
[52.909s] -- Symlinking: /root/px4_ros_com_ros2/install/px4_msgs/include/px4_msgs/msg/detail/vehicle_local_position__functions.h
[52.921s] -- Symlinking: /root/px4_ros_com_ros2/install/px4_msgs/include/px4_msgs/msg/detail/vehicle_local_position__struct.h
[52.933s] -- Symlinking: /root/px4_ros_com_ros2/install/px4_msgs/include/px4_msgs/msg/detail/vehicle_local_position__type_support.h
[52.944s] -- Symlinking: /root/px4_ros_com_ros2/install/px4_msgs/include/px4_msgs/msg/detail/vehicle_local_position_setpoint__functions.h
[52.956s] -- Symlinking: /root/px4_ros_com_ros2/install/px4_msgs/include/px4_msgs/msg/detail/vehicle_local_position_setpoint__struct.h
[52.968s] -- Symlinking: /root/px4_ros_com_ros2/install/px4_msgs/include/px4_msgs/msg/detail/vehicle_local_position_setpoint__type_support.h
[52.980s] -- Symlinking: /root/px4_ros_com_ros2/install/px4_msgs/include/px4_msgs/msg/detail/vehicle_odometry__functions.h
[52.993s] -- Symlinking: /root/px4_ros_com_ros2/install/px4_msgs/include/px4_msgs/msg/detail/vehicle_odometry__struct.h
[53.004s] -- Symlinking: /root/px4_ros_com_ros2/install/px4_msgs/include/px4_msgs/msg/detail/vehicle_odometry__type_support.h
[53.017s] -- Symlinking: /root/px4_ros_com_ros2/install/px4_msgs/include/px4_msgs/msg/detail/vehicle_rates_setpoint__functions.h
[53.029s] -- Symlinking: /root/px4_ros_com_ros2/install/px4_msgs/include/px4_msgs/msg/detail/vehicle_rates_setpoint__struct.h
[53.041s] -- Symlinking: /root/px4_ros_com_ros2/install/px4_msgs/include/px4_msgs/msg/detail/vehicle_rates_setpoint__type_support.h
[53.054s] -- Symlinking: /root/px4_ros_com_ros2/install/px4_msgs/include/px4_msgs/msg/detail/vehicle_status__functions.h
[53.065s] -- Symlinking: /root/px4_ros_com_ros2/install/px4_msgs/include/px4_msgs/msg/detail/vehicle_status__struct.h
[53.076s] -- Symlinking: /root/px4_ros_com_ros2/install/px4_msgs/include/px4_msgs/msg/detail/vehicle_status__type_support.h
[53.088s] -- Symlinking: /root/px4_ros_com_ros2/install/px4_msgs/include/px4_msgs/msg/detail/vehicle_visual_odometry__functions.h
[53.099s] -- Symlinking: /root/px4_ros_com_ros2/install/px4_msgs/include/px4_msgs/msg/detail/vehicle_visual_odometry__struct.h
[53.111s] -- Symlinking: /root/px4_ros_com_ros2/install/px4_msgs/include/px4_msgs/msg/detail/vehicle_visual_odometry__type_support.h
[53.123s] -- Symlinking: /root/px4_ros_com_ros2/install/px4_msgs/include/px4_msgs/msg/external_controller.h
[53.134s] -- Symlinking: /root/px4_ros_com_ros2/install/px4_msgs/include/px4_msgs/msg/gps_inject_data.h
[53.146s] -- Symlinking: /root/px4_ros_com_ros2/install/px4_msgs/include/px4_msgs/msg/manual_control_setpoint.h
[53.157s] -- Symlinking: /root/px4_ros_com_ros2/install/px4_msgs/include/px4_msgs/msg/offboard_control_mode.h
[53.169s] -- Symlinking: /root/px4_ros_com_ros2/install/px4_msgs/include/px4_msgs/msg/rosidl_generator_c__visibility_control.h
[53.181s] -- Symlinking: /root/px4_ros_com_ros2/install/px4_msgs/include/px4_msgs/msg/sensor_combined.h
[53.193s] -- Symlinking: /root/px4_ros_com_ros2/install/px4_msgs/include/px4_msgs/msg/sensor_gps.h
[53.204s] -- Symlinking: /root/px4_ros_com_ros2/install/px4_msgs/include/px4_msgs/msg/timesync.h
[53.216s] -- Symlinking: /root/px4_ros_com_ros2/install/px4_msgs/include/px4_msgs/msg/timesync_status.h
[53.227s] -- Symlinking: /root/px4_ros_com_ros2/install/px4_msgs/include/px4_msgs/msg/trajectory_setpoint.h
[53.239s] -- Symlinking: /root/px4_ros_com_ros2/install/px4_msgs/include/px4_msgs/msg/vehicle_attitude.h
[53.252s] -- Symlinking: /root/px4_ros_com_ros2/install/px4_msgs/include/px4_msgs/msg/vehicle_attitude_setpoint.h
[53.264s] -- Symlinking: /root/px4_ros_com_ros2/install/px4_msgs/include/px4_msgs/msg/vehicle_command.h
[53.276s] -- Symlinking: /root/px4_ros_com_ros2/install/px4_msgs/include/px4_msgs/msg/vehicle_control_mode.h
[53.287s] -- Symlinking: /root/px4_ros_com_ros2/install/px4_msgs/include/px4_msgs/msg/vehicle_gps_position.h
[53.300s] -- Symlinking: /root/px4_ros_com_ros2/install/px4_msgs/include/px4_msgs/msg/vehicle_local_position.h
[53.312s] -- Symlinking: /root/px4_ros_com_ros2/install/px4_msgs/include/px4_msgs/msg/vehicle_local_position_setpoint.h
[53.324s] -- Symlinking: /root/px4_ros_com_ros2/install/px4_msgs/include/px4_msgs/msg/vehicle_odometry.h
[53.335s] -- Symlinking: /root/px4_ros_com_ros2/install/px4_msgs/include/px4_msgs/msg/vehicle_rates_setpoint.h
[53.347s] -- Symlinking: /root/px4_ros_com_ros2/install/px4_msgs/include/px4_msgs/msg/vehicle_status.h
[53.358s] -- Symlinking: /root/px4_ros_com_ros2/install/px4_msgs/include/px4_msgs/msg/vehicle_visual_odometry.h
[53.370s] -- Symlinking: /root/px4_ros_com_ros2/install/px4_msgs/share/px4_msgs/environment/library_path.sh
[53.381s] -- Symlinking: /root/px4_ros_com_ros2/install/px4_msgs/share/px4_msgs/environment/library_path.dsv
[53.394s] -- Symlinking: /root/px4_ros_com_ros2/install/px4_msgs/include/px4_msgs/msg/detail/battery_status__rosidl_typesupport_fastrtps_c.h
[53.406s] -- Symlinking: /root/px4_ros_com_ros2/install/px4_msgs/include/px4_msgs/msg/detail/debug_array__rosidl_typesupport_fastrtps_c.h
[53.418s] -- Symlinking: /root/px4_ros_com_ros2/install/px4_msgs/include/px4_msgs/msg/detail/debug_key_value__rosidl_typesupport_fastrtps_c.h
[53.430s] -- Symlinking: /root/px4_ros_com_ros2/install/px4_msgs/include/px4_msgs/msg/detail/debug_value__rosidl_typesupport_fastrtps_c.h
[53.442s] -- Symlinking: /root/px4_ros_com_ros2/install/px4_msgs/include/px4_msgs/msg/detail/debug_vect__rosidl_typesupport_fastrtps_c.h
[53.454s] -- Symlinking: /root/px4_ros_com_ros2/install/px4_msgs/include/px4_msgs/msg/detail/external_controller__rosidl_typesupport_fastrtps_c.h
[53.465s] -- Symlinking: /root/px4_ros_com_ros2/install/px4_msgs/include/px4_msgs/msg/detail/gps_inject_data__rosidl_typesupport_fastrtps_c.h
[53.476s] -- Symlinking: /root/px4_ros_com_ros2/install/px4_msgs/include/px4_msgs/msg/detail/manual_control_setpoint__rosidl_typesupport_fastrtps_c.h
[53.488s] -- Symlinking: /root/px4_ros_com_ros2/install/px4_msgs/include/px4_msgs/msg/detail/offboard_control_mode__rosidl_typesupport_fastrtps_c.h
[53.499s] -- Symlinking: /root/px4_ros_com_ros2/install/px4_msgs/include/px4_msgs/msg/detail/sensor_combined__rosidl_typesupport_fastrtps_c.h
[53.511s] -- Symlinking: /root/px4_ros_com_ros2/install/px4_msgs/include/px4_msgs/msg/detail/sensor_gps__rosidl_typesupport_fastrtps_c.h
[53.523s] -- Symlinking: /root/px4_ros_com_ros2/install/px4_msgs/include/px4_msgs/msg/detail/timesync__rosidl_typesupport_fastrtps_c.h
[53.534s] -- Symlinking: /root/px4_ros_com_ros2/install/px4_msgs/include/px4_msgs/msg/detail/timesync_status__rosidl_typesupport_fastrtps_c.h
[53.545s] -- Symlinking: /root/px4_ros_com_ros2/install/px4_msgs/include/px4_msgs/msg/detail/trajectory_setpoint__rosidl_typesupport_fastrtps_c.h
[53.557s] -- Symlinking: /root/px4_ros_com_ros2/install/px4_msgs/include/px4_msgs/msg/detail/vehicle_attitude__rosidl_typesupport_fastrtps_c.h
[53.569s] -- Symlinking: /root/px4_ros_com_ros2/install/px4_msgs/include/px4_msgs/msg/detail/vehicle_attitude_setpoint__rosidl_typesupport_fastrtps_c.h
[53.581s] -- Symlinking: /root/px4_ros_com_ros2/install/px4_msgs/include/px4_msgs/msg/detail/vehicle_command__rosidl_typesupport_fastrtps_c.h
[53.593s] -- Symlinking: /root/px4_ros_com_ros2/install/px4_msgs/include/px4_msgs/msg/detail/vehicle_control_mode__rosidl_typesupport_fastrtps_c.h
[53.605s] -- Symlinking: /root/px4_ros_com_ros2/install/px4_msgs/include/px4_msgs/msg/detail/vehicle_gps_position__rosidl_typesupport_fastrtps_c.h
[53.616s] -- Symlinking: /root/px4_ros_com_ros2/install/px4_msgs/include/px4_msgs/msg/detail/vehicle_local_position__rosidl_typesupport_fastrtps_c.h
[53.628s] -- Symlinking: /root/px4_ros_com_ros2/install/px4_msgs/include/px4_msgs/msg/detail/vehicle_local_position_setpoint__rosidl_typesupport_fastrtps_c.h
[53.640s] -- Symlinking: /root/px4_ros_com_ros2/install/px4_msgs/include/px4_msgs/msg/detail/vehicle_odometry__rosidl_typesupport_fastrtps_c.h
[53.652s] -- Symlinking: /root/px4_ros_com_ros2/install/px4_msgs/include/px4_msgs/msg/detail/vehicle_rates_setpoint__rosidl_typesupport_fastrtps_c.h
[53.665s] -- Symlinking: /root/px4_ros_com_ros2/install/px4_msgs/include/px4_msgs/msg/detail/vehicle_status__rosidl_typesupport_fastrtps_c.h
[53.676s] -- Symlinking: /root/px4_ros_com_ros2/install/px4_msgs/include/px4_msgs/msg/detail/vehicle_visual_odometry__rosidl_typesupport_fastrtps_c.h
[53.687s] -- Symlinking: /root/px4_ros_com_ros2/install/px4_msgs/include/px4_msgs/msg/rosidl_typesupport_fastrtps_c__visibility_control.h
[53.699s] -- Symlinking: /root/px4_ros_com_ros2/install/px4_msgs/lib/libpx4_msgs__rosidl_typesupport_fastrtps_c.so
[53.713s] -- Symlinking: /root/px4_ros_com_ros2/install/px4_msgs/include/px4_msgs/msg/detail/battery_status__rosidl_typesupport_fastrtps_cpp.hpp
[53.725s] -- Symlinking: /root/px4_ros_com_ros2/install/px4_msgs/include/px4_msgs/msg/detail/debug_array__rosidl_typesupport_fastrtps_cpp.hpp
[53.736s] -- Symlinking: /root/px4_ros_com_ros2/install/px4_msgs/include/px4_msgs/msg/detail/debug_key_value__rosidl_typesupport_fastrtps_cpp.hpp
[53.748s] -- Symlinking: /root/px4_ros_com_ros2/install/px4_msgs/include/px4_msgs/msg/detail/debug_value__rosidl_typesupport_fastrtps_cpp.hpp
[53.760s] -- Symlinking: /root/px4_ros_com_ros2/install/px4_msgs/include/px4_msgs/msg/detail/debug_vect__rosidl_typesupport_fastrtps_cpp.hpp
[53.772s] -- Symlinking: /root/px4_ros_com_ros2/install/px4_msgs/include/px4_msgs/msg/detail/external_controller__rosidl_typesupport_fastrtps_cpp.hpp
[53.783s] -- Symlinking: /root/px4_ros_com_ros2/install/px4_msgs/include/px4_msgs/msg/detail/gps_inject_data__rosidl_typesupport_fastrtps_cpp.hpp
[53.795s] -- Symlinking: /root/px4_ros_com_ros2/install/px4_msgs/include/px4_msgs/msg/detail/manual_control_setpoint__rosidl_typesupport_fastrtps_cpp.hpp
[53.807s] -- Symlinking: /root/px4_ros_com_ros2/install/px4_msgs/include/px4_msgs/msg/detail/offboard_control_mode__rosidl_typesupport_fastrtps_cpp.hpp
[53.819s] -- Symlinking: /root/px4_ros_com_ros2/install/px4_msgs/include/px4_msgs/msg/detail/sensor_combined__rosidl_typesupport_fastrtps_cpp.hpp
[53.830s] -- Symlinking: /root/px4_ros_com_ros2/install/px4_msgs/include/px4_msgs/msg/detail/sensor_gps__rosidl_typesupport_fastrtps_cpp.hpp
[53.842s] -- Symlinking: /root/px4_ros_com_ros2/install/px4_msgs/include/px4_msgs/msg/detail/timesync__rosidl_typesupport_fastrtps_cpp.hpp
[53.855s] -- Symlinking: /root/px4_ros_com_ros2/install/px4_msgs/include/px4_msgs/msg/detail/timesync_status__rosidl_typesupport_fastrtps_cpp.hpp
[53.867s] -- Symlinking: /root/px4_ros_com_ros2/install/px4_msgs/include/px4_msgs/msg/detail/trajectory_setpoint__rosidl_typesupport_fastrtps_cpp.hpp
[53.878s] -- Symlinking: /root/px4_ros_com_ros2/install/px4_msgs/include/px4_msgs/msg/detail/vehicle_attitude__rosidl_typesupport_fastrtps_cpp.hpp
[53.890s] -- Symlinking: /root/px4_ros_com_ros2/install/px4_msgs/include/px4_msgs/msg/detail/vehicle_attitude_setpoint__rosidl_typesupport_fastrtps_cpp.hpp
[53.901s] -- Symlinking: /root/px4_ros_com_ros2/install/px4_msgs/include/px4_msgs/msg/detail/vehicle_command__rosidl_typesupport_fastrtps_cpp.hpp
[53.913s] -- Symlinking: /root/px4_ros_com_ros2/install/px4_msgs/include/px4_msgs/msg/detail/vehicle_control_mode__rosidl_typesupport_fastrtps_cpp.hpp
[53.925s] -- Symlinking: /root/px4_ros_com_ros2/install/px4_msgs/include/px4_msgs/msg/detail/vehicle_gps_position__rosidl_typesupport_fastrtps_cpp.hpp
[53.937s] -- Symlinking: /root/px4_ros_com_ros2/install/px4_msgs/include/px4_msgs/msg/detail/vehicle_local_position__rosidl_typesupport_fastrtps_cpp.hpp
[53.948s] -- Symlinking: /root/px4_ros_com_ros2/install/px4_msgs/include/px4_msgs/msg/detail/vehicle_local_position_setpoint__rosidl_typesupport_fastrtps_cpp.hpp
[53.960s] -- Symlinking: /root/px4_ros_com_ros2/install/px4_msgs/include/px4_msgs/msg/detail/vehicle_odometry__rosidl_typesupport_fastrtps_cpp.hpp
[53.971s] -- Symlinking: /root/px4_ros_com_ros2/install/px4_msgs/include/px4_msgs/msg/detail/vehicle_rates_setpoint__rosidl_typesupport_fastrtps_cpp.hpp
[53.983s] -- Symlinking: /root/px4_ros_com_ros2/install/px4_msgs/include/px4_msgs/msg/detail/vehicle_status__rosidl_typesupport_fastrtps_cpp.hpp
[53.996s] -- Symlinking: /root/px4_ros_com_ros2/install/px4_msgs/include/px4_msgs/msg/detail/vehicle_visual_odometry__rosidl_typesupport_fastrtps_cpp.hpp
[54.008s] -- Symlinking: /root/px4_ros_com_ros2/install/px4_msgs/include/px4_msgs/msg/rosidl_typesupport_fastrtps_cpp__visibility_control.h
[54.020s] -- Symlinking: /root/px4_ros_com_ros2/install/px4_msgs/lib/libpx4_msgs__rosidl_typesupport_fastrtps_cpp.so
[54.032s] -- Symlinking: /root/px4_ros_com_ros2/install/px4_msgs/include/px4_msgs/msg/detail/battery_status__rosidl_typesupport_introspection_c.h
[54.044s] -- Symlinking: /root/px4_ros_com_ros2/install/px4_msgs/include/px4_msgs/msg/detail/debug_array__rosidl_typesupport_introspection_c.h
[54.056s] -- Symlinking: /root/px4_ros_com_ros2/install/px4_msgs/include/px4_msgs/msg/detail/debug_key_value__rosidl_typesupport_introspection_c.h
[54.068s] -- Symlinking: /root/px4_ros_com_ros2/install/px4_msgs/include/px4_msgs/msg/detail/debug_value__rosidl_typesupport_introspection_c.h
[54.080s] -- Symlinking: /root/px4_ros_com_ros2/install/px4_msgs/include/px4_msgs/msg/detail/debug_vect__rosidl_typesupport_introspection_c.h
[54.091s] -- Symlinking: /root/px4_ros_com_ros2/install/px4_msgs/include/px4_msgs/msg/detail/external_controller__rosidl_typesupport_introspection_c.h
[54.103s] -- Symlinking: /root/px4_ros_com_ros2/install/px4_msgs/include/px4_msgs/msg/detail/gps_inject_data__rosidl_typesupport_introspection_c.h
[54.116s] -- Symlinking: /root/px4_ros_com_ros2/install/px4_msgs/include/px4_msgs/msg/detail/manual_control_setpoint__rosidl_typesupport_introspection_c.h
[54.127s] -- Symlinking: /root/px4_ros_com_ros2/install/px4_msgs/include/px4_msgs/msg/detail/offboard_control_mode__rosidl_typesupport_introspection_c.h
[54.139s] -- Symlinking: /root/px4_ros_com_ros2/install/px4_msgs/include/px4_msgs/msg/detail/sensor_combined__rosidl_typesupport_introspection_c.h
[54.151s] -- Symlinking: /root/px4_ros_com_ros2/install/px4_msgs/include/px4_msgs/msg/detail/sensor_gps__rosidl_typesupport_introspection_c.h
[54.163s] -- Symlinking: /root/px4_ros_com_ros2/install/px4_msgs/include/px4_msgs/msg/detail/timesync__rosidl_typesupport_introspection_c.h
[54.176s] -- Symlinking: /root/px4_ros_com_ros2/install/px4_msgs/include/px4_msgs/msg/detail/timesync_status__rosidl_typesupport_introspection_c.h
[54.187s] -- Symlinking: /root/px4_ros_com_ros2/install/px4_msgs/include/px4_msgs/msg/detail/trajectory_setpoint__rosidl_typesupport_introspection_c.h
[54.200s] -- Symlinking: /root/px4_ros_com_ros2/install/px4_msgs/include/px4_msgs/msg/detail/vehicle_attitude__rosidl_typesupport_introspection_c.h
[54.212s] -- Symlinking: /root/px4_ros_com_ros2/install/px4_msgs/include/px4_msgs/msg/detail/vehicle_attitude_setpoint__rosidl_typesupport_introspection_c.h
[54.224s] -- Symlinking: /root/px4_ros_com_ros2/install/px4_msgs/include/px4_msgs/msg/detail/vehicle_command__rosidl_typesupport_introspection_c.h
[54.236s] -- Symlinking: /root/px4_ros_com_ros2/install/px4_msgs/include/px4_msgs/msg/detail/vehicle_control_mode__rosidl_typesupport_introspection_c.h
[54.249s] -- Symlinking: /root/px4_ros_com_ros2/install/px4_msgs/include/px4_msgs/msg/detail/vehicle_gps_position__rosidl_typesupport_introspection_c.h
[54.261s] -- Symlinking: /root/px4_ros_com_ros2/install/px4_msgs/include/px4_msgs/msg/detail/vehicle_local_position__rosidl_typesupport_introspection_c.h
[54.272s] -- Symlinking: /root/px4_ros_com_ros2/install/px4_msgs/include/px4_msgs/msg/detail/vehicle_local_position_setpoint__rosidl_typesupport_introspection_c.h
[54.283s] -- Symlinking: /root/px4_ros_com_ros2/install/px4_msgs/include/px4_msgs/msg/detail/vehicle_odometry__rosidl_typesupport_introspection_c.h
[54.295s] -- Symlinking: /root/px4_ros_com_ros2/install/px4_msgs/include/px4_msgs/msg/detail/vehicle_rates_setpoint__rosidl_typesupport_introspection_c.h
[54.307s] -- Symlinking: /root/px4_ros_com_ros2/install/px4_msgs/include/px4_msgs/msg/detail/vehicle_status__rosidl_typesupport_introspection_c.h
[54.319s] -- Symlinking: /root/px4_ros_com_ros2/install/px4_msgs/include/px4_msgs/msg/detail/vehicle_visual_odometry__rosidl_typesupport_introspection_c.h
[54.331s] -- Symlinking: /root/px4_ros_com_ros2/install/px4_msgs/include/px4_msgs/msg/rosidl_typesupport_introspection_c__visibility_control.h
[54.344s] -- Symlinking: /root/px4_ros_com_ros2/install/px4_msgs/include/px4_msgs/msg/battery_status.hpp
[54.355s] -- Symlinking: /root/px4_ros_com_ros2/install/px4_msgs/include/px4_msgs/msg/debug_array.hpp
[54.368s] -- Symlinking: /root/px4_ros_com_ros2/install/px4_msgs/include/px4_msgs/msg/debug_key_value.hpp
[54.379s] -- Symlinking: /root/px4_ros_com_ros2/install/px4_msgs/include/px4_msgs/msg/debug_value.hpp
[54.391s] -- Symlinking: /root/px4_ros_com_ros2/install/px4_msgs/include/px4_msgs/msg/debug_vect.hpp
[54.402s] -- Symlinking: /root/px4_ros_com_ros2/install/px4_msgs/include/px4_msgs/msg/detail/battery_status__builder.hpp
[54.414s] -- Symlinking: /root/px4_ros_com_ros2/install/px4_msgs/include/px4_msgs/msg/detail/battery_status__struct.hpp
[54.426s] -- Symlinking: /root/px4_ros_com_ros2/install/px4_msgs/include/px4_msgs/msg/detail/battery_status__traits.hpp
[54.437s] -- Symlinking: /root/px4_ros_com_ros2/install/px4_msgs/include/px4_msgs/msg/detail/debug_array__builder.hpp
[54.450s] -- Symlinking: /root/px4_ros_com_ros2/install/px4_msgs/include/px4_msgs/msg/detail/debug_array__struct.hpp
[54.462s] -- Symlinking: /root/px4_ros_com_ros2/install/px4_msgs/include/px4_msgs/msg/detail/debug_array__traits.hpp
[54.474s] -- Symlinking: /root/px4_ros_com_ros2/install/px4_msgs/include/px4_msgs/msg/detail/debug_key_value__builder.hpp
[54.486s] -- Symlinking: /root/px4_ros_com_ros2/install/px4_msgs/include/px4_msgs/msg/detail/debug_key_value__struct.hpp
[54.498s] -- Symlinking: /root/px4_ros_com_ros2/install/px4_msgs/include/px4_msgs/msg/detail/debug_key_value__traits.hpp
[54.510s] -- Symlinking: /root/px4_ros_com_ros2/install/px4_msgs/include/px4_msgs/msg/detail/debug_value__builder.hpp
[54.522s] -- Symlinking: /root/px4_ros_com_ros2/install/px4_msgs/include/px4_msgs/msg/detail/debug_value__struct.hpp
[54.533s] -- Symlinking: /root/px4_ros_com_ros2/install/px4_msgs/include/px4_msgs/msg/detail/debug_value__traits.hpp
[54.545s] -- Symlinking: /root/px4_ros_com_ros2/install/px4_msgs/include/px4_msgs/msg/detail/debug_vect__builder.hpp
[54.557s] -- Symlinking: /root/px4_ros_com_ros2/install/px4_msgs/include/px4_msgs/msg/detail/debug_vect__struct.hpp
[54.568s] -- Symlinking: /root/px4_ros_com_ros2/install/px4_msgs/include/px4_msgs/msg/detail/debug_vect__traits.hpp
[54.580s] -- Symlinking: /root/px4_ros_com_ros2/install/px4_msgs/include/px4_msgs/msg/detail/external_controller__builder.hpp
[54.591s] -- Symlinking: /root/px4_ros_com_ros2/install/px4_msgs/include/px4_msgs/msg/detail/external_controller__struct.hpp
[54.603s] -- Symlinking: /root/px4_ros_com_ros2/install/px4_msgs/include/px4_msgs/msg/detail/external_controller__traits.hpp
[54.615s] -- Symlinking: /root/px4_ros_com_ros2/install/px4_msgs/include/px4_msgs/msg/detail/gps_inject_data__builder.hpp
[54.628s] -- Symlinking: /root/px4_ros_com_ros2/install/px4_msgs/include/px4_msgs/msg/detail/gps_inject_data__struct.hpp
[54.640s] -- Symlinking: /root/px4_ros_com_ros2/install/px4_msgs/include/px4_msgs/msg/detail/gps_inject_data__traits.hpp
[54.652s] -- Symlinking: /root/px4_ros_com_ros2/install/px4_msgs/include/px4_msgs/msg/detail/manual_control_setpoint__builder.hpp
[54.665s] -- Symlinking: /root/px4_ros_com_ros2/install/px4_msgs/include/px4_msgs/msg/detail/manual_control_setpoint__struct.hpp
[54.676s] -- Symlinking: /root/px4_ros_com_ros2/install/px4_msgs/include/px4_msgs/msg/detail/manual_control_setpoint__traits.hpp
[54.688s] -- Symlinking: /root/px4_ros_com_ros2/install/px4_msgs/include/px4_msgs/msg/detail/offboard_control_mode__builder.hpp
[54.699s] -- Symlinking: /root/px4_ros_com_ros2/install/px4_msgs/include/px4_msgs/msg/detail/offboard_control_mode__struct.hpp
[54.711s] -- Symlinking: /root/px4_ros_com_ros2/install/px4_msgs/include/px4_msgs/msg/detail/offboard_control_mode__traits.hpp
[54.723s] -- Symlinking: /root/px4_ros_com_ros2/install/px4_msgs/include/px4_msgs/msg/detail/sensor_combined__builder.hpp
[54.735s] -- Symlinking: /root/px4_ros_com_ros2/install/px4_msgs/include/px4_msgs/msg/detail/sensor_combined__struct.hpp
[54.746s] -- Symlinking: /root/px4_ros_com_ros2/install/px4_msgs/include/px4_msgs/msg/detail/sensor_combined__traits.hpp
[54.759s] -- Symlinking: /root/px4_ros_com_ros2/install/px4_msgs/include/px4_msgs/msg/detail/sensor_gps__builder.hpp
[54.772s] -- Symlinking: /root/px4_ros_com_ros2/install/px4_msgs/include/px4_msgs/msg/detail/sensor_gps__struct.hpp
[54.784s] -- Symlinking: /root/px4_ros_com_ros2/install/px4_msgs/include/px4_msgs/msg/detail/sensor_gps__traits.hpp
[54.797s] -- Symlinking: /root/px4_ros_com_ros2/install/px4_msgs/include/px4_msgs/msg/detail/timesync__builder.hpp
[54.809s] -- Symlinking: /root/px4_ros_com_ros2/install/px4_msgs/include/px4_msgs/msg/detail/timesync__struct.hpp
[54.821s] -- Symlinking: /root/px4_ros_com_ros2/install/px4_msgs/include/px4_msgs/msg/detail/timesync__traits.hpp
[54.833s] -- Symlinking: /root/px4_ros_com_ros2/install/px4_msgs/include/px4_msgs/msg/detail/timesync_status__builder.hpp
[54.844s] -- Symlinking: /root/px4_ros_com_ros2/install/px4_msgs/include/px4_msgs/msg/detail/timesync_status__struct.hpp
[54.856s] -- Symlinking: /root/px4_ros_com_ros2/install/px4_msgs/include/px4_msgs/msg/detail/timesync_status__traits.hpp
[54.868s] -- Symlinking: /root/px4_ros_com_ros2/install/px4_msgs/include/px4_msgs/msg/detail/trajectory_setpoint__builder.hpp
[54.880s] -- Symlinking: /root/px4_ros_com_ros2/install/px4_msgs/include/px4_msgs/msg/detail/trajectory_setpoint__struct.hpp
[54.891s] -- Symlinking: /root/px4_ros_com_ros2/install/px4_msgs/include/px4_msgs/msg/detail/trajectory_setpoint__traits.hpp
[54.902s] -- Symlinking: /root/px4_ros_com_ros2/install/px4_msgs/include/px4_msgs/msg/detail/vehicle_attitude__builder.hpp
[54.914s] -- Symlinking: /root/px4_ros_com_ros2/install/px4_msgs/include/px4_msgs/msg/detail/vehicle_attitude__struct.hpp
[54.926s] -- Symlinking: /root/px4_ros_com_ros2/install/px4_msgs/include/px4_msgs/msg/detail/vehicle_attitude__traits.hpp
[54.938s] -- Symlinking: /root/px4_ros_com_ros2/install/px4_msgs/include/px4_msgs/msg/detail/vehicle_attitude_setpoint__builder.hpp
[54.949s] -- Symlinking: /root/px4_ros_com_ros2/install/px4_msgs/include/px4_msgs/msg/detail/vehicle_attitude_setpoint__struct.hpp
[54.961s] -- Symlinking: /root/px4_ros_com_ros2/install/px4_msgs/include/px4_msgs/msg/detail/vehicle_attitude_setpoint__traits.hpp
[54.973s] -- Symlinking: /root/px4_ros_com_ros2/install/px4_msgs/include/px4_msgs/msg/detail/vehicle_command__builder.hpp
[54.985s] -- Symlinking: /root/px4_ros_com_ros2/install/px4_msgs/include/px4_msgs/msg/detail/vehicle_command__struct.hpp
[54.997s] -- Symlinking: /root/px4_ros_com_ros2/install/px4_msgs/include/px4_msgs/msg/detail/vehicle_command__traits.hpp
[55.009s] -- Symlinking: /root/px4_ros_com_ros2/install/px4_msgs/include/px4_msgs/msg/detail/vehicle_control_mode__builder.hpp
[55.021s] -- Symlinking: /root/px4_ros_com_ros2/install/px4_msgs/include/px4_msgs/msg/detail/vehicle_control_mode__struct.hpp
[55.032s] -- Symlinking: /root/px4_ros_com_ros2/install/px4_msgs/include/px4_msgs/msg/detail/vehicle_control_mode__traits.hpp
[55.044s] -- Symlinking: /root/px4_ros_com_ros2/install/px4_msgs/include/px4_msgs/msg/detail/vehicle_gps_position__builder.hpp
[55.057s] -- Symlinking: /root/px4_ros_com_ros2/install/px4_msgs/include/px4_msgs/msg/detail/vehicle_gps_position__struct.hpp
[55.068s] -- Symlinking: /root/px4_ros_com_ros2/install/px4_msgs/include/px4_msgs/msg/detail/vehicle_gps_position__traits.hpp
[55.080s] -- Symlinking: /root/px4_ros_com_ros2/install/px4_msgs/include/px4_msgs/msg/detail/vehicle_local_position__builder.hpp
[55.091s] -- Symlinking: /root/px4_ros_com_ros2/install/px4_msgs/include/px4_msgs/msg/detail/vehicle_local_position__struct.hpp
[55.103s] -- Symlinking: /root/px4_ros_com_ros2/install/px4_msgs/include/px4_msgs/msg/detail/vehicle_local_position__traits.hpp
[55.115s] -- Symlinking: /root/px4_ros_com_ros2/install/px4_msgs/include/px4_msgs/msg/detail/vehicle_local_position_setpoint__builder.hpp
[55.126s] -- Symlinking: /root/px4_ros_com_ros2/install/px4_msgs/include/px4_msgs/msg/detail/vehicle_local_position_setpoint__struct.hpp
[55.138s] -- Symlinking: /root/px4_ros_com_ros2/install/px4_msgs/include/px4_msgs/msg/detail/vehicle_local_position_setpoint__traits.hpp
[55.149s] -- Symlinking: /root/px4_ros_com_ros2/install/px4_msgs/include/px4_msgs/msg/detail/vehicle_odometry__builder.hpp
[55.161s] -- Symlinking: /root/px4_ros_com_ros2/install/px4_msgs/include/px4_msgs/msg/detail/vehicle_odometry__struct.hpp
[55.173s] -- Symlinking: /root/px4_ros_com_ros2/install/px4_msgs/include/px4_msgs/msg/detail/vehicle_odometry__traits.hpp
[55.183s] -- Symlinking: /root/px4_ros_com_ros2/install/px4_msgs/include/px4_msgs/msg/detail/vehicle_rates_setpoint__builder.hpp
[55.195s] -- Symlinking: /root/px4_ros_com_ros2/install/px4_msgs/include/px4_msgs/msg/detail/vehicle_rates_setpoint__struct.hpp
[55.208s] -- Symlinking: /root/px4_ros_com_ros2/install/px4_msgs/include/px4_msgs/msg/detail/vehicle_rates_setpoint__traits.hpp
[55.220s] -- Symlinking: /root/px4_ros_com_ros2/install/px4_msgs/include/px4_msgs/msg/detail/vehicle_status__builder.hpp
[55.232s] -- Symlinking: /root/px4_ros_com_ros2/install/px4_msgs/include/px4_msgs/msg/detail/vehicle_status__struct.hpp
[55.243s] -- Symlinking: /root/px4_ros_com_ros2/install/px4_msgs/include/px4_msgs/msg/detail/vehicle_status__traits.hpp
[55.256s] -- Symlinking: /root/px4_ros_com_ros2/install/px4_msgs/include/px4_msgs/msg/detail/vehicle_visual_odometry__builder.hpp
[55.274s] -- Symlinking: /root/px4_ros_com_ros2/install/px4_msgs/include/px4_msgs/msg/detail/vehicle_visual_odometry__struct.hpp
[55.285s] -- Symlinking: /root/px4_ros_com_ros2/install/px4_msgs/include/px4_msgs/msg/detail/vehicle_visual_odometry__traits.hpp
[55.298s] -- Symlinking: /root/px4_ros_com_ros2/install/px4_msgs/include/px4_msgs/msg/external_controller.hpp
[55.308s] -- Symlinking: /root/px4_ros_com_ros2/install/px4_msgs/include/px4_msgs/msg/gps_inject_data.hpp
[55.319s] -- Symlinking: /root/px4_ros_com_ros2/install/px4_msgs/include/px4_msgs/msg/manual_control_setpoint.hpp
[55.331s] -- Symlinking: /root/px4_ros_com_ros2/install/px4_msgs/include/px4_msgs/msg/offboard_control_mode.hpp
[55.343s] -- Symlinking: /root/px4_ros_com_ros2/install/px4_msgs/include/px4_msgs/msg/sensor_combined.hpp
[55.356s] -- Symlinking: /root/px4_ros_com_ros2/install/px4_msgs/include/px4_msgs/msg/sensor_gps.hpp
[55.368s] -- Symlinking: /root/px4_ros_com_ros2/install/px4_msgs/include/px4_msgs/msg/timesync.hpp
[55.380s] -- Symlinking: /root/px4_ros_com_ros2/install/px4_msgs/include/px4_msgs/msg/timesync_status.hpp
[55.392s] -- Symlinking: /root/px4_ros_com_ros2/install/px4_msgs/include/px4_msgs/msg/trajectory_setpoint.hpp
[55.403s] -- Symlinking: /root/px4_ros_com_ros2/install/px4_msgs/include/px4_msgs/msg/vehicle_attitude.hpp
[55.416s] -- Symlinking: /root/px4_ros_com_ros2/install/px4_msgs/include/px4_msgs/msg/vehicle_attitude_setpoint.hpp
[55.427s] -- Symlinking: /root/px4_ros_com_ros2/install/px4_msgs/include/px4_msgs/msg/vehicle_command.hpp
[55.439s] -- Symlinking: /root/px4_ros_com_ros2/install/px4_msgs/include/px4_msgs/msg/vehicle_control_mode.hpp
[55.451s] -- Symlinking: /root/px4_ros_com_ros2/install/px4_msgs/include/px4_msgs/msg/vehicle_gps_position.hpp
[55.463s] -- Symlinking: /root/px4_ros_com_ros2/install/px4_msgs/include/px4_msgs/msg/vehicle_local_position.hpp
[55.475s] -- Symlinking: /root/px4_ros_com_ros2/install/px4_msgs/include/px4_msgs/msg/vehicle_local_position_setpoint.hpp
[55.486s] -- Symlinking: /root/px4_ros_com_ros2/install/px4_msgs/include/px4_msgs/msg/vehicle_odometry.hpp
[55.498s] -- Symlinking: /root/px4_ros_com_ros2/install/px4_msgs/include/px4_msgs/msg/vehicle_rates_setpoint.hpp
[55.510s] -- Symlinking: /root/px4_ros_com_ros2/install/px4_msgs/include/px4_msgs/msg/vehicle_status.hpp
[55.522s] -- Symlinking: /root/px4_ros_com_ros2/install/px4_msgs/include/px4_msgs/msg/vehicle_visual_odometry.hpp
[55.534s] -- Symlinking: /root/px4_ros_com_ros2/install/px4_msgs/include/px4_msgs/msg/detail/battery_status__rosidl_typesupport_introspection_cpp.hpp
[55.546s] -- Symlinking: /root/px4_ros_com_ros2/install/px4_msgs/include/px4_msgs/msg/detail/debug_array__rosidl_typesupport_introspection_cpp.hpp
[55.557s] -- Symlinking: /root/px4_ros_com_ros2/install/px4_msgs/include/px4_msgs/msg/detail/debug_key_value__rosidl_typesupport_introspection_cpp.hpp
[55.570s] -- Symlinking: /root/px4_ros_com_ros2/install/px4_msgs/include/px4_msgs/msg/detail/debug_value__rosidl_typesupport_introspection_cpp.hpp
[55.581s] -- Symlinking: /root/px4_ros_com_ros2/install/px4_msgs/include/px4_msgs/msg/detail/debug_vect__rosidl_typesupport_introspection_cpp.hpp
[55.592s] -- Symlinking: /root/px4_ros_com_ros2/install/px4_msgs/include/px4_msgs/msg/detail/external_controller__rosidl_typesupport_introspection_cpp.hpp
[55.603s] -- Symlinking: /root/px4_ros_com_ros2/install/px4_msgs/include/px4_msgs/msg/detail/gps_inject_data__rosidl_typesupport_introspection_cpp.hpp
[55.617s] -- Symlinking: /root/px4_ros_com_ros2/install/px4_msgs/include/px4_msgs/msg/detail/manual_control_setpoint__rosidl_typesupport_introspection_cpp.hpp
[55.629s] -- Symlinking: /root/px4_ros_com_ros2/install/px4_msgs/include/px4_msgs/msg/detail/offboard_control_mode__rosidl_typesupport_introspection_cpp.hpp
[55.641s] -- Symlinking: /root/px4_ros_com_ros2/install/px4_msgs/include/px4_msgs/msg/detail/sensor_combined__rosidl_typesupport_introspection_cpp.hpp
[55.653s] -- Symlinking: /root/px4_ros_com_ros2/install/px4_msgs/include/px4_msgs/msg/detail/sensor_gps__rosidl_typesupport_introspection_cpp.hpp
[55.665s] -- Symlinking: /root/px4_ros_com_ros2/install/px4_msgs/include/px4_msgs/msg/detail/timesync__rosidl_typesupport_introspection_cpp.hpp
[55.677s] -- Symlinking: /root/px4_ros_com_ros2/install/px4_msgs/include/px4_msgs/msg/detail/timesync_status__rosidl_typesupport_introspection_cpp.hpp
[55.689s] -- Symlinking: /root/px4_ros_com_ros2/install/px4_msgs/include/px4_msgs/msg/detail/trajectory_setpoint__rosidl_typesupport_introspection_cpp.hpp
[55.700s] -- Symlinking: /root/px4_ros_com_ros2/install/px4_msgs/include/px4_msgs/msg/detail/vehicle_attitude__rosidl_typesupport_introspection_cpp.hpp
[55.713s] -- Symlinking: /root/px4_ros_com_ros2/install/px4_msgs/include/px4_msgs/msg/detail/vehicle_attitude_setpoint__rosidl_typesupport_introspection_cpp.hpp
[55.725s] -- Symlinking: /root/px4_ros_com_ros2/install/px4_msgs/include/px4_msgs/msg/detail/vehicle_command__rosidl_typesupport_introspection_cpp.hpp
[55.736s] -- Symlinking: /root/px4_ros_com_ros2/install/px4_msgs/include/px4_msgs/msg/detail/vehicle_control_mode__rosidl_typesupport_introspection_cpp.hpp
[55.748s] -- Symlinking: /root/px4_ros_com_ros2/install/px4_msgs/include/px4_msgs/msg/detail/vehicle_gps_position__rosidl_typesupport_introspection_cpp.hpp
[55.760s] -- Symlinking: /root/px4_ros_com_ros2/install/px4_msgs/include/px4_msgs/msg/detail/vehicle_local_position__rosidl_typesupport_introspection_cpp.hpp
[55.772s] -- Symlinking: /root/px4_ros_com_ros2/install/px4_msgs/include/px4_msgs/msg/detail/vehicle_local_position_setpoint__rosidl_typesupport_introspection_cpp.hpp
[55.784s] -- Symlinking: /root/px4_ros_com_ros2/install/px4_msgs/include/px4_msgs/msg/detail/vehicle_odometry__rosidl_typesupport_introspection_cpp.hpp
[55.795s] -- Symlinking: /root/px4_ros_com_ros2/install/px4_msgs/include/px4_msgs/msg/detail/vehicle_rates_setpoint__rosidl_typesupport_introspection_cpp.hpp
[55.807s] -- Symlinking: /root/px4_ros_com_ros2/install/px4_msgs/include/px4_msgs/msg/detail/vehicle_status__rosidl_typesupport_introspection_cpp.hpp
[55.819s] -- Symlinking: /root/px4_ros_com_ros2/install/px4_msgs/include/px4_msgs/msg/detail/vehicle_visual_odometry__rosidl_typesupport_introspection_cpp.hpp
[55.832s] -- Symlinking: /root/px4_ros_com_ros2/install/px4_msgs/share/px4_msgs/environment/pythonpath.sh
[55.844s] -- Symlinking: /root/px4_ros_com_ros2/install/px4_msgs/share/px4_msgs/environment/pythonpath.dsv
[55.856s] -- Symlinking: /root/px4_ros_com_ros2/install/px4_msgs/lib/python3.8/site-packages/px4_msgs/__init__.py
[55.869s] -- Symlinking: /root/px4_ros_com_ros2/install/px4_msgs/lib/python3.8/site-packages/px4_msgs/msg/__init__.py
[55.880s] -- Symlinking: /root/px4_ros_com_ros2/install/px4_msgs/lib/python3.8/site-packages/px4_msgs/msg/_battery_status.py
[55.891s] -- Symlinking: /root/px4_ros_com_ros2/install/px4_msgs/lib/python3.8/site-packages/px4_msgs/msg/_debug_array.py
[55.903s] -- Symlinking: /root/px4_ros_com_ros2/install/px4_msgs/lib/python3.8/site-packages/px4_msgs/msg/_debug_key_value.py
[55.915s] -- Symlinking: /root/px4_ros_com_ros2/install/px4_msgs/lib/python3.8/site-packages/px4_msgs/msg/_debug_value.py
[55.927s] -- Symlinking: /root/px4_ros_com_ros2/install/px4_msgs/lib/python3.8/site-packages/px4_msgs/msg/_debug_vect.py
[55.939s] -- Symlinking: /root/px4_ros_com_ros2/install/px4_msgs/lib/python3.8/site-packages/px4_msgs/msg/_external_controller.py
[55.950s] -- Symlinking: /root/px4_ros_com_ros2/install/px4_msgs/lib/python3.8/site-packages/px4_msgs/msg/_gps_inject_data.py
[55.962s] -- Symlinking: /root/px4_ros_com_ros2/install/px4_msgs/lib/python3.8/site-packages/px4_msgs/msg/_manual_control_setpoint.py
[55.974s] -- Symlinking: /root/px4_ros_com_ros2/install/px4_msgs/lib/python3.8/site-packages/px4_msgs/msg/_offboard_control_mode.py
[55.986s] -- Symlinking: /root/px4_ros_com_ros2/install/px4_msgs/lib/python3.8/site-packages/px4_msgs/msg/_sensor_combined.py
[55.998s] -- Symlinking: /root/px4_ros_com_ros2/install/px4_msgs/lib/python3.8/site-packages/px4_msgs/msg/_sensor_gps.py
[56.009s] -- Symlinking: /root/px4_ros_com_ros2/install/px4_msgs/lib/python3.8/site-packages/px4_msgs/msg/_timesync.py
[56.021s] -- Symlinking: /root/px4_ros_com_ros2/install/px4_msgs/lib/python3.8/site-packages/px4_msgs/msg/_timesync_status.py
[56.033s] -- Symlinking: /root/px4_ros_com_ros2/install/px4_msgs/lib/python3.8/site-packages/px4_msgs/msg/_trajectory_setpoint.py
[56.045s] -- Symlinking: /root/px4_ros_com_ros2/install/px4_msgs/lib/python3.8/site-packages/px4_msgs/msg/_vehicle_attitude.py
[56.058s] -- Symlinking: /root/px4_ros_com_ros2/install/px4_msgs/lib/python3.8/site-packages/px4_msgs/msg/_vehicle_attitude_setpoint.py
[56.069s] -- Symlinking: /root/px4_ros_com_ros2/install/px4_msgs/lib/python3.8/site-packages/px4_msgs/msg/_vehicle_command.py
[56.081s] -- Symlinking: /root/px4_ros_com_ros2/install/px4_msgs/lib/python3.8/site-packages/px4_msgs/msg/_vehicle_control_mode.py
[56.092s] -- Symlinking: /root/px4_ros_com_ros2/install/px4_msgs/lib/python3.8/site-packages/px4_msgs/msg/_vehicle_gps_position.py
[56.104s] -- Symlinking: /root/px4_ros_com_ros2/install/px4_msgs/lib/python3.8/site-packages/px4_msgs/msg/_vehicle_local_position.py
[56.116s] -- Symlinking: /root/px4_ros_com_ros2/install/px4_msgs/lib/python3.8/site-packages/px4_msgs/msg/_vehicle_local_position_setpoint.py
[56.127s] -- Symlinking: /root/px4_ros_com_ros2/install/px4_msgs/lib/python3.8/site-packages/px4_msgs/msg/_vehicle_odometry.py
[56.139s] -- Symlinking: /root/px4_ros_com_ros2/install/px4_msgs/lib/python3.8/site-packages/px4_msgs/msg/_vehicle_rates_setpoint.py
[56.151s] -- Symlinking: /root/px4_ros_com_ros2/install/px4_msgs/lib/python3.8/site-packages/px4_msgs/msg/_vehicle_status.py
[56.163s] -- Symlinking: /root/px4_ros_com_ros2/install/px4_msgs/lib/python3.8/site-packages/px4_msgs/msg/_vehicle_visual_odometry.py
[56.175s] -- Symlinking: /root/px4_ros_com_ros2/install/px4_msgs/lib/python3.8/site-packages/px4_msgs/px4_msgs_s__rosidl_typesupport_fastrtps_c.cpython-38-x86_64-linux-gnu.so
[56.187s] -- Symlinking: /root/px4_ros_com_ros2/install/px4_msgs/lib/python3.8/site-packages/px4_msgs/px4_msgs_s__rosidl_typesupport_introspection_c.cpython-38-x86_64-linux-gnu.so
[56.199s] -- Symlinking: /root/px4_ros_com_ros2/install/px4_msgs/lib/python3.8/site-packages/px4_msgs/px4_msgs_s__rosidl_typesupport_c.cpython-38-x86_64-linux-gnu.so
[56.212s] -- Symlinking: /root/px4_ros_com_ros2/install/px4_msgs/lib/libpx4_msgs__python.so
[56.224s] -- Symlinking: /root/px4_ros_com_ros2/install/px4_msgs/share/px4_msgs/msg/BatteryStatus.idl
[56.236s] -- Symlinking: /root/px4_ros_com_ros2/install/px4_msgs/share/px4_msgs/msg/DebugArray.idl
[56.249s] -- Symlinking: /root/px4_ros_com_ros2/install/px4_msgs/share/px4_msgs/msg/DebugKeyValue.idl
[56.261s] -- Symlinking: /root/px4_ros_com_ros2/install/px4_msgs/share/px4_msgs/msg/DebugValue.idl
[56.273s] -- Symlinking: /root/px4_ros_com_ros2/install/px4_msgs/share/px4_msgs/msg/DebugVect.idl
[56.284s] -- Symlinking: /root/px4_ros_com_ros2/install/px4_msgs/share/px4_msgs/msg/ExternalController.idl
[56.296s] -- Symlinking: /root/px4_ros_com_ros2/install/px4_msgs/share/px4_msgs/msg/GpsInjectData.idl
[56.308s] -- Symlinking: /root/px4_ros_com_ros2/install/px4_msgs/share/px4_msgs/msg/ManualControlSetpoint.idl
[56.320s] -- Symlinking: /root/px4_ros_com_ros2/install/px4_msgs/share/px4_msgs/msg/OffboardControlMode.idl
[56.333s] -- Symlinking: /root/px4_ros_com_ros2/install/px4_msgs/share/px4_msgs/msg/SensorCombined.idl
[56.345s] -- Symlinking: /root/px4_ros_com_ros2/install/px4_msgs/share/px4_msgs/msg/SensorGps.idl
[56.357s] -- Symlinking: /root/px4_ros_com_ros2/install/px4_msgs/share/px4_msgs/msg/Timesync.idl
[56.368s] -- Symlinking: /root/px4_ros_com_ros2/install/px4_msgs/share/px4_msgs/msg/TimesyncStatus.idl
[56.381s] -- Symlinking: /root/px4_ros_com_ros2/install/px4_msgs/share/px4_msgs/msg/TrajectorySetpoint.idl
[56.393s] -- Symlinking: /root/px4_ros_com_ros2/install/px4_msgs/share/px4_msgs/msg/VehicleAttitude.idl
[56.404s] -- Symlinking: /root/px4_ros_com_ros2/install/px4_msgs/share/px4_msgs/msg/VehicleAttitudeSetpoint.idl
[56.417s] -- Symlinking: /root/px4_ros_com_ros2/install/px4_msgs/share/px4_msgs/msg/VehicleCommand.idl
[56.429s] -- Symlinking: /root/px4_ros_com_ros2/install/px4_msgs/share/px4_msgs/msg/VehicleControlMode.idl
[56.441s] -- Symlinking: /root/px4_ros_com_ros2/install/px4_msgs/share/px4_msgs/msg/VehicleGpsPosition.idl
[56.454s] -- Symlinking: /root/px4_ros_com_ros2/install/px4_msgs/share/px4_msgs/msg/VehicleLocalPosition.idl
[56.466s] -- Symlinking: /root/px4_ros_com_ros2/install/px4_msgs/share/px4_msgs/msg/VehicleLocalPositionSetpoint.idl
[56.478s] -- Symlinking: /root/px4_ros_com_ros2/install/px4_msgs/share/px4_msgs/msg/VehicleOdometry.idl
[56.490s] -- Symlinking: /root/px4_ros_com_ros2/install/px4_msgs/share/px4_msgs/msg/VehicleRatesSetpoint.idl
[56.501s] -- Symlinking: /root/px4_ros_com_ros2/install/px4_msgs/share/px4_msgs/msg/VehicleStatus.idl
[56.513s] -- Symlinking: /root/px4_ros_com_ros2/install/px4_msgs/share/px4_msgs/msg/VehicleVisualOdometry.idl
[56.525s] -- Symlinking: /root/px4_ros_com_ros2/install/px4_msgs/share/px4_msgs/msg/BatteryStatus.msg
[56.537s] -- Symlinking: /root/px4_ros_com_ros2/install/px4_msgs/share/px4_msgs/msg/DebugArray.msg
[56.548s] -- Symlinking: /root/px4_ros_com_ros2/install/px4_msgs/share/px4_msgs/msg/DebugKeyValue.msg
[56.560s] -- Symlinking: /root/px4_ros_com_ros2/install/px4_msgs/share/px4_msgs/msg/DebugValue.msg
[56.573s] -- Symlinking: /root/px4_ros_com_ros2/install/px4_msgs/share/px4_msgs/msg/DebugVect.msg
[56.585s] -- Symlinking: /root/px4_ros_com_ros2/install/px4_msgs/share/px4_msgs/msg/ExternalController.msg
[56.596s] -- Symlinking: /root/px4_ros_com_ros2/install/px4_msgs/share/px4_msgs/msg/GpsInjectData.msg
[56.608s] -- Symlinking: /root/px4_ros_com_ros2/install/px4_msgs/share/px4_msgs/msg/ManualControlSetpoint.msg
[56.621s] -- Symlinking: /root/px4_ros_com_ros2/install/px4_msgs/share/px4_msgs/msg/OffboardControlMode.msg
[56.633s] -- Symlinking: /root/px4_ros_com_ros2/install/px4_msgs/share/px4_msgs/msg/SensorCombined.msg
[56.644s] -- Symlinking: /root/px4_ros_com_ros2/install/px4_msgs/share/px4_msgs/msg/SensorGps.msg
[56.657s] -- Symlinking: /root/px4_ros_com_ros2/install/px4_msgs/share/px4_msgs/msg/Timesync.msg
[56.669s] -- Symlinking: /root/px4_ros_com_ros2/install/px4_msgs/share/px4_msgs/msg/TimesyncStatus.msg
[56.680s] -- Symlinking: /root/px4_ros_com_ros2/install/px4_msgs/share/px4_msgs/msg/TrajectorySetpoint.msg
[56.692s] -- Symlinking: /root/px4_ros_com_ros2/install/px4_msgs/share/px4_msgs/msg/VehicleAttitude.msg
[56.704s] -- Symlinking: /root/px4_ros_com_ros2/install/px4_msgs/share/px4_msgs/msg/VehicleAttitudeSetpoint.msg
[56.717s] -- Symlinking: /root/px4_ros_com_ros2/install/px4_msgs/share/px4_msgs/msg/VehicleCommand.msg
[56.728s] -- Symlinking: /root/px4_ros_com_ros2/install/px4_msgs/share/px4_msgs/msg/VehicleControlMode.msg
[56.740s] -- Symlinking: /root/px4_ros_com_ros2/install/px4_msgs/share/px4_msgs/msg/VehicleGpsPosition.msg
[56.752s] -- Symlinking: /root/px4_ros_com_ros2/install/px4_msgs/share/px4_msgs/msg/VehicleLocalPosition.msg
[56.763s] -- Symlinking: /root/px4_ros_com_ros2/install/px4_msgs/share/px4_msgs/msg/VehicleLocalPositionSetpoint.msg
[56.775s] -- Symlinking: /root/px4_ros_com_ros2/install/px4_msgs/share/px4_msgs/msg/VehicleOdometry.msg
[56.787s] -- Symlinking: /root/px4_ros_com_ros2/install/px4_msgs/share/px4_msgs/msg/VehicleRatesSetpoint.msg
[56.799s] -- Symlinking: /root/px4_ros_com_ros2/install/px4_msgs/share/px4_msgs/msg/VehicleStatus.msg
[56.813s] -- Symlinking: /root/px4_ros_com_ros2/install/px4_msgs/share/px4_msgs/msg/VehicleVisualOdometry.msg
[56.827s] -- Symlinking: /root/px4_ros_com_ros2/install/px4_msgs/share/ament_index/resource_index/package_run_dependencies/px4_msgs
[56.839s] -- Symlinking: /root/px4_ros_com_ros2/install/px4_msgs/share/ament_index/resource_index/parent_prefix_path/px4_msgs
[56.852s] -- Symlinking: /root/px4_ros_com_ros2/install/px4_msgs/share/px4_msgs/environment/ament_prefix_path.sh
[56.864s] -- Symlinking: /root/px4_ros_com_ros2/install/px4_msgs/share/px4_msgs/environment/ament_prefix_path.dsv
[56.876s] -- Symlinking: /root/px4_ros_com_ros2/install/px4_msgs/share/px4_msgs/environment/path.sh
[56.887s] -- Symlinking: /root/px4_ros_com_ros2/install/px4_msgs/share/px4_msgs/environment/path.dsv
[56.899s] -- Symlinking: /root/px4_ros_com_ros2/install/px4_msgs/share/px4_msgs/local_setup.bash
[56.910s] -- Symlinking: /root/px4_ros_com_ros2/install/px4_msgs/share/px4_msgs/local_setup.sh
[56.923s] -- Symlinking: /root/px4_ros_com_ros2/install/px4_msgs/share/px4_msgs/local_setup.zsh
[56.935s] -- Symlinking: /root/px4_ros_com_ros2/install/px4_msgs/share/px4_msgs/local_setup.dsv
[56.946s] -- Symlinking: /root/px4_ros_com_ros2/install/px4_msgs/share/px4_msgs/package.dsv
[56.958s] -- Symlinking: /root/px4_ros_com_ros2/install/px4_msgs/share/ament_index/resource_index/packages/px4_msgs
[56.971s] -- Symlinking: /root/px4_ros_com_ros2/install/px4_msgs/share/px4_msgs/cmake/rosidl_cmake-extras.cmake
[56.983s] -- Symlinking: /root/px4_ros_com_ros2/install/px4_msgs/share/px4_msgs/cmake/ament_cmake_export_dependencies-extras.cmake
[56.995s] -- Symlinking: /root/px4_ros_com_ros2/install/px4_msgs/share/px4_msgs/cmake/ament_cmake_export_libraries-extras.cmake
[57.006s] -- Symlinking: /root/px4_ros_com_ros2/install/px4_msgs/share/px4_msgs/cmake/ament_cmake_export_targets-extras.cmake
[57.018s] -- Symlinking: /root/px4_ros_com_ros2/install/px4_msgs/share/px4_msgs/cmake/ament_cmake_export_include_directories-extras.cmake
[57.031s] -- Symlinking: /root/px4_ros_com_ros2/install/px4_msgs/share/px4_msgs/cmake/rosidl_cmake_export_typesupport_libraries-extras.cmake
[57.042s] -- Symlinking: /root/px4_ros_com_ros2/install/px4_msgs/share/px4_msgs/cmake/rosidl_cmake_export_typesupport_targets-extras.cmake
[57.055s] -- Symlinking: /root/px4_ros_com_ros2/install/px4_msgs/share/px4_msgs/cmake/px4_msgsConfig.cmake
[57.067s] -- Symlinking: /root/px4_ros_com_ros2/install/px4_msgs/share/px4_msgs/cmake/px4_msgsConfig-version.cmake
[57.079s] -- Symlinking: /root/px4_ros_com_ros2/install/px4_msgs/share/px4_msgs/package.xml
[57.090s] -- Installing: /root/px4_ros_com_ros2/install/px4_msgs/lib/libpx4_msgs__rosidl_generator_c.so
[57.091s] -- Set runtime path of "/root/px4_ros_com_ros2/install/px4_msgs/lib/libpx4_msgs__rosidl_generator_c.so" to ""
[57.091s] -- Installing: /root/px4_ros_com_ros2/install/px4_msgs/lib/libpx4_msgs__rosidl_typesupport_introspection_c.so
[57.092s] -- Set runtime path of "/root/px4_ros_com_ros2/install/px4_msgs/lib/libpx4_msgs__rosidl_typesupport_introspection_c.so" to ""
[57.092s] -- Installing: /root/px4_ros_com_ros2/install/px4_msgs/lib/libpx4_msgs__rosidl_typesupport_c.so
[57.092s] -- Set runtime path of "/root/px4_ros_com_ros2/install/px4_msgs/lib/libpx4_msgs__rosidl_typesupport_c.so" to ""
[57.092s] -- Installing: /root/px4_ros_com_ros2/install/px4_msgs/lib/libpx4_msgs__rosidl_typesupport_introspection_cpp.so
[57.093s] -- Set runtime path of "/root/px4_ros_com_ros2/install/px4_msgs/lib/libpx4_msgs__rosidl_typesupport_introspection_cpp.so" to ""
[57.093s] -- Installing: /root/px4_ros_com_ros2/install/px4_msgs/lib/libpx4_msgs__rosidl_typesupport_cpp.so
[57.093s] -- Set runtime path of "/root/px4_ros_com_ros2/install/px4_msgs/lib/libpx4_msgs__rosidl_typesupport_cpp.so" to ""
[57.132s] Compiling '/root/px4_ros_com_ros2/install/px4_msgs/lib/python3.8/site-packages/px4_msgs/__init__.py'...
[57.137s] -- Installing: /root/px4_ros_com_ros2/install/px4_msgs/share/px4_msgs/cmake/px4_msgs__rosidl_generator_cExport.cmake
[57.137s] -- Installing: /root/px4_ros_com_ros2/install/px4_msgs/share/px4_msgs/cmake/px4_msgs__rosidl_generator_cExport-noconfig.cmake
[57.137s] -- Installing: /root/px4_ros_com_ros2/install/px4_msgs/share/px4_msgs/cmake/px4_msgs__rosidl_typesupport_introspection_cExport.cmake
[57.137s] -- Installing: /root/px4_ros_com_ros2/install/px4_msgs/share/px4_msgs/cmake/px4_msgs__rosidl_typesupport_introspection_cExport-noconfig.cmake
[57.138s] -- Installing: /root/px4_ros_com_ros2/install/px4_msgs/share/px4_msgs/cmake/px4_msgs__rosidl_typesupport_cExport.cmake
[57.138s] -- Installing: /root/px4_ros_com_ros2/install/px4_msgs/share/px4_msgs/cmake/px4_msgs__rosidl_typesupport_cExport-noconfig.cmake
[57.138s] -- Installing: /root/px4_ros_com_ros2/install/px4_msgs/share/px4_msgs/cmake/px4_msgs__rosidl_generator_cppExport.cmake
[57.138s] -- Installing: /root/px4_ros_com_ros2/install/px4_msgs/share/px4_msgs/cmake/px4_msgs__rosidl_typesupport_introspection_cppExport.cmake
[57.138s] -- Installing: /root/px4_ros_com_ros2/install/px4_msgs/share/px4_msgs/cmake/px4_msgs__rosidl_typesupport_introspection_cppExport-noconfig.cmake
[57.139s] -- Installing: /root/px4_ros_com_ros2/install/px4_msgs/share/px4_msgs/cmake/px4_msgs__rosidl_typesupport_cppExport.cmake
[57.139s] -- Installing: /root/px4_ros_com_ros2/install/px4_msgs/share/px4_msgs/cmake/px4_msgs__rosidl_typesupport_cppExport-noconfig.cmake
[57.143s] Invoked command in '/root/px4_ros_com_ros2/build/px4_msgs' returned '0': CMAKE_PREFIX_PATH=${CMAKE_PREFIX_PATH}:/root/px4_ros_com_ros2/install/dasc_robot_py:/opt/ros/galactic /usr/bin/cmake --install /root/px4_ros_com_ros2/build/px4_msgs
