[0.357s] DEBUG:colcon:Command line arguments: ['/usr/bin/colcon', 'build', '--symlink-install']
[0.358s] DEBUG:colcon:Parsed command line arguments: Namespace(ament_cmake_args=None, base_paths=['.'], build_base='build', catkin_cmake_args=None, catkin_skip_building_tests=False, cmake_args=None, cmake_clean_cache=False, cmake_clean_first=False, cmake_force_configure=False, cmake_target=None, cmake_target_skip_unavailable=False, continue_on_error=False, event_handlers=None, executor='parallel', ignore_user_meta=False, install_base='install', log_base=None, log_level=None, main=<bound method BuildVerb.main of <colcon_core.verb.build.BuildVerb object at 0x7fcf46151910>>, merge_install=False, metas=['./colcon.meta'], mixin=None, mixin_files=None, mixin_verb=('build',), packages_above=None, packages_above_and_dependencies=None, packages_above_depth=None, packages_end=None, packages_ignore=None, packages_ignore_regex=None, packages_select=None, packages_select_build_failed=False, packages_select_by_dep=None, packages_select_regex=None, packages_select_test_failures=False, packages_skip=None, packages_skip_build_finished=False, packages_skip_by_dep=None, packages_skip_regex=None, packages_skip_test_passed=False, packages_skip_up_to=None, packages_start=None, packages_up_to=None, packages_up_to_regex=None, parallel_workers=8, paths=None, symlink_install=True, test_result_base=None, verb_extension=<colcon_core.verb.build.BuildVerb object at 0x7fcf46151910>, verb_name='build', verb_parser=<colcon_mixin.mixin.mixin_argument.MixinArgumentDecorator object at 0x7fcf46151ee0>)
[0.363s] Level 1:colcon.colcon_core.package_discovery:discover_packages(colcon_meta) check parameters
[0.364s] INFO:colcon.colcon_metadata.package_discovery.colcon_meta:Using configuration from '/root/.colcon/metadata/default/Gazebo.meta'
[0.364s] INFO:colcon.colcon_metadata.package_discovery.colcon_meta:Using configuration from '/root/.colcon/metadata/default/fastrtps.meta'
[0.364s] Level 1:colcon.colcon_core.package_discovery:discover_packages(recursive) check parameters
[0.364s] Level 1:colcon.colcon_core.package_discovery:discover_packages(ignore) check parameters
[0.364s] Level 1:colcon.colcon_core.package_discovery:discover_packages(path) check parameters
[0.364s] Level 1:colcon.colcon_core.package_discovery:discover_packages(colcon_meta) discover
[0.364s] Level 1:colcon.colcon_core.package_discovery:discover_packages(recursive) discover
[0.364s] INFO:colcon.colcon_core.package_discovery:Crawling recursively for packages in '/root/px4_ros_com_ros2'
[0.364s] Level 1:colcon.colcon_core.package_identification:_identify(.) by extensions ['ignore', 'ignore_ament_install']
[0.365s] Level 1:colcon.colcon_core.package_identification:_identify(.) by extension 'ignore'
[0.365s] Level 1:colcon.colcon_core.package_identification:_identify(.) by extension 'ignore_ament_install'
[0.365s] Level 1:colcon.colcon_core.package_identification:_identify(.) by extensions ['colcon_pkg']
[0.365s] Level 1:colcon.colcon_core.package_identification:_identify(.) by extension 'colcon_pkg'
[0.365s] Level 1:colcon.colcon_core.package_identification:_identify(.) by extensions ['colcon_meta']
[0.365s] Level 1:colcon.colcon_core.package_identification:_identify(.) by extension 'colcon_meta'
[0.365s] Level 1:colcon.colcon_core.package_identification:_identify(.) by extensions ['ros']
[0.365s] Level 1:colcon.colcon_core.package_identification:_identify(.) by extension 'ros'
[0.376s] Level 1:colcon.colcon_core.package_identification:_identify(.) by extensions ['cmake', 'python']
[0.377s] Level 1:colcon.colcon_core.package_identification:_identify(.) by extension 'cmake'
[0.377s] Level 1:colcon.colcon_core.package_identification:_identify(.) by extension 'python'
[0.377s] Level 1:colcon.colcon_core.package_identification:_identify(.) by extensions ['python_setup_py']
[0.377s] Level 1:colcon.colcon_core.package_identification:_identify(.) by extension 'python_setup_py'
[0.377s] Level 1:colcon.colcon_core.package_identification:_identify(build) by extensions ['ignore', 'ignore_ament_install']
[0.377s] Level 1:colcon.colcon_core.package_identification:_identify(build) by extension 'ignore'
[0.377s] Level 1:colcon.colcon_core.package_identification:_identify(build) ignored
[0.377s] Level 1:colcon.colcon_core.package_identification:_identify(install) by extensions ['ignore', 'ignore_ament_install']
[0.377s] Level 1:colcon.colcon_core.package_identification:_identify(install) by extension 'ignore'
[0.377s] Level 1:colcon.colcon_core.package_identification:_identify(install) ignored
[0.377s] Level 1:colcon.colcon_core.package_identification:_identify(log) by extensions ['ignore', 'ignore_ament_install']
[0.377s] Level 1:colcon.colcon_core.package_identification:_identify(log) by extension 'ignore'
[0.377s] Level 1:colcon.colcon_core.package_identification:_identify(log) ignored
[0.378s] Level 1:colcon.colcon_core.package_identification:_identify(src) by extensions ['ignore', 'ignore_ament_install']
[0.378s] Level 1:colcon.colcon_core.package_identification:_identify(src) by extension 'ignore'
[0.378s] Level 1:colcon.colcon_core.package_identification:_identify(src) by extension 'ignore_ament_install'
[0.378s] Level 1:colcon.colcon_core.package_identification:_identify(src) by extensions ['colcon_pkg']
[0.378s] Level 1:colcon.colcon_core.package_identification:_identify(src) by extension 'colcon_pkg'
[0.378s] Level 1:colcon.colcon_core.package_identification:_identify(src) by extensions ['colcon_meta']
[0.378s] Level 1:colcon.colcon_core.package_identification:_identify(src) by extension 'colcon_meta'
[0.378s] Level 1:colcon.colcon_core.package_identification:_identify(src) by extensions ['ros']
[0.378s] Level 1:colcon.colcon_core.package_identification:_identify(src) by extension 'ros'
[0.378s] Level 1:colcon.colcon_core.package_identification:_identify(src) by extensions ['cmake', 'python']
[0.378s] Level 1:colcon.colcon_core.package_identification:_identify(src) by extension 'cmake'
[0.378s] Level 1:colcon.colcon_core.package_identification:_identify(src) by extension 'python'
[0.378s] Level 1:colcon.colcon_core.package_identification:_identify(src) by extensions ['python_setup_py']
[0.378s] Level 1:colcon.colcon_core.package_identification:_identify(src) by extension 'python_setup_py'
[0.378s] Level 1:colcon.colcon_core.package_identification:_identify(src/px4_msgs) by extensions ['ignore', 'ignore_ament_install']
[0.378s] Level 1:colcon.colcon_core.package_identification:_identify(src/px4_msgs) by extension 'ignore'
[0.378s] Level 1:colcon.colcon_core.package_identification:_identify(src/px4_msgs) by extension 'ignore_ament_install'
[0.378s] Level 1:colcon.colcon_core.package_identification:_identify(src/px4_msgs) by extensions ['colcon_pkg']
[0.378s] Level 1:colcon.colcon_core.package_identification:_identify(src/px4_msgs) by extension 'colcon_pkg'
[0.378s] Level 1:colcon.colcon_core.package_identification:_identify(src/px4_msgs) by extensions ['colcon_meta']
[0.379s] Level 1:colcon.colcon_core.package_identification:_identify(src/px4_msgs) by extension 'colcon_meta'
[0.379s] Level 1:colcon.colcon_core.package_identification:_identify(src/px4_msgs) by extensions ['ros']
[0.379s] Level 1:colcon.colcon_core.package_identification:_identify(src/px4_msgs) by extension 'ros'
[0.381s] DEBUG:colcon.colcon_core.package_identification:Package 'src/px4_msgs' with type 'ros.ament_cmake' and name 'px4_msgs'
[0.381s] Level 1:colcon.colcon_core.package_identification:_identify(src/px4_ros_com) by extensions ['ignore', 'ignore_ament_install']
[0.381s] Level 1:colcon.colcon_core.package_identification:_identify(src/px4_ros_com) by extension 'ignore'
[0.381s] Level 1:colcon.colcon_core.package_identification:_identify(src/px4_ros_com) by extension 'ignore_ament_install'
[0.381s] Level 1:colcon.colcon_core.package_identification:_identify(src/px4_ros_com) by extensions ['colcon_pkg']
[0.381s] Level 1:colcon.colcon_core.package_identification:_identify(src/px4_ros_com) by extension 'colcon_pkg'
[0.381s] Level 1:colcon.colcon_core.package_identification:_identify(src/px4_ros_com) by extensions ['colcon_meta']
[0.381s] Level 1:colcon.colcon_core.package_identification:_identify(src/px4_ros_com) by extension 'colcon_meta'
[0.381s] Level 1:colcon.colcon_core.package_identification:_identify(src/px4_ros_com) by extensions ['ros']
[0.381s] Level 1:colcon.colcon_core.package_identification:_identify(src/px4_ros_com) by extension 'ros'
[0.382s] DEBUG:colcon.colcon_core.package_identification:Package 'src/px4_ros_com' with type 'ros.ament_cmake' and name 'px4_ros_com'
[0.383s] Level 1:colcon.colcon_core.package_identification:_identify(src/robot-framework) by extensions ['ignore', 'ignore_ament_install']
[0.383s] Level 1:colcon.colcon_core.package_identification:_identify(src/robot-framework) by extension 'ignore'
[0.383s] Level 1:colcon.colcon_core.package_identification:_identify(src/robot-framework) by extension 'ignore_ament_install'
[0.383s] Level 1:colcon.colcon_core.package_identification:_identify(src/robot-framework) by extensions ['colcon_pkg']
[0.383s] Level 1:colcon.colcon_core.package_identification:_identify(src/robot-framework) by extension 'colcon_pkg'
[0.383s] Level 1:colcon.colcon_core.package_identification:_identify(src/robot-framework) by extensions ['colcon_meta']
[0.383s] Level 1:colcon.colcon_core.package_identification:_identify(src/robot-framework) by extension 'colcon_meta'
[0.383s] Level 1:colcon.colcon_core.package_identification:_identify(src/robot-framework) by extensions ['ros']
[0.383s] Level 1:colcon.colcon_core.package_identification:_identify(src/robot-framework) by extension 'ros'
[0.384s] DEBUG:colcon.colcon_core.package_identification:Package 'src/robot-framework' with type 'ros.ament_cmake' and name 'dasc_robot'
[0.384s] Level 1:colcon.colcon_core.package_identification:_identify(src/robot-framework-py) by extensions ['ignore', 'ignore_ament_install']
[0.384s] Level 1:colcon.colcon_core.package_identification:_identify(src/robot-framework-py) by extension 'ignore'
[0.384s] Level 1:colcon.colcon_core.package_identification:_identify(src/robot-framework-py) by extension 'ignore_ament_install'
[0.384s] Level 1:colcon.colcon_core.package_identification:_identify(src/robot-framework-py) by extensions ['colcon_pkg']
[0.384s] Level 1:colcon.colcon_core.package_identification:_identify(src/robot-framework-py) by extension 'colcon_pkg'
[0.384s] Level 1:colcon.colcon_core.package_identification:_identify(src/robot-framework-py) by extensions ['colcon_meta']
[0.384s] Level 1:colcon.colcon_core.package_identification:_identify(src/robot-framework-py) by extension 'colcon_meta'
[0.384s] Level 1:colcon.colcon_core.package_identification:_identify(src/robot-framework-py) by extensions ['ros']
[0.384s] Level 1:colcon.colcon_core.package_identification:_identify(src/robot-framework-py) by extension 'ros'
[0.385s] DEBUG:colcon.colcon_core.package_identification:Package 'src/robot-framework-py' with type 'ros.ament_python' and name 'dasc_robot_py'
[0.385s] Level 1:colcon.colcon_core.package_identification:_identify(src/ros2-vicon-receiver) by extensions ['ignore', 'ignore_ament_install']
[0.385s] Level 1:colcon.colcon_core.package_identification:_identify(src/ros2-vicon-receiver) by extension 'ignore'
[0.385s] Level 1:colcon.colcon_core.package_identification:_identify(src/ros2-vicon-receiver) by extension 'ignore_ament_install'
[0.385s] Level 1:colcon.colcon_core.package_identification:_identify(src/ros2-vicon-receiver) by extensions ['colcon_pkg']
[0.385s] Level 1:colcon.colcon_core.package_identification:_identify(src/ros2-vicon-receiver) by extension 'colcon_pkg'
[0.385s] Level 1:colcon.colcon_core.package_identification:_identify(src/ros2-vicon-receiver) by extensions ['colcon_meta']
[0.385s] Level 1:colcon.colcon_core.package_identification:_identify(src/ros2-vicon-receiver) by extension 'colcon_meta'
[0.385s] Level 1:colcon.colcon_core.package_identification:_identify(src/ros2-vicon-receiver) by extensions ['ros']
[0.385s] Level 1:colcon.colcon_core.package_identification:_identify(src/ros2-vicon-receiver) by extension 'ros'
[0.385s] Level 1:colcon.colcon_core.package_identification:_identify(src/ros2-vicon-receiver) by extensions ['cmake', 'python']
[0.386s] Level 1:colcon.colcon_core.package_identification:_identify(src/ros2-vicon-receiver) by extension 'cmake'
[0.386s] Level 1:colcon.colcon_core.package_identification:_identify(src/ros2-vicon-receiver) by extension 'python'
[0.386s] Level 1:colcon.colcon_core.package_identification:_identify(src/ros2-vicon-receiver) by extensions ['python_setup_py']
[0.386s] Level 1:colcon.colcon_core.package_identification:_identify(src/ros2-vicon-receiver) by extension 'python_setup_py'
[0.386s] Level 1:colcon.colcon_core.package_identification:_identify(src/ros2-vicon-receiver/DataStreamSDK_10.1) by extensions ['ignore', 'ignore_ament_install']
[0.386s] Level 1:colcon.colcon_core.package_identification:_identify(src/ros2-vicon-receiver/DataStreamSDK_10.1) by extension 'ignore'
[0.386s] Level 1:colcon.colcon_core.package_identification:_identify(src/ros2-vicon-receiver/DataStreamSDK_10.1) by extension 'ignore_ament_install'
[0.386s] Level 1:colcon.colcon_core.package_identification:_identify(src/ros2-vicon-receiver/DataStreamSDK_10.1) by extensions ['colcon_pkg']
[0.386s] Level 1:colcon.colcon_core.package_identification:_identify(src/ros2-vicon-receiver/DataStreamSDK_10.1) by extension 'colcon_pkg'
[0.386s] Level 1:colcon.colcon_core.package_identification:_identify(src/ros2-vicon-receiver/DataStreamSDK_10.1) by extensions ['colcon_meta']
[0.386s] Level 1:colcon.colcon_core.package_identification:_identify(src/ros2-vicon-receiver/DataStreamSDK_10.1) by extension 'colcon_meta'
[0.386s] Level 1:colcon.colcon_core.package_identification:_identify(src/ros2-vicon-receiver/DataStreamSDK_10.1) by extensions ['ros']
[0.386s] Level 1:colcon.colcon_core.package_identification:_identify(src/ros2-vicon-receiver/DataStreamSDK_10.1) by extension 'ros'
[0.386s] Level 1:colcon.colcon_core.package_identification:_identify(src/ros2-vicon-receiver/DataStreamSDK_10.1) by extensions ['cmake', 'python']
[0.386s] Level 1:colcon.colcon_core.package_identification:_identify(src/ros2-vicon-receiver/DataStreamSDK_10.1) by extension 'cmake'
[0.386s] Level 1:colcon.colcon_core.package_identification:_identify(src/ros2-vicon-receiver/DataStreamSDK_10.1) by extension 'python'
[0.386s] Level 1:colcon.colcon_core.package_identification:_identify(src/ros2-vicon-receiver/DataStreamSDK_10.1) by extensions ['python_setup_py']
[0.386s] Level 1:colcon.colcon_core.package_identification:_identify(src/ros2-vicon-receiver/DataStreamSDK_10.1) by extension 'python_setup_py'
[0.386s] Level 1:colcon.colcon_core.package_identification:_identify(src/ros2-vicon-receiver/vicon_receiver) by extensions ['ignore', 'ignore_ament_install']
[0.387s] Level 1:colcon.colcon_core.package_identification:_identify(src/ros2-vicon-receiver/vicon_receiver) by extension 'ignore'
[0.387s] Level 1:colcon.colcon_core.package_identification:_identify(src/ros2-vicon-receiver/vicon_receiver) by extension 'ignore_ament_install'
[0.387s] Level 1:colcon.colcon_core.package_identification:_identify(src/ros2-vicon-receiver/vicon_receiver) by extensions ['colcon_pkg']
[0.387s] Level 1:colcon.colcon_core.package_identification:_identify(src/ros2-vicon-receiver/vicon_receiver) by extension 'colcon_pkg'
[0.387s] Level 1:colcon.colcon_core.package_identification:_identify(src/ros2-vicon-receiver/vicon_receiver) by extensions ['colcon_meta']
[0.387s] Level 1:colcon.colcon_core.package_identification:_identify(src/ros2-vicon-receiver/vicon_receiver) by extension 'colcon_meta'
[0.387s] Level 1:colcon.colcon_core.package_identification:_identify(src/ros2-vicon-receiver/vicon_receiver) by extensions ['ros']
[0.387s] Level 1:colcon.colcon_core.package_identification:_identify(src/ros2-vicon-receiver/vicon_receiver) by extension 'ros'
[0.387s] DEBUG:colcon.colcon_core.package_identification:Package 'src/ros2-vicon-receiver/vicon_receiver' with type 'ros.ament_cmake' and name 'vicon_receiver'
[0.388s] Level 1:colcon.colcon_core.package_identification:_identify(src/vicon_px4_bridge) by extensions ['ignore', 'ignore_ament_install']
[0.388s] Level 1:colcon.colcon_core.package_identification:_identify(src/vicon_px4_bridge) by extension 'ignore'
[0.388s] Level 1:colcon.colcon_core.package_identification:_identify(src/vicon_px4_bridge) by extension 'ignore_ament_install'
[0.388s] Level 1:colcon.colcon_core.package_identification:_identify(src/vicon_px4_bridge) by extensions ['colcon_pkg']
[0.388s] Level 1:colcon.colcon_core.package_identification:_identify(src/vicon_px4_bridge) by extension 'colcon_pkg'
[0.388s] Level 1:colcon.colcon_core.package_identification:_identify(src/vicon_px4_bridge) by extensions ['colcon_meta']
[0.388s] Level 1:colcon.colcon_core.package_identification:_identify(src/vicon_px4_bridge) by extension 'colcon_meta'
[0.388s] Level 1:colcon.colcon_core.package_identification:_identify(src/vicon_px4_bridge) by extensions ['ros']
[0.388s] Level 1:colcon.colcon_core.package_identification:_identify(src/vicon_px4_bridge) by extension 'ros'
[0.389s] DEBUG:colcon.colcon_core.package_identification:Package 'src/vicon_px4_bridge' with type 'ros.ament_cmake' and name 'vicon_px4_bridge'
[0.389s] Level 1:colcon.colcon_core.package_discovery:discover_packages(recursive) using defaults
[0.389s] Level 1:colcon.colcon_core.package_discovery:discover_packages(ignore) discover
[0.389s] Level 1:colcon.colcon_core.package_discovery:discover_packages(ignore) using defaults
[0.389s] Level 1:colcon.colcon_core.package_discovery:discover_packages(path) discover
[0.389s] Level 1:colcon.colcon_core.package_discovery:discover_packages(path) using defaults
[0.414s] Level 5:colcon.colcon_core.verb:set package 'dasc_robot_py' build argument 'cmake_args' from command line to 'None'
[0.414s] Level 5:colcon.colcon_core.verb:set package 'dasc_robot_py' build argument 'cmake_target' from command line to 'None'
[0.414s] Level 5:colcon.colcon_core.verb:set package 'dasc_robot_py' build argument 'cmake_target_skip_unavailable' from command line to 'False'
[0.414s] Level 5:colcon.colcon_core.verb:set package 'dasc_robot_py' build argument 'cmake_clean_cache' from command line to 'False'
[0.414s] Level 5:colcon.colcon_core.verb:set package 'dasc_robot_py' build argument 'cmake_clean_first' from command line to 'False'
[0.414s] Level 5:colcon.colcon_core.verb:set package 'dasc_robot_py' build argument 'cmake_force_configure' from command line to 'False'
[0.414s] Level 5:colcon.colcon_core.verb:set package 'dasc_robot_py' build argument 'ament_cmake_args' from command line to 'None'
[0.414s] Level 5:colcon.colcon_core.verb:set package 'dasc_robot_py' build argument 'catkin_cmake_args' from command line to 'None'
[0.414s] Level 5:colcon.colcon_core.verb:set package 'dasc_robot_py' build argument 'catkin_skip_building_tests' from command line to 'False'
[0.414s] DEBUG:colcon.colcon_core.verb:Building package 'dasc_robot_py' with the following arguments: {'ament_cmake_args': None, 'build_base': '/root/px4_ros_com_ros2/build/dasc_robot_py', 'catkin_cmake_args': None, 'catkin_skip_building_tests': False, 'cmake_args': None, 'cmake_clean_cache': False, 'cmake_clean_first': False, 'cmake_force_configure': False, 'cmake_target': None, 'cmake_target_skip_unavailable': False, 'install_base': '/root/px4_ros_com_ros2/install/dasc_robot_py', 'merge_install': False, 'path': '/root/px4_ros_com_ros2/src/robot-framework-py', 'symlink_install': True, 'test_result_base': None}
[0.417s] Level 5:colcon.colcon_core.verb:set package 'px4_msgs' build argument 'cmake_args' from command line to 'None'
[0.417s] Level 5:colcon.colcon_core.verb:set package 'px4_msgs' build argument 'cmake_target' from command line to 'None'
[0.417s] Level 5:colcon.colcon_core.verb:set package 'px4_msgs' build argument 'cmake_target_skip_unavailable' from command line to 'False'
[0.417s] Level 5:colcon.colcon_core.verb:set package 'px4_msgs' build argument 'cmake_clean_cache' from command line to 'False'
[0.417s] Level 5:colcon.colcon_core.verb:set package 'px4_msgs' build argument 'cmake_clean_first' from command line to 'False'
[0.417s] Level 5:colcon.colcon_core.verb:set package 'px4_msgs' build argument 'cmake_force_configure' from command line to 'False'
[0.417s] Level 5:colcon.colcon_core.verb:set package 'px4_msgs' build argument 'ament_cmake_args' from command line to 'None'
[0.417s] Level 5:colcon.colcon_core.verb:set package 'px4_msgs' build argument 'catkin_cmake_args' from command line to 'None'
[0.417s] Level 5:colcon.colcon_core.verb:set package 'px4_msgs' build argument 'catkin_skip_building_tests' from command line to 'False'
[0.418s] DEBUG:colcon.colcon_core.verb:Building package 'px4_msgs' with the following arguments: {'ament_cmake_args': None, 'build_base': '/root/px4_ros_com_ros2/build/px4_msgs', 'catkin_cmake_args': None, 'catkin_skip_building_tests': False, 'cmake_args': None, 'cmake_clean_cache': False, 'cmake_clean_first': False, 'cmake_force_configure': False, 'cmake_target': None, 'cmake_target_skip_unavailable': False, 'install_base': '/root/px4_ros_com_ros2/install/px4_msgs', 'merge_install': False, 'path': '/root/px4_ros_com_ros2/src/px4_msgs', 'symlink_install': True, 'test_result_base': None}
[0.421s] Level 5:colcon.colcon_core.verb:set package 'vicon_receiver' build argument 'cmake_args' from command line to 'None'
[0.421s] Level 5:colcon.colcon_core.verb:set package 'vicon_receiver' build argument 'cmake_target' from command line to 'None'
[0.421s] Level 5:colcon.colcon_core.verb:set package 'vicon_receiver' build argument 'cmake_target_skip_unavailable' from command line to 'False'
[0.421s] Level 5:colcon.colcon_core.verb:set package 'vicon_receiver' build argument 'cmake_clean_cache' from command line to 'False'
[0.421s] Level 5:colcon.colcon_core.verb:set package 'vicon_receiver' build argument 'cmake_clean_first' from command line to 'False'
[0.421s] Level 5:colcon.colcon_core.verb:set package 'vicon_receiver' build argument 'cmake_force_configure' from command line to 'False'
[0.421s] Level 5:colcon.colcon_core.verb:set package 'vicon_receiver' build argument 'ament_cmake_args' from command line to 'None'
[0.421s] Level 5:colcon.colcon_core.verb:set package 'vicon_receiver' build argument 'catkin_cmake_args' from command line to 'None'
[0.421s] Level 5:colcon.colcon_core.verb:set package 'vicon_receiver' build argument 'catkin_skip_building_tests' from command line to 'False'
[0.421s] DEBUG:colcon.colcon_core.verb:Building package 'vicon_receiver' with the following arguments: {'ament_cmake_args': None, 'build_base': '/root/px4_ros_com_ros2/build/vicon_receiver', 'catkin_cmake_args': None, 'catkin_skip_building_tests': False, 'cmake_args': None, 'cmake_clean_cache': False, 'cmake_clean_first': False, 'cmake_force_configure': False, 'cmake_target': None, 'cmake_target_skip_unavailable': False, 'install_base': '/root/px4_ros_com_ros2/install/vicon_receiver', 'merge_install': False, 'path': '/root/px4_ros_com_ros2/src/ros2-vicon-receiver/vicon_receiver', 'symlink_install': True, 'test_result_base': None}
[0.424s] Level 5:colcon.colcon_core.verb:set package 'px4_ros_com' build argument 'cmake_args' from command line to 'None'
[0.424s] Level 5:colcon.colcon_core.verb:set package 'px4_ros_com' build argument 'cmake_target' from command line to 'None'
[0.424s] Level 5:colcon.colcon_core.verb:set package 'px4_ros_com' build argument 'cmake_target_skip_unavailable' from command line to 'False'
[0.424s] Level 5:colcon.colcon_core.verb:set package 'px4_ros_com' build argument 'cmake_clean_cache' from command line to 'False'
[0.424s] Level 5:colcon.colcon_core.verb:set package 'px4_ros_com' build argument 'cmake_clean_first' from command line to 'False'
[0.424s] Level 5:colcon.colcon_core.verb:set package 'px4_ros_com' build argument 'cmake_force_configure' from command line to 'False'
[0.424s] Level 5:colcon.colcon_core.verb:set package 'px4_ros_com' build argument 'ament_cmake_args' from command line to 'None'
[0.424s] Level 5:colcon.colcon_core.verb:set package 'px4_ros_com' build argument 'catkin_cmake_args' from command line to 'None'
[0.424s] Level 5:colcon.colcon_core.verb:set package 'px4_ros_com' build argument 'catkin_skip_building_tests' from command line to 'False'
[0.424s] DEBUG:colcon.colcon_core.verb:Building package 'px4_ros_com' with the following arguments: {'ament_cmake_args': None, 'build_base': '/root/px4_ros_com_ros2/build/px4_ros_com', 'catkin_cmake_args': None, 'catkin_skip_building_tests': False, 'cmake_args': None, 'cmake_clean_cache': False, 'cmake_clean_first': False, 'cmake_force_configure': False, 'cmake_target': None, 'cmake_target_skip_unavailable': False, 'install_base': '/root/px4_ros_com_ros2/install/px4_ros_com', 'merge_install': False, 'path': '/root/px4_ros_com_ros2/src/px4_ros_com', 'symlink_install': True, 'test_result_base': None}
[0.427s] Level 5:colcon.colcon_core.verb:set package 'vicon_px4_bridge' build argument 'cmake_args' from command line to 'None'
[0.427s] Level 5:colcon.colcon_core.verb:set package 'vicon_px4_bridge' build argument 'cmake_target' from command line to 'None'
[0.427s] Level 5:colcon.colcon_core.verb:set package 'vicon_px4_bridge' build argument 'cmake_target_skip_unavailable' from command line to 'False'
[0.427s] Level 5:colcon.colcon_core.verb:set package 'vicon_px4_bridge' build argument 'cmake_clean_cache' from command line to 'False'
[0.427s] Level 5:colcon.colcon_core.verb:set package 'vicon_px4_bridge' build argument 'cmake_clean_first' from command line to 'False'
[0.427s] Level 5:colcon.colcon_core.verb:set package 'vicon_px4_bridge' build argument 'cmake_force_configure' from command line to 'False'
[0.427s] Level 5:colcon.colcon_core.verb:set package 'vicon_px4_bridge' build argument 'ament_cmake_args' from command line to 'None'
[0.427s] Level 5:colcon.colcon_core.verb:set package 'vicon_px4_bridge' build argument 'catkin_cmake_args' from command line to 'None'
[0.427s] Level 5:colcon.colcon_core.verb:set package 'vicon_px4_bridge' build argument 'catkin_skip_building_tests' from command line to 'False'
[0.427s] DEBUG:colcon.colcon_core.verb:Building package 'vicon_px4_bridge' with the following arguments: {'ament_cmake_args': None, 'build_base': '/root/px4_ros_com_ros2/build/vicon_px4_bridge', 'catkin_cmake_args': None, 'catkin_skip_building_tests': False, 'cmake_args': None, 'cmake_clean_cache': False, 'cmake_clean_first': False, 'cmake_force_configure': False, 'cmake_target': None, 'cmake_target_skip_unavailable': False, 'install_base': '/root/px4_ros_com_ros2/install/vicon_px4_bridge', 'merge_install': False, 'path': '/root/px4_ros_com_ros2/src/vicon_px4_bridge', 'symlink_install': True, 'test_result_base': None}
[0.430s] Level 5:colcon.colcon_core.verb:set package 'dasc_robot' build argument 'cmake_args' from command line to 'None'
[0.430s] Level 5:colcon.colcon_core.verb:set package 'dasc_robot' build argument 'cmake_target' from command line to 'None'
[0.430s] Level 5:colcon.colcon_core.verb:set package 'dasc_robot' build argument 'cmake_target_skip_unavailable' from command line to 'False'
[0.430s] Level 5:colcon.colcon_core.verb:set package 'dasc_robot' build argument 'cmake_clean_cache' from command line to 'False'
[0.430s] Level 5:colcon.colcon_core.verb:set package 'dasc_robot' build argument 'cmake_clean_first' from command line to 'False'
[0.430s] Level 5:colcon.colcon_core.verb:set package 'dasc_robot' build argument 'cmake_force_configure' from command line to 'False'
[0.430s] Level 5:colcon.colcon_core.verb:set package 'dasc_robot' build argument 'ament_cmake_args' from command line to 'None'
[0.430s] Level 5:colcon.colcon_core.verb:set package 'dasc_robot' build argument 'catkin_cmake_args' from command line to 'None'
[0.430s] Level 5:colcon.colcon_core.verb:set package 'dasc_robot' build argument 'catkin_skip_building_tests' from command line to 'False'
[0.430s] DEBUG:colcon.colcon_core.verb:Building package 'dasc_robot' with the following arguments: {'ament_cmake_args': None, 'build_base': '/root/px4_ros_com_ros2/build/dasc_robot', 'catkin_cmake_args': None, 'catkin_skip_building_tests': False, 'cmake_args': None, 'cmake_clean_cache': False, 'cmake_clean_first': False, 'cmake_force_configure': False, 'cmake_target': None, 'cmake_target_skip_unavailable': False, 'install_base': '/root/px4_ros_com_ros2/install/dasc_robot', 'merge_install': False, 'path': '/root/px4_ros_com_ros2/src/robot-framework', 'symlink_install': True, 'test_result_base': None}
[0.430s] INFO:colcon.colcon_core.executor:Executing jobs using 'parallel' executor
[0.433s] DEBUG:colcon.colcon_parallel_executor.executor.parallel:run_until_complete
[0.433s] INFO:colcon.colcon_ros.task.ament_cmake.build:Building ROS package in '/root/px4_ros_com_ros2/src/px4_msgs' with build type 'ament_cmake'
[0.433s] INFO:colcon.colcon_cmake.task.cmake.build:Building CMake package in '/root/px4_ros_com_ros2/src/px4_msgs'
[0.438s] INFO:colcon.colcon_core.plugin_system:Skipping extension 'colcon_core.shell.bat': Not used on non-Windows systems
[0.439s] INFO:colcon.colcon_core.shell:Skip shell extension 'powershell' for command environment: Not usable outside of PowerShell
[0.439s] DEBUG:colcon.colcon_core.shell:Skip shell extension 'dsv' for command environment
[0.441s] WARNING:colcon.colcon_ros.prefix_path.ament:The path '/root/px4_ros_com_ros2/install/px4_msgs' in the environment variable AMENT_PREFIX_PATH doesn't exist
[0.442s] WARNING:colcon.colcon_ros.prefix_path.catkin:The path '/root/px4_ros_com_ros2/install/px4_msgs' in the environment variable CMAKE_PREFIX_PATH doesn't exist
[0.442s] DEBUG:colcon.colcon_core.shell:Ignoring prefix path '/opt/ros/galactic'
[0.445s] INFO:colcon.colcon_ros.task.ament_cmake.build:Building ROS package in '/root/px4_ros_com_ros2/src/ros2-vicon-receiver/vicon_receiver' with build type 'ament_cmake'
[0.445s] INFO:colcon.colcon_cmake.task.cmake.build:Building CMake package in '/root/px4_ros_com_ros2/src/ros2-vicon-receiver/vicon_receiver'
[0.447s] INFO:colcon.colcon_core.shell:Skip shell extension 'powershell' for command environment: Not usable outside of PowerShell
[0.447s] DEBUG:colcon.colcon_core.shell:Skip shell extension 'dsv' for command environment
[0.450s] DEBUG:colcon.colcon_core.shell:Ignoring prefix path '/opt/ros/galactic'
[0.454s] INFO:colcon.colcon_ros.task.ament_python.build:Building ROS package in '/root/px4_ros_com_ros2/src/robot-framework-py' with build type 'ament_python'
[0.455s] Level 1:colcon.colcon_core.shell:create_environment_hook('dasc_robot_py', 'ament_prefix_path')
[0.456s] INFO:colcon.colcon_core.shell:Creating environment hook '/root/px4_ros_com_ros2/install/dasc_robot_py/share/dasc_robot_py/hook/ament_prefix_path.ps1'
[0.457s] INFO:colcon.colcon_core.shell:Creating environment descriptor '/root/px4_ros_com_ros2/install/dasc_robot_py/share/dasc_robot_py/hook/ament_prefix_path.dsv'
[0.458s] INFO:colcon.colcon_core.shell:Creating environment hook '/root/px4_ros_com_ros2/install/dasc_robot_py/share/dasc_robot_py/hook/ament_prefix_path.sh'
[0.459s] INFO:colcon.colcon_core.shell:Skip shell extension 'powershell' for command environment: Not usable outside of PowerShell
[0.459s] DEBUG:colcon.colcon_core.shell:Skip shell extension 'dsv' for command environment
[0.462s] DEBUG:colcon.colcon_core.shell:Ignoring prefix path '/opt/ros/galactic'
[0.472s] DEBUG:colcon.colcon_core.event_handler.log_command:Invoking command in '/root/px4_ros_com_ros2/build/px4_msgs': CMAKE_PREFIX_PATH=${CMAKE_PREFIX_PATH}:/root/px4_ros_com_ros2/install/dasc_robot_py:/opt/ros/galactic /usr/bin/cmake /root/px4_ros_com_ros2/src/px4_msgs -DAMENT_CMAKE_SYMLINK_INSTALL=1 -DCMAKE_INSTALL_PREFIX=/root/px4_ros_com_ros2/install/px4_msgs
[0.482s] DEBUG:colcon.colcon_core.event_handler.log_command:Invoking command in '/root/px4_ros_com_ros2/build/vicon_receiver': CMAKE_PREFIX_PATH=${CMAKE_PREFIX_PATH}:/root/px4_ros_com_ros2/install/dasc_robot_py:/opt/ros/galactic /usr/bin/cmake /root/px4_ros_com_ros2/src/ros2-vicon-receiver/vicon_receiver -DAMENT_CMAKE_SYMLINK_INSTALL=1 -DCMAKE_INSTALL_PREFIX=/root/px4_ros_com_ros2/install/vicon_receiver
[0.806s] INFO:colcon.colcon_core.task.python.build:Building Python package in '/root/px4_ros_com_ros2/src/robot-framework-py'
[0.808s] INFO:colcon.colcon_core.shell:Skip shell extension 'powershell' for command environment: Not usable outside of PowerShell
[0.808s] DEBUG:colcon.colcon_core.shell:Skip shell extension 'dsv' for command environment
[0.810s] DEBUG:colcon.colcon_core.shell:Ignoring prefix path '/opt/ros/galactic'
[0.820s] DEBUG:colcon.colcon_core.event_handler.log_command:Invoking command in '/root/px4_ros_com_ros2/build/dasc_robot_py': PYTHONPATH=/root/px4_ros_com_ros2/install/dasc_robot_py/lib/python3.8/site-packages:${PYTHONPATH} /usr/bin/python3 setup.py develop --prefix /root/px4_ros_com_ros2/install/dasc_robot_py --editable --build-directory /root/px4_ros_com_ros2/build/dasc_robot_py/build --no-deps install_data --install-dir /root/px4_ros_com_ros2/install/dasc_robot_py
[1.369s] Level 1:colcon.colcon_core.shell:create_environment_hook('dasc_robot_py', 'pythonpath_develop')
[1.371s] INFO:colcon.colcon_core.shell:Creating environment hook '/root/px4_ros_com_ros2/build/dasc_robot_py/share/dasc_robot_py/hook/pythonpath_develop.ps1'
[1.371s] DEBUG:colcon.colcon_core.event_handler.log_command:Invoked command in '/root/px4_ros_com_ros2/build/dasc_robot_py' returned '0': PYTHONPATH=/root/px4_ros_com_ros2/install/dasc_robot_py/lib/python3.8/site-packages:${PYTHONPATH} /usr/bin/python3 setup.py develop --prefix /root/px4_ros_com_ros2/install/dasc_robot_py --editable --build-directory /root/px4_ros_com_ros2/build/dasc_robot_py/build --no-deps install_data --install-dir /root/px4_ros_com_ros2/install/dasc_robot_py
[1.372s] INFO:colcon.colcon_core.shell:Creating environment descriptor '/root/px4_ros_com_ros2/build/dasc_robot_py/share/dasc_robot_py/hook/pythonpath_develop.dsv'
[1.372s] INFO:colcon.colcon_core.shell:Creating environment hook '/root/px4_ros_com_ros2/build/dasc_robot_py/share/dasc_robot_py/hook/pythonpath_develop.sh'
[1.378s] Level 1:colcon.colcon_core.environment:checking '/root/px4_ros_com_ros2/install/dasc_robot_py' for CMake module files
[1.378s] Level 1:colcon.colcon_core.environment:checking '/root/px4_ros_com_ros2/install/dasc_robot_py' for CMake config files
[1.379s] Level 1:colcon.colcon_core.environment:checking '/root/px4_ros_com_ros2/install/dasc_robot_py/lib'
[1.379s] Level 1:colcon.colcon_core.environment:checking '/root/px4_ros_com_ros2/install/dasc_robot_py/bin'
[1.379s] Level 1:colcon.colcon_core.environment:checking '/root/px4_ros_com_ros2/install/dasc_robot_py/lib/pkgconfig/dasc_robot_py.pc'
[1.380s] Level 1:colcon.colcon_core.environment:checking '/root/px4_ros_com_ros2/install/dasc_robot_py/lib/python3.8/site-packages'
[1.380s] Level 1:colcon.colcon_core.shell:create_environment_hook('dasc_robot_py', 'pythonpath')
[1.380s] INFO:colcon.colcon_core.shell:Creating environment hook '/root/px4_ros_com_ros2/install/dasc_robot_py/share/dasc_robot_py/hook/pythonpath.ps1'
[1.381s] INFO:colcon.colcon_core.shell:Creating environment descriptor '/root/px4_ros_com_ros2/install/dasc_robot_py/share/dasc_robot_py/hook/pythonpath.dsv'
[1.381s] INFO:colcon.colcon_core.shell:Creating environment hook '/root/px4_ros_com_ros2/install/dasc_robot_py/share/dasc_robot_py/hook/pythonpath.sh'
[1.382s] Level 1:colcon.colcon_core.environment:create_environment_scripts_only(dasc_robot_py)
[1.383s] INFO:colcon.colcon_core.shell:Creating package script '/root/px4_ros_com_ros2/install/dasc_robot_py/share/dasc_robot_py/package.ps1'
[1.384s] INFO:colcon.colcon_core.shell:Creating package descriptor '/root/px4_ros_com_ros2/install/dasc_robot_py/share/dasc_robot_py/package.dsv'
[1.385s] INFO:colcon.colcon_core.shell:Creating package script '/root/px4_ros_com_ros2/install/dasc_robot_py/share/dasc_robot_py/package.sh'
[1.386s] INFO:colcon.colcon_core.shell:Creating package script '/root/px4_ros_com_ros2/install/dasc_robot_py/share/dasc_robot_py/package.bash'
[1.387s] INFO:colcon.colcon_core.shell:Creating package script '/root/px4_ros_com_ros2/install/dasc_robot_py/share/dasc_robot_py/package.zsh'
[1.388s] Level 1:colcon.colcon_core.environment:create_file_with_runtime_dependencies(/root/px4_ros_com_ros2/install/dasc_robot_py/share/colcon-core/packages/dasc_robot_py)
[1.889s] DEBUG:colcon.colcon_core.event_handler.log_command:Invoked command in '/root/px4_ros_com_ros2/build/px4_msgs' returned '0': CMAKE_PREFIX_PATH=${CMAKE_PREFIX_PATH}:/root/px4_ros_com_ros2/install/dasc_robot_py:/opt/ros/galactic /usr/bin/cmake /root/px4_ros_com_ros2/src/px4_msgs -DAMENT_CMAKE_SYMLINK_INSTALL=1 -DCMAKE_INSTALL_PREFIX=/root/px4_ros_com_ros2/install/px4_msgs
[1.893s] DEBUG:colcon.colcon_core.event_handler.log_command:Invoking command in '/root/px4_ros_com_ros2/build/px4_msgs': CMAKE_PREFIX_PATH=${CMAKE_PREFIX_PATH}:/root/px4_ros_com_ros2/install/dasc_robot_py:/opt/ros/galactic /usr/bin/cmake --build /root/px4_ros_com_ros2/build/px4_msgs -- -j8 -l8
[2.354s] DEBUG:colcon.colcon_core.event_handler.log_command:Invoked command in '/root/px4_ros_com_ros2/build/vicon_receiver' returned '0': CMAKE_PREFIX_PATH=${CMAKE_PREFIX_PATH}:/root/px4_ros_com_ros2/install/dasc_robot_py:/opt/ros/galactic /usr/bin/cmake /root/px4_ros_com_ros2/src/ros2-vicon-receiver/vicon_receiver -DAMENT_CMAKE_SYMLINK_INSTALL=1 -DCMAKE_INSTALL_PREFIX=/root/px4_ros_com_ros2/install/vicon_receiver
[2.357s] DEBUG:colcon.colcon_core.event_handler.log_command:Invoking command in '/root/px4_ros_com_ros2/build/vicon_receiver': CMAKE_PREFIX_PATH=${CMAKE_PREFIX_PATH}:/root/px4_ros_com_ros2/install/dasc_robot_py:/opt/ros/galactic /usr/bin/cmake --build /root/px4_ros_com_ros2/build/vicon_receiver -- -j8 -l8
[15.058s] DEBUG:colcon.colcon_core.event_handler.log_command:Invoked command in '/root/px4_ros_com_ros2/build/vicon_receiver' returned '0': CMAKE_PREFIX_PATH=${CMAKE_PREFIX_PATH}:/root/px4_ros_com_ros2/install/dasc_robot_py:/opt/ros/galactic /usr/bin/cmake --build /root/px4_ros_com_ros2/build/vicon_receiver -- -j8 -l8
[15.136s] DEBUG:colcon.colcon_core.event_handler.log_command:Invoking command in '/root/px4_ros_com_ros2/build/vicon_receiver': CMAKE_PREFIX_PATH=${CMAKE_PREFIX_PATH}:/root/px4_ros_com_ros2/install/dasc_robot_py:/opt/ros/galactic /usr/bin/cmake --install /root/px4_ros_com_ros2/build/vicon_receiver
[15.920s] Level 1:colcon.colcon_core.environment:create_environment_scripts_only(vicon_receiver)
[15.922s] Level 1:colcon.colcon_core.environment:checking '/root/px4_ros_com_ros2/install/vicon_receiver' for CMake module files
[15.922s] DEBUG:colcon.colcon_core.event_handler.log_command:Invoked command in '/root/px4_ros_com_ros2/build/vicon_receiver' returned '0': CMAKE_PREFIX_PATH=${CMAKE_PREFIX_PATH}:/root/px4_ros_com_ros2/install/dasc_robot_py:/opt/ros/galactic /usr/bin/cmake --install /root/px4_ros_com_ros2/build/vicon_receiver
[15.923s] Level 1:colcon.colcon_core.environment:checking '/root/px4_ros_com_ros2/install/vicon_receiver' for CMake config files
[15.924s] Level 1:colcon.colcon_core.shell:create_environment_hook('vicon_receiver', 'cmake_prefix_path')
[15.925s] INFO:colcon.colcon_core.shell:Creating environment hook '/root/px4_ros_com_ros2/install/vicon_receiver/share/vicon_receiver/hook/cmake_prefix_path.ps1'
[15.926s] INFO:colcon.colcon_core.shell:Creating environment descriptor '/root/px4_ros_com_ros2/install/vicon_receiver/share/vicon_receiver/hook/cmake_prefix_path.dsv'
[15.926s] INFO:colcon.colcon_core.shell:Creating environment hook '/root/px4_ros_com_ros2/install/vicon_receiver/share/vicon_receiver/hook/cmake_prefix_path.sh'
[15.927s] Level 1:colcon.colcon_core.environment:checking '/root/px4_ros_com_ros2/install/vicon_receiver/lib'
[15.927s] Level 1:colcon.colcon_core.shell:create_environment_hook('vicon_receiver', 'ld_library_path_lib')
[15.928s] INFO:colcon.colcon_core.shell:Creating environment hook '/root/px4_ros_com_ros2/install/vicon_receiver/share/vicon_receiver/hook/ld_library_path_lib.ps1'
[15.929s] INFO:colcon.colcon_core.shell:Creating environment descriptor '/root/px4_ros_com_ros2/install/vicon_receiver/share/vicon_receiver/hook/ld_library_path_lib.dsv'
[15.929s] INFO:colcon.colcon_core.shell:Creating environment hook '/root/px4_ros_com_ros2/install/vicon_receiver/share/vicon_receiver/hook/ld_library_path_lib.sh'
[15.930s] Level 1:colcon.colcon_core.environment:checking '/root/px4_ros_com_ros2/install/vicon_receiver/bin'
[15.930s] Level 1:colcon.colcon_core.environment:checking '/root/px4_ros_com_ros2/install/vicon_receiver/lib/pkgconfig/vicon_receiver.pc'
[15.930s] Level 1:colcon.colcon_core.environment:checking '/root/px4_ros_com_ros2/install/vicon_receiver/lib/python3.8/site-packages'
[15.930s] Level 1:colcon.colcon_core.shell:create_environment_hook('vicon_receiver', 'pythonpath')
[15.931s] INFO:colcon.colcon_core.shell:Creating environment hook '/root/px4_ros_com_ros2/install/vicon_receiver/share/vicon_receiver/hook/pythonpath.ps1'
[15.932s] INFO:colcon.colcon_core.shell:Creating environment descriptor '/root/px4_ros_com_ros2/install/vicon_receiver/share/vicon_receiver/hook/pythonpath.dsv'
[15.932s] INFO:colcon.colcon_core.shell:Creating environment hook '/root/px4_ros_com_ros2/install/vicon_receiver/share/vicon_receiver/hook/pythonpath.sh'
[15.934s] INFO:colcon.colcon_core.shell:Creating package script '/root/px4_ros_com_ros2/install/vicon_receiver/share/vicon_receiver/package.ps1'
[15.934s] INFO:colcon.colcon_core.shell:Creating package descriptor '/root/px4_ros_com_ros2/install/vicon_receiver/share/vicon_receiver/package.dsv'
[15.935s] INFO:colcon.colcon_core.shell:Creating package script '/root/px4_ros_com_ros2/install/vicon_receiver/share/vicon_receiver/package.sh'
[15.936s] INFO:colcon.colcon_core.shell:Creating package script '/root/px4_ros_com_ros2/install/vicon_receiver/share/vicon_receiver/package.bash'
[15.936s] INFO:colcon.colcon_core.shell:Creating package script '/root/px4_ros_com_ros2/install/vicon_receiver/share/vicon_receiver/package.zsh'
[15.937s] Level 1:colcon.colcon_core.environment:create_file_with_runtime_dependencies(/root/px4_ros_com_ros2/install/vicon_receiver/share/colcon-core/packages/vicon_receiver)
[15.997s] Level 1:colcon.colcon_core.environment:create_environment_scripts_only(vicon_receiver)
[15.998s] Level 1:colcon.colcon_core.environment:checking '/root/px4_ros_com_ros2/install/vicon_receiver' for CMake module files
[15.999s] Level 1:colcon.colcon_core.environment:checking '/root/px4_ros_com_ros2/install/vicon_receiver' for CMake config files
[15.999s] Level 1:colcon.colcon_core.shell:create_environment_hook('vicon_receiver', 'cmake_prefix_path')
[16.000s] INFO:colcon.colcon_core.shell:Creating environment hook '/root/px4_ros_com_ros2/install/vicon_receiver/share/vicon_receiver/hook/cmake_prefix_path.ps1'
[16.000s] INFO:colcon.colcon_core.shell:Creating environment descriptor '/root/px4_ros_com_ros2/install/vicon_receiver/share/vicon_receiver/hook/cmake_prefix_path.dsv'
[16.001s] INFO:colcon.colcon_core.shell:Creating environment hook '/root/px4_ros_com_ros2/install/vicon_receiver/share/vicon_receiver/hook/cmake_prefix_path.sh'
[16.001s] Level 1:colcon.colcon_core.environment:checking '/root/px4_ros_com_ros2/install/vicon_receiver/lib'
[16.001s] Level 1:colcon.colcon_core.shell:create_environment_hook('vicon_receiver', 'ld_library_path_lib')
[16.002s] INFO:colcon.colcon_core.shell:Creating environment hook '/root/px4_ros_com_ros2/install/vicon_receiver/share/vicon_receiver/hook/ld_library_path_lib.ps1'
[16.003s] INFO:colcon.colcon_core.shell:Creating environment descriptor '/root/px4_ros_com_ros2/install/vicon_receiver/share/vicon_receiver/hook/ld_library_path_lib.dsv'
[16.003s] INFO:colcon.colcon_core.shell:Creating environment hook '/root/px4_ros_com_ros2/install/vicon_receiver/share/vicon_receiver/hook/ld_library_path_lib.sh'
[16.003s] Level 1:colcon.colcon_core.environment:checking '/root/px4_ros_com_ros2/install/vicon_receiver/bin'
[16.003s] Level 1:colcon.colcon_core.environment:checking '/root/px4_ros_com_ros2/install/vicon_receiver/lib/pkgconfig/vicon_receiver.pc'
[16.003s] Level 1:colcon.colcon_core.environment:checking '/root/px4_ros_com_ros2/install/vicon_receiver/lib/python3.8/site-packages'
[16.003s] Level 1:colcon.colcon_core.shell:create_environment_hook('vicon_receiver', 'pythonpath')
[16.004s] INFO:colcon.colcon_core.shell:Creating environment hook '/root/px4_ros_com_ros2/install/vicon_receiver/share/vicon_receiver/hook/pythonpath.ps1'
[16.005s] INFO:colcon.colcon_core.shell:Creating environment descriptor '/root/px4_ros_com_ros2/install/vicon_receiver/share/vicon_receiver/hook/pythonpath.dsv'
[16.005s] INFO:colcon.colcon_core.shell:Creating environment hook '/root/px4_ros_com_ros2/install/vicon_receiver/share/vicon_receiver/hook/pythonpath.sh'
[16.006s] INFO:colcon.colcon_core.shell:Creating package script '/root/px4_ros_com_ros2/install/vicon_receiver/share/vicon_receiver/package.ps1'
[16.007s] INFO:colcon.colcon_core.shell:Creating package descriptor '/root/px4_ros_com_ros2/install/vicon_receiver/share/vicon_receiver/package.dsv'
[16.007s] INFO:colcon.colcon_core.shell:Creating package script '/root/px4_ros_com_ros2/install/vicon_receiver/share/vicon_receiver/package.sh'
[16.008s] INFO:colcon.colcon_core.shell:Creating package script '/root/px4_ros_com_ros2/install/vicon_receiver/share/vicon_receiver/package.bash'
[16.009s] INFO:colcon.colcon_core.shell:Creating package script '/root/px4_ros_com_ros2/install/vicon_receiver/share/vicon_receiver/package.zsh'
[16.010s] Level 1:colcon.colcon_core.environment:create_file_with_runtime_dependencies(/root/px4_ros_com_ros2/install/vicon_receiver/share/colcon-core/packages/vicon_receiver)
[52.033s] DEBUG:colcon.colcon_core.event_handler.log_command:Invoked command in '/root/px4_ros_com_ros2/build/px4_msgs' returned '0': CMAKE_PREFIX_PATH=${CMAKE_PREFIX_PATH}:/root/px4_ros_com_ros2/install/dasc_robot_py:/opt/ros/galactic /usr/bin/cmake --build /root/px4_ros_com_ros2/build/px4_msgs -- -j8 -l8
[52.529s] DEBUG:colcon.colcon_core.event_handler.log_command:Invoking command in '/root/px4_ros_com_ros2/build/px4_msgs': CMAKE_PREFIX_PATH=${CMAKE_PREFIX_PATH}:/root/px4_ros_com_ros2/install/dasc_robot_py:/opt/ros/galactic /usr/bin/cmake --install /root/px4_ros_com_ros2/build/px4_msgs
[57.575s] Level 1:colcon.colcon_core.environment:create_environment_scripts_only(px4_msgs)
[57.576s] Level 1:colcon.colcon_core.environment:checking '/root/px4_ros_com_ros2/install/px4_msgs' for CMake module files
[57.577s] DEBUG:colcon.colcon_core.event_handler.log_command:Invoked command in '/root/px4_ros_com_ros2/build/px4_msgs' returned '0': CMAKE_PREFIX_PATH=${CMAKE_PREFIX_PATH}:/root/px4_ros_com_ros2/install/dasc_robot_py:/opt/ros/galactic /usr/bin/cmake --install /root/px4_ros_com_ros2/build/px4_msgs
[57.578s] Level 1:colcon.colcon_core.environment:checking '/root/px4_ros_com_ros2/install/px4_msgs' for CMake config files
[57.579s] Level 1:colcon.colcon_core.shell:create_environment_hook('px4_msgs', 'cmake_prefix_path')
[57.579s] INFO:colcon.colcon_core.shell:Creating environment hook '/root/px4_ros_com_ros2/install/px4_msgs/share/px4_msgs/hook/cmake_prefix_path.ps1'
[57.580s] INFO:colcon.colcon_core.shell:Creating environment descriptor '/root/px4_ros_com_ros2/install/px4_msgs/share/px4_msgs/hook/cmake_prefix_path.dsv'
[57.580s] INFO:colcon.colcon_core.shell:Creating environment hook '/root/px4_ros_com_ros2/install/px4_msgs/share/px4_msgs/hook/cmake_prefix_path.sh'
[57.581s] Level 1:colcon.colcon_core.environment:checking '/root/px4_ros_com_ros2/install/px4_msgs/lib'
[57.581s] Level 1:colcon.colcon_core.shell:create_environment_hook('px4_msgs', 'ld_library_path_lib')
[57.582s] INFO:colcon.colcon_core.shell:Creating environment hook '/root/px4_ros_com_ros2/install/px4_msgs/share/px4_msgs/hook/ld_library_path_lib.ps1'
[57.582s] INFO:colcon.colcon_core.shell:Creating environment descriptor '/root/px4_ros_com_ros2/install/px4_msgs/share/px4_msgs/hook/ld_library_path_lib.dsv'
[57.582s] INFO:colcon.colcon_core.shell:Creating environment hook '/root/px4_ros_com_ros2/install/px4_msgs/share/px4_msgs/hook/ld_library_path_lib.sh'
[57.583s] Level 1:colcon.colcon_core.environment:checking '/root/px4_ros_com_ros2/install/px4_msgs/bin'
[57.583s] Level 1:colcon.colcon_core.environment:checking '/root/px4_ros_com_ros2/install/px4_msgs/lib/pkgconfig/px4_msgs.pc'
[57.583s] Level 1:colcon.colcon_core.environment:checking '/root/px4_ros_com_ros2/install/px4_msgs/lib/python3.8/site-packages'
[57.583s] Level 1:colcon.colcon_core.shell:create_environment_hook('px4_msgs', 'pythonpath')
[57.584s] INFO:colcon.colcon_core.shell:Creating environment hook '/root/px4_ros_com_ros2/install/px4_msgs/share/px4_msgs/hook/pythonpath.ps1'
[57.584s] INFO:colcon.colcon_core.shell:Creating environment descriptor '/root/px4_ros_com_ros2/install/px4_msgs/share/px4_msgs/hook/pythonpath.dsv'
[57.584s] INFO:colcon.colcon_core.shell:Creating environment hook '/root/px4_ros_com_ros2/install/px4_msgs/share/px4_msgs/hook/pythonpath.sh'
[57.586s] INFO:colcon.colcon_core.shell:Creating package script '/root/px4_ros_com_ros2/install/px4_msgs/share/px4_msgs/package.ps1'
[57.586s] INFO:colcon.colcon_core.shell:Creating package descriptor '/root/px4_ros_com_ros2/install/px4_msgs/share/px4_msgs/package.dsv'
[57.587s] INFO:colcon.colcon_core.shell:Creating package script '/root/px4_ros_com_ros2/install/px4_msgs/share/px4_msgs/package.sh'
[57.587s] INFO:colcon.colcon_core.shell:Creating package script '/root/px4_ros_com_ros2/install/px4_msgs/share/px4_msgs/package.bash'
[57.588s] INFO:colcon.colcon_core.shell:Creating package script '/root/px4_ros_com_ros2/install/px4_msgs/share/px4_msgs/package.zsh'
[57.588s] Level 1:colcon.colcon_core.environment:create_file_with_runtime_dependencies(/root/px4_ros_com_ros2/install/px4_msgs/share/colcon-core/packages/px4_msgs)
[58.080s] Level 1:colcon.colcon_core.environment:create_environment_scripts_only(px4_msgs)
[58.082s] Level 1:colcon.colcon_core.environment:checking '/root/px4_ros_com_ros2/install/px4_msgs' for CMake module files
[58.083s] Level 1:colcon.colcon_core.environment:checking '/root/px4_ros_com_ros2/install/px4_msgs' for CMake config files
[58.084s] Level 1:colcon.colcon_core.shell:create_environment_hook('px4_msgs', 'cmake_prefix_path')
[58.085s] INFO:colcon.colcon_core.shell:Creating environment hook '/root/px4_ros_com_ros2/install/px4_msgs/share/px4_msgs/hook/cmake_prefix_path.ps1'
[58.085s] INFO:colcon.colcon_core.shell:Creating environment descriptor '/root/px4_ros_com_ros2/install/px4_msgs/share/px4_msgs/hook/cmake_prefix_path.dsv'
[58.086s] INFO:colcon.colcon_core.shell:Creating environment hook '/root/px4_ros_com_ros2/install/px4_msgs/share/px4_msgs/hook/cmake_prefix_path.sh'
[58.086s] Level 1:colcon.colcon_core.environment:checking '/root/px4_ros_com_ros2/install/px4_msgs/lib'
[58.086s] Level 1:colcon.colcon_core.shell:create_environment_hook('px4_msgs', 'ld_library_path_lib')
[58.087s] INFO:colcon.colcon_core.shell:Creating environment hook '/root/px4_ros_com_ros2/install/px4_msgs/share/px4_msgs/hook/ld_library_path_lib.ps1'
[58.087s] INFO:colcon.colcon_core.shell:Creating environment descriptor '/root/px4_ros_com_ros2/install/px4_msgs/share/px4_msgs/hook/ld_library_path_lib.dsv'
[58.088s] INFO:colcon.colcon_core.shell:Creating environment hook '/root/px4_ros_com_ros2/install/px4_msgs/share/px4_msgs/hook/ld_library_path_lib.sh'
[58.088s] Level 1:colcon.colcon_core.environment:checking '/root/px4_ros_com_ros2/install/px4_msgs/bin'
[58.088s] Level 1:colcon.colcon_core.environment:checking '/root/px4_ros_com_ros2/install/px4_msgs/lib/pkgconfig/px4_msgs.pc'
[58.088s] Level 1:colcon.colcon_core.environment:checking '/root/px4_ros_com_ros2/install/px4_msgs/lib/python3.8/site-packages'
[58.088s] Level 1:colcon.colcon_core.shell:create_environment_hook('px4_msgs', 'pythonpath')
[58.089s] INFO:colcon.colcon_core.shell:Creating environment hook '/root/px4_ros_com_ros2/install/px4_msgs/share/px4_msgs/hook/pythonpath.ps1'
[58.089s] INFO:colcon.colcon_core.shell:Creating environment descriptor '/root/px4_ros_com_ros2/install/px4_msgs/share/px4_msgs/hook/pythonpath.dsv'
[58.090s] INFO:colcon.colcon_core.shell:Creating environment hook '/root/px4_ros_com_ros2/install/px4_msgs/share/px4_msgs/hook/pythonpath.sh'
[58.091s] INFO:colcon.colcon_core.shell:Creating package script '/root/px4_ros_com_ros2/install/px4_msgs/share/px4_msgs/package.ps1'
[58.092s] INFO:colcon.colcon_core.shell:Creating package descriptor '/root/px4_ros_com_ros2/install/px4_msgs/share/px4_msgs/package.dsv'
[58.092s] INFO:colcon.colcon_core.shell:Creating package script '/root/px4_ros_com_ros2/install/px4_msgs/share/px4_msgs/package.sh'
[58.093s] INFO:colcon.colcon_core.shell:Creating package script '/root/px4_ros_com_ros2/install/px4_msgs/share/px4_msgs/package.bash'
[58.093s] INFO:colcon.colcon_core.shell:Creating package script '/root/px4_ros_com_ros2/install/px4_msgs/share/px4_msgs/package.zsh'
[58.093s] Level 1:colcon.colcon_core.environment:create_file_with_runtime_dependencies(/root/px4_ros_com_ros2/install/px4_msgs/share/colcon-core/packages/px4_msgs)
[58.094s] INFO:colcon.colcon_ros.task.ament_cmake.build:Building ROS package in '/root/px4_ros_com_ros2/src/px4_ros_com' with build type 'ament_cmake'
[58.094s] INFO:colcon.colcon_cmake.task.cmake.build:Building CMake package in '/root/px4_ros_com_ros2/src/px4_ros_com'
[58.095s] INFO:colcon.colcon_core.shell:Skip shell extension 'powershell' for command environment: Not usable outside of PowerShell
[58.095s] DEBUG:colcon.colcon_core.shell:Skip shell extension 'dsv' for command environment
[58.098s] DEBUG:colcon.colcon_core.shell:Ignoring prefix path '/opt/ros/galactic'
[58.101s] INFO:colcon.colcon_ros.task.ament_cmake.build:Building ROS package in '/root/px4_ros_com_ros2/src/vicon_px4_bridge' with build type 'ament_cmake'
[58.101s] INFO:colcon.colcon_cmake.task.cmake.build:Building CMake package in '/root/px4_ros_com_ros2/src/vicon_px4_bridge'
[58.102s] INFO:colcon.colcon_core.shell:Skip shell extension 'powershell' for command environment: Not usable outside of PowerShell
[58.103s] DEBUG:colcon.colcon_core.shell:Skip shell extension 'dsv' for command environment
[58.105s] DEBUG:colcon.colcon_core.shell:Ignoring prefix path '/opt/ros/galactic'
[58.115s] DEBUG:colcon.colcon_core.event_handler.log_command:Invoking command in '/root/px4_ros_com_ros2/build/px4_ros_com': CMAKE_PREFIX_PATH=${CMAKE_PREFIX_PATH}:/root/px4_ros_com_ros2/install/dasc_robot_py:/opt/ros/galactic LD_LIBRARY_PATH=/root/px4_ros_com_ros2/install/px4_msgs/lib:/opt/ros/galactic/opt/yaml_cpp_vendor/lib:/opt/ros/galactic/opt/rviz_ogre_vendor/lib:/opt/ros/galactic/lib/x86_64-linux-gnu:/opt/ros/galactic/lib:/usr/local/lib/ PYTHONPATH=/root/px4_ros_com_ros2/install/px4_msgs/lib/python3.8/site-packages:/opt/ros/galactic/lib/python3.8/site-packages:/root/px4_ros_com_ros2/src/robot-framework-py /usr/bin/cmake /root/px4_ros_com_ros2/src/px4_ros_com -DAMENT_CMAKE_SYMLINK_INSTALL=1 -DCMAKE_INSTALL_PREFIX=/root/px4_ros_com_ros2/install/px4_ros_com
[58.120s] DEBUG:colcon.colcon_core.event_handler.log_command:Invoking command in '/root/px4_ros_com_ros2/build/vicon_px4_bridge': AMENT_PREFIX_PATH=/root/px4_ros_com_ros2/install/vicon_receiver:${AMENT_PREFIX_PATH} CMAKE_PREFIX_PATH=/root/px4_ros_com_ros2/install/vicon_receiver:/root/px4_ros_com_ros2/install/px4_msgs:/root/px4_ros_com_ros2/install/dasc_robot_py:/opt/ros/galactic LD_LIBRARY_PATH=/root/px4_ros_com_ros2/install/vicon_receiver/lib:/root/px4_ros_com_ros2/install/px4_msgs/lib:/opt/ros/galactic/opt/yaml_cpp_vendor/lib:/opt/ros/galactic/opt/rviz_ogre_vendor/lib:/opt/ros/galactic/lib/x86_64-linux-gnu:/opt/ros/galactic/lib:/usr/local/lib/ PYTHONPATH=/root/px4_ros_com_ros2/install/vicon_receiver/lib/python3.8/site-packages:/root/px4_ros_com_ros2/install/px4_msgs/lib/python3.8/site-packages:/opt/ros/galactic/lib/python3.8/site-packages:/root/px4_ros_com_ros2/src/robot-framework-py /usr/bin/cmake /root/px4_ros_com_ros2/src/vicon_px4_bridge -DAMENT_CMAKE_SYMLINK_INSTALL=1 -DCMAKE_INSTALL_PREFIX=/root/px4_ros_com_ros2/install/vicon_px4_bridge
[61.540s] DEBUG:colcon.colcon_core.event_handler.log_command:Invoked command in '/root/px4_ros_com_ros2/build/vicon_px4_bridge' returned '0': AMENT_PREFIX_PATH=/root/px4_ros_com_ros2/install/vicon_receiver:${AMENT_PREFIX_PATH} CMAKE_PREFIX_PATH=/root/px4_ros_com_ros2/install/vicon_receiver:/root/px4_ros_com_ros2/install/px4_msgs:/root/px4_ros_com_ros2/install/dasc_robot_py:/opt/ros/galactic LD_LIBRARY_PATH=/root/px4_ros_com_ros2/install/vicon_receiver/lib:/root/px4_ros_com_ros2/install/px4_msgs/lib:/opt/ros/galactic/opt/yaml_cpp_vendor/lib:/opt/ros/galactic/opt/rviz_ogre_vendor/lib:/opt/ros/galactic/lib/x86_64-linux-gnu:/opt/ros/galactic/lib:/usr/local/lib/ PYTHONPATH=/root/px4_ros_com_ros2/install/vicon_receiver/lib/python3.8/site-packages:/root/px4_ros_com_ros2/install/px4_msgs/lib/python3.8/site-packages:/opt/ros/galactic/lib/python3.8/site-packages:/root/px4_ros_com_ros2/src/robot-framework-py /usr/bin/cmake /root/px4_ros_com_ros2/src/vicon_px4_bridge -DAMENT_CMAKE_SYMLINK_INSTALL=1 -DCMAKE_INSTALL_PREFIX=/root/px4_ros_com_ros2/install/vicon_px4_bridge
[61.544s] DEBUG:colcon.colcon_core.event_handler.log_command:Invoking command in '/root/px4_ros_com_ros2/build/vicon_px4_bridge': AMENT_PREFIX_PATH=/root/px4_ros_com_ros2/install/vicon_receiver:${AMENT_PREFIX_PATH} CMAKE_PREFIX_PATH=/root/px4_ros_com_ros2/install/vicon_receiver:/root/px4_ros_com_ros2/install/px4_msgs:/root/px4_ros_com_ros2/install/dasc_robot_py:/opt/ros/galactic LD_LIBRARY_PATH=/root/px4_ros_com_ros2/install/vicon_receiver/lib:/root/px4_ros_com_ros2/install/px4_msgs/lib:/opt/ros/galactic/opt/yaml_cpp_vendor/lib:/opt/ros/galactic/opt/rviz_ogre_vendor/lib:/opt/ros/galactic/lib/x86_64-linux-gnu:/opt/ros/galactic/lib:/usr/local/lib/ PYTHONPATH=/root/px4_ros_com_ros2/install/vicon_receiver/lib/python3.8/site-packages:/root/px4_ros_com_ros2/install/px4_msgs/lib/python3.8/site-packages:/opt/ros/galactic/lib/python3.8/site-packages:/root/px4_ros_com_ros2/src/robot-framework-py /usr/bin/cmake --build /root/px4_ros_com_ros2/build/vicon_px4_bridge -- -j8 -l8
[61.803s] DEBUG:colcon.colcon_core.event_handler.log_command:Invoked command in '/root/px4_ros_com_ros2/build/px4_ros_com' returned '0': CMAKE_PREFIX_PATH=${CMAKE_PREFIX_PATH}:/root/px4_ros_com_ros2/install/dasc_robot_py:/opt/ros/galactic LD_LIBRARY_PATH=/root/px4_ros_com_ros2/install/px4_msgs/lib:/opt/ros/galactic/opt/yaml_cpp_vendor/lib:/opt/ros/galactic/opt/rviz_ogre_vendor/lib:/opt/ros/galactic/lib/x86_64-linux-gnu:/opt/ros/galactic/lib:/usr/local/lib/ PYTHONPATH=/root/px4_ros_com_ros2/install/px4_msgs/lib/python3.8/site-packages:/opt/ros/galactic/lib/python3.8/site-packages:/root/px4_ros_com_ros2/src/robot-framework-py /usr/bin/cmake /root/px4_ros_com_ros2/src/px4_ros_com -DAMENT_CMAKE_SYMLINK_INSTALL=1 -DCMAKE_INSTALL_PREFIX=/root/px4_ros_com_ros2/install/px4_ros_com
[61.808s] DEBUG:colcon.colcon_core.event_handler.log_command:Invoking command in '/root/px4_ros_com_ros2/build/px4_ros_com': CMAKE_PREFIX_PATH=${CMAKE_PREFIX_PATH}:/root/px4_ros_com_ros2/install/dasc_robot_py:/opt/ros/galactic LD_LIBRARY_PATH=/root/px4_ros_com_ros2/install/px4_msgs/lib:/opt/ros/galactic/opt/yaml_cpp_vendor/lib:/opt/ros/galactic/opt/rviz_ogre_vendor/lib:/opt/ros/galactic/lib/x86_64-linux-gnu:/opt/ros/galactic/lib:/usr/local/lib/ PYTHONPATH=/root/px4_ros_com_ros2/install/px4_msgs/lib/python3.8/site-packages:/opt/ros/galactic/lib/python3.8/site-packages:/root/px4_ros_com_ros2/src/robot-framework-py /usr/bin/cmake --build /root/px4_ros_com_ros2/build/px4_ros_com -- -j8 -l8
[91.862s] DEBUG:colcon.colcon_core.event_handler.log_command:Invoked command in '/root/px4_ros_com_ros2/build/vicon_px4_bridge' returned '0': AMENT_PREFIX_PATH=/root/px4_ros_com_ros2/install/vicon_receiver:${AMENT_PREFIX_PATH} CMAKE_PREFIX_PATH=/root/px4_ros_com_ros2/install/vicon_receiver:/root/px4_ros_com_ros2/install/px4_msgs:/root/px4_ros_com_ros2/install/dasc_robot_py:/opt/ros/galactic LD_LIBRARY_PATH=/root/px4_ros_com_ros2/install/vicon_receiver/lib:/root/px4_ros_com_ros2/install/px4_msgs/lib:/opt/ros/galactic/opt/yaml_cpp_vendor/lib:/opt/ros/galactic/opt/rviz_ogre_vendor/lib:/opt/ros/galactic/lib/x86_64-linux-gnu:/opt/ros/galactic/lib:/usr/local/lib/ PYTHONPATH=/root/px4_ros_com_ros2/install/vicon_receiver/lib/python3.8/site-packages:/root/px4_ros_com_ros2/install/px4_msgs/lib/python3.8/site-packages:/opt/ros/galactic/lib/python3.8/site-packages:/root/px4_ros_com_ros2/src/robot-framework-py /usr/bin/cmake --build /root/px4_ros_com_ros2/build/vicon_px4_bridge -- -j8 -l8
[92.203s] DEBUG:colcon.colcon_core.event_handler.log_command:Invoking command in '/root/px4_ros_com_ros2/build/vicon_px4_bridge': AMENT_PREFIX_PATH=/root/px4_ros_com_ros2/install/vicon_receiver:${AMENT_PREFIX_PATH} CMAKE_PREFIX_PATH=/root/px4_ros_com_ros2/install/vicon_receiver:/root/px4_ros_com_ros2/install/px4_msgs:/root/px4_ros_com_ros2/install/dasc_robot_py:/opt/ros/galactic LD_LIBRARY_PATH=/root/px4_ros_com_ros2/install/vicon_receiver/lib:/root/px4_ros_com_ros2/install/px4_msgs/lib:/opt/ros/galactic/opt/yaml_cpp_vendor/lib:/opt/ros/galactic/opt/rviz_ogre_vendor/lib:/opt/ros/galactic/lib/x86_64-linux-gnu:/opt/ros/galactic/lib:/usr/local/lib/ PYTHONPATH=/root/px4_ros_com_ros2/install/vicon_receiver/lib/python3.8/site-packages:/root/px4_ros_com_ros2/install/px4_msgs/lib/python3.8/site-packages:/opt/ros/galactic/lib/python3.8/site-packages:/root/px4_ros_com_ros2/src/robot-framework-py /usr/bin/cmake --install /root/px4_ros_com_ros2/build/vicon_px4_bridge
[92.936s] Level 1:colcon.colcon_core.environment:create_environment_scripts_only(vicon_px4_bridge)
[92.938s] Level 1:colcon.colcon_core.environment:checking '/root/px4_ros_com_ros2/install/vicon_px4_bridge' for CMake module files
[92.939s] Level 1:colcon.colcon_core.environment:checking '/root/px4_ros_com_ros2/install/vicon_px4_bridge' for CMake config files
[92.941s] Level 1:colcon.colcon_core.shell:create_environment_hook('vicon_px4_bridge', 'cmake_prefix_path')
[92.942s] INFO:colcon.colcon_core.shell:Creating environment hook '/root/px4_ros_com_ros2/install/vicon_px4_bridge/share/vicon_px4_bridge/hook/cmake_prefix_path.ps1'
[92.943s] DEBUG:colcon.colcon_core.event_handler.log_command:Invoked command in '/root/px4_ros_com_ros2/build/vicon_px4_bridge' returned '0': AMENT_PREFIX_PATH=/root/px4_ros_com_ros2/install/vicon_receiver:${AMENT_PREFIX_PATH} CMAKE_PREFIX_PATH=/root/px4_ros_com_ros2/install/vicon_receiver:/root/px4_ros_com_ros2/install/px4_msgs:/root/px4_ros_com_ros2/install/dasc_robot_py:/opt/ros/galactic LD_LIBRARY_PATH=/root/px4_ros_com_ros2/install/vicon_receiver/lib:/root/px4_ros_com_ros2/install/px4_msgs/lib:/opt/ros/galactic/opt/yaml_cpp_vendor/lib:/opt/ros/galactic/opt/rviz_ogre_vendor/lib:/opt/ros/galactic/lib/x86_64-linux-gnu:/opt/ros/galactic/lib:/usr/local/lib/ PYTHONPATH=/root/px4_ros_com_ros2/install/vicon_receiver/lib/python3.8/site-packages:/root/px4_ros_com_ros2/install/px4_msgs/lib/python3.8/site-packages:/opt/ros/galactic/lib/python3.8/site-packages:/root/px4_ros_com_ros2/src/robot-framework-py /usr/bin/cmake --install /root/px4_ros_com_ros2/build/vicon_px4_bridge
[92.953s] INFO:colcon.colcon_core.shell:Creating environment descriptor '/root/px4_ros_com_ros2/install/vicon_px4_bridge/share/vicon_px4_bridge/hook/cmake_prefix_path.dsv'
[92.961s] INFO:colcon.colcon_core.shell:Creating environment hook '/root/px4_ros_com_ros2/install/vicon_px4_bridge/share/vicon_px4_bridge/hook/cmake_prefix_path.sh'
[92.962s] Level 1:colcon.colcon_core.environment:checking '/root/px4_ros_com_ros2/install/vicon_px4_bridge/lib'
[92.963s] Level 1:colcon.colcon_core.environment:checking '/root/px4_ros_com_ros2/install/vicon_px4_bridge/bin'
[92.963s] Level 1:colcon.colcon_core.environment:checking '/root/px4_ros_com_ros2/install/vicon_px4_bridge/lib/pkgconfig/vicon_px4_bridge.pc'
[92.963s] Level 1:colcon.colcon_core.environment:checking '/root/px4_ros_com_ros2/install/vicon_px4_bridge/lib/python3.8/site-packages'
[92.965s] INFO:colcon.colcon_core.shell:Creating package script '/root/px4_ros_com_ros2/install/vicon_px4_bridge/share/vicon_px4_bridge/package.ps1'
[92.966s] INFO:colcon.colcon_core.shell:Creating package descriptor '/root/px4_ros_com_ros2/install/vicon_px4_bridge/share/vicon_px4_bridge/package.dsv'
[92.967s] INFO:colcon.colcon_core.shell:Creating package script '/root/px4_ros_com_ros2/install/vicon_px4_bridge/share/vicon_px4_bridge/package.sh'
[92.968s] INFO:colcon.colcon_core.shell:Creating package script '/root/px4_ros_com_ros2/install/vicon_px4_bridge/share/vicon_px4_bridge/package.bash'
[92.971s] INFO:colcon.colcon_core.shell:Creating package script '/root/px4_ros_com_ros2/install/vicon_px4_bridge/share/vicon_px4_bridge/package.zsh'
[92.972s] Level 1:colcon.colcon_core.environment:create_file_with_runtime_dependencies(/root/px4_ros_com_ros2/install/vicon_px4_bridge/share/colcon-core/packages/vicon_px4_bridge)
[93.039s] Level 1:colcon.colcon_core.environment:create_environment_scripts_only(vicon_px4_bridge)
[93.042s] Level 1:colcon.colcon_core.environment:checking '/root/px4_ros_com_ros2/install/vicon_px4_bridge' for CMake module files
[93.043s] Level 1:colcon.colcon_core.environment:checking '/root/px4_ros_com_ros2/install/vicon_px4_bridge' for CMake config files
[93.044s] Level 1:colcon.colcon_core.shell:create_environment_hook('vicon_px4_bridge', 'cmake_prefix_path')
[93.045s] INFO:colcon.colcon_core.shell:Creating environment hook '/root/px4_ros_com_ros2/install/vicon_px4_bridge/share/vicon_px4_bridge/hook/cmake_prefix_path.ps1'
[93.047s] INFO:colcon.colcon_core.shell:Creating environment descriptor '/root/px4_ros_com_ros2/install/vicon_px4_bridge/share/vicon_px4_bridge/hook/cmake_prefix_path.dsv'
[93.048s] INFO:colcon.colcon_core.shell:Creating environment hook '/root/px4_ros_com_ros2/install/vicon_px4_bridge/share/vicon_px4_bridge/hook/cmake_prefix_path.sh'
[93.049s] Level 1:colcon.colcon_core.environment:checking '/root/px4_ros_com_ros2/install/vicon_px4_bridge/lib'
[93.049s] Level 1:colcon.colcon_core.environment:checking '/root/px4_ros_com_ros2/install/vicon_px4_bridge/bin'
[93.049s] Level 1:colcon.colcon_core.environment:checking '/root/px4_ros_com_ros2/install/vicon_px4_bridge/lib/pkgconfig/vicon_px4_bridge.pc'
[93.049s] Level 1:colcon.colcon_core.environment:checking '/root/px4_ros_com_ros2/install/vicon_px4_bridge/lib/python3.8/site-packages'
[93.051s] INFO:colcon.colcon_core.shell:Creating package script '/root/px4_ros_com_ros2/install/vicon_px4_bridge/share/vicon_px4_bridge/package.ps1'
[93.052s] INFO:colcon.colcon_core.shell:Creating package descriptor '/root/px4_ros_com_ros2/install/vicon_px4_bridge/share/vicon_px4_bridge/package.dsv'
[93.052s] INFO:colcon.colcon_core.shell:Creating package script '/root/px4_ros_com_ros2/install/vicon_px4_bridge/share/vicon_px4_bridge/package.sh'
[93.053s] INFO:colcon.colcon_core.shell:Creating package script '/root/px4_ros_com_ros2/install/vicon_px4_bridge/share/vicon_px4_bridge/package.bash'
[93.054s] INFO:colcon.colcon_core.shell:Creating package script '/root/px4_ros_com_ros2/install/vicon_px4_bridge/share/vicon_px4_bridge/package.zsh'
[93.055s] Level 1:colcon.colcon_core.environment:create_file_with_runtime_dependencies(/root/px4_ros_com_ros2/install/vicon_px4_bridge/share/colcon-core/packages/vicon_px4_bridge)
[150.046s] DEBUG:colcon.colcon_core.event_handler.log_command:Invoked command in '/root/px4_ros_com_ros2/build/px4_ros_com' returned '0': CMAKE_PREFIX_PATH=${CMAKE_PREFIX_PATH}:/root/px4_ros_com_ros2/install/dasc_robot_py:/opt/ros/galactic LD_LIBRARY_PATH=/root/px4_ros_com_ros2/install/px4_msgs/lib:/opt/ros/galactic/opt/yaml_cpp_vendor/lib:/opt/ros/galactic/opt/rviz_ogre_vendor/lib:/opt/ros/galactic/lib/x86_64-linux-gnu:/opt/ros/galactic/lib:/usr/local/lib/ PYTHONPATH=/root/px4_ros_com_ros2/install/px4_msgs/lib/python3.8/site-packages:/opt/ros/galactic/lib/python3.8/site-packages:/root/px4_ros_com_ros2/src/robot-framework-py /usr/bin/cmake --build /root/px4_ros_com_ros2/build/px4_ros_com -- -j8 -l8
[150.210s] DEBUG:colcon.colcon_core.event_handler.log_command:Invoking command in '/root/px4_ros_com_ros2/build/px4_ros_com': CMAKE_PREFIX_PATH=${CMAKE_PREFIX_PATH}:/root/px4_ros_com_ros2/install/dasc_robot_py:/opt/ros/galactic LD_LIBRARY_PATH=/root/px4_ros_com_ros2/install/px4_msgs/lib:/opt/ros/galactic/opt/yaml_cpp_vendor/lib:/opt/ros/galactic/opt/rviz_ogre_vendor/lib:/opt/ros/galactic/lib/x86_64-linux-gnu:/opt/ros/galactic/lib:/usr/local/lib/ PYTHONPATH=/root/px4_ros_com_ros2/install/px4_msgs/lib/python3.8/site-packages:/opt/ros/galactic/lib/python3.8/site-packages:/root/px4_ros_com_ros2/src/robot-framework-py /usr/bin/cmake --install /root/px4_ros_com_ros2/build/px4_ros_com
[150.685s] Level 1:colcon.colcon_core.environment:create_environment_scripts_only(px4_ros_com)
[150.687s] Level 1:colcon.colcon_core.environment:checking '/root/px4_ros_com_ros2/install/px4_ros_com' for CMake module files
[150.688s] DEBUG:colcon.colcon_core.event_handler.log_command:Invoked command in '/root/px4_ros_com_ros2/build/px4_ros_com' returned '0': CMAKE_PREFIX_PATH=${CMAKE_PREFIX_PATH}:/root/px4_ros_com_ros2/install/dasc_robot_py:/opt/ros/galactic LD_LIBRARY_PATH=/root/px4_ros_com_ros2/install/px4_msgs/lib:/opt/ros/galactic/opt/yaml_cpp_vendor/lib:/opt/ros/galactic/opt/rviz_ogre_vendor/lib:/opt/ros/galactic/lib/x86_64-linux-gnu:/opt/ros/galactic/lib:/usr/local/lib/ PYTHONPATH=/root/px4_ros_com_ros2/install/px4_msgs/lib/python3.8/site-packages:/opt/ros/galactic/lib/python3.8/site-packages:/root/px4_ros_com_ros2/src/robot-framework-py /usr/bin/cmake --install /root/px4_ros_com_ros2/build/px4_ros_com
[150.689s] Level 1:colcon.colcon_core.environment:checking '/root/px4_ros_com_ros2/install/px4_ros_com' for CMake config files
[150.690s] Level 1:colcon.colcon_core.shell:create_environment_hook('px4_ros_com', 'cmake_prefix_path')
[150.691s] INFO:colcon.colcon_core.shell:Creating environment hook '/root/px4_ros_com_ros2/install/px4_ros_com/share/px4_ros_com/hook/cmake_prefix_path.ps1'
[150.692s] INFO:colcon.colcon_core.shell:Creating environment descriptor '/root/px4_ros_com_ros2/install/px4_ros_com/share/px4_ros_com/hook/cmake_prefix_path.dsv'
[150.693s] INFO:colcon.colcon_core.shell:Creating environment hook '/root/px4_ros_com_ros2/install/px4_ros_com/share/px4_ros_com/hook/cmake_prefix_path.sh'
[150.694s] Level 1:colcon.colcon_core.environment:checking '/root/px4_ros_com_ros2/install/px4_ros_com/lib'
[150.694s] Level 1:colcon.colcon_core.shell:create_environment_hook('px4_ros_com', 'ld_library_path_lib')
[150.695s] INFO:colcon.colcon_core.shell:Creating environment hook '/root/px4_ros_com_ros2/install/px4_ros_com/share/px4_ros_com/hook/ld_library_path_lib.ps1'
[150.696s] INFO:colcon.colcon_core.shell:Creating environment descriptor '/root/px4_ros_com_ros2/install/px4_ros_com/share/px4_ros_com/hook/ld_library_path_lib.dsv'
[150.696s] INFO:colcon.colcon_core.shell:Creating environment hook '/root/px4_ros_com_ros2/install/px4_ros_com/share/px4_ros_com/hook/ld_library_path_lib.sh'
[150.697s] Level 1:colcon.colcon_core.environment:checking '/root/px4_ros_com_ros2/install/px4_ros_com/bin'
[150.697s] Level 1:colcon.colcon_core.shell:create_environment_hook('px4_ros_com', 'path')
[150.698s] INFO:colcon.colcon_core.shell:Creating environment hook '/root/px4_ros_com_ros2/install/px4_ros_com/share/px4_ros_com/hook/path.ps1'
[150.699s] INFO:colcon.colcon_core.shell:Creating environment descriptor '/root/px4_ros_com_ros2/install/px4_ros_com/share/px4_ros_com/hook/path.dsv'
[150.699s] INFO:colcon.colcon_core.shell:Creating environment hook '/root/px4_ros_com_ros2/install/px4_ros_com/share/px4_ros_com/hook/path.sh'
[150.699s] Level 1:colcon.colcon_core.environment:checking '/root/px4_ros_com_ros2/install/px4_ros_com/lib/pkgconfig/px4_ros_com.pc'
[150.700s] Level 1:colcon.colcon_core.environment:checking '/root/px4_ros_com_ros2/install/px4_ros_com/lib/python3.8/site-packages'
[150.701s] INFO:colcon.colcon_core.shell:Creating package script '/root/px4_ros_com_ros2/install/px4_ros_com/share/px4_ros_com/package.ps1'
[150.702s] INFO:colcon.colcon_core.shell:Creating package descriptor '/root/px4_ros_com_ros2/install/px4_ros_com/share/px4_ros_com/package.dsv'
[150.702s] INFO:colcon.colcon_core.shell:Creating package script '/root/px4_ros_com_ros2/install/px4_ros_com/share/px4_ros_com/package.sh'
[150.703s] INFO:colcon.colcon_core.shell:Creating package script '/root/px4_ros_com_ros2/install/px4_ros_com/share/px4_ros_com/package.bash'
[150.703s] INFO:colcon.colcon_core.shell:Creating package script '/root/px4_ros_com_ros2/install/px4_ros_com/share/px4_ros_com/package.zsh'
[150.704s] Level 1:colcon.colcon_core.environment:create_file_with_runtime_dependencies(/root/px4_ros_com_ros2/install/px4_ros_com/share/colcon-core/packages/px4_ros_com)
[150.873s] Level 1:colcon.colcon_core.environment:create_environment_scripts_only(px4_ros_com)
[150.874s] Level 1:colcon.colcon_core.environment:checking '/root/px4_ros_com_ros2/install/px4_ros_com' for CMake module files
[150.875s] Level 1:colcon.colcon_core.environment:checking '/root/px4_ros_com_ros2/install/px4_ros_com' for CMake config files
[150.876s] Level 1:colcon.colcon_core.shell:create_environment_hook('px4_ros_com', 'cmake_prefix_path')
[150.876s] INFO:colcon.colcon_core.shell:Creating environment hook '/root/px4_ros_com_ros2/install/px4_ros_com/share/px4_ros_com/hook/cmake_prefix_path.ps1'
[150.877s] INFO:colcon.colcon_core.shell:Creating environment descriptor '/root/px4_ros_com_ros2/install/px4_ros_com/share/px4_ros_com/hook/cmake_prefix_path.dsv'
[150.877s] INFO:colcon.colcon_core.shell:Creating environment hook '/root/px4_ros_com_ros2/install/px4_ros_com/share/px4_ros_com/hook/cmake_prefix_path.sh'
[150.878s] Level 1:colcon.colcon_core.environment:checking '/root/px4_ros_com_ros2/install/px4_ros_com/lib'
[150.878s] Level 1:colcon.colcon_core.shell:create_environment_hook('px4_ros_com', 'ld_library_path_lib')
[150.879s] INFO:colcon.colcon_core.shell:Creating environment hook '/root/px4_ros_com_ros2/install/px4_ros_com/share/px4_ros_com/hook/ld_library_path_lib.ps1'
[150.879s] INFO:colcon.colcon_core.shell:Creating environment descriptor '/root/px4_ros_com_ros2/install/px4_ros_com/share/px4_ros_com/hook/ld_library_path_lib.dsv'
[150.880s] INFO:colcon.colcon_core.shell:Creating environment hook '/root/px4_ros_com_ros2/install/px4_ros_com/share/px4_ros_com/hook/ld_library_path_lib.sh'
[150.880s] Level 1:colcon.colcon_core.environment:checking '/root/px4_ros_com_ros2/install/px4_ros_com/bin'
[150.880s] Level 1:colcon.colcon_core.shell:create_environment_hook('px4_ros_com', 'path')
[150.881s] INFO:colcon.colcon_core.shell:Creating environment hook '/root/px4_ros_com_ros2/install/px4_ros_com/share/px4_ros_com/hook/path.ps1'
[150.881s] INFO:colcon.colcon_core.shell:Creating environment descriptor '/root/px4_ros_com_ros2/install/px4_ros_com/share/px4_ros_com/hook/path.dsv'
[150.882s] INFO:colcon.colcon_core.shell:Creating environment hook '/root/px4_ros_com_ros2/install/px4_ros_com/share/px4_ros_com/hook/path.sh'
[150.882s] Level 1:colcon.colcon_core.environment:checking '/root/px4_ros_com_ros2/install/px4_ros_com/lib/pkgconfig/px4_ros_com.pc'
[150.883s] Level 1:colcon.colcon_core.environment:checking '/root/px4_ros_com_ros2/install/px4_ros_com/lib/python3.8/site-packages'
[150.884s] INFO:colcon.colcon_core.shell:Creating package script '/root/px4_ros_com_ros2/install/px4_ros_com/share/px4_ros_com/package.ps1'
[150.884s] INFO:colcon.colcon_core.shell:Creating package descriptor '/root/px4_ros_com_ros2/install/px4_ros_com/share/px4_ros_com/package.dsv'
[150.885s] INFO:colcon.colcon_core.shell:Creating package script '/root/px4_ros_com_ros2/install/px4_ros_com/share/px4_ros_com/package.sh'
[150.885s] INFO:colcon.colcon_core.shell:Creating package script '/root/px4_ros_com_ros2/install/px4_ros_com/share/px4_ros_com/package.bash'
[150.886s] INFO:colcon.colcon_core.shell:Creating package script '/root/px4_ros_com_ros2/install/px4_ros_com/share/px4_ros_com/package.zsh'
[150.886s] Level 1:colcon.colcon_core.environment:create_file_with_runtime_dependencies(/root/px4_ros_com_ros2/install/px4_ros_com/share/colcon-core/packages/px4_ros_com)
[150.887s] INFO:colcon.colcon_ros.task.ament_cmake.build:Building ROS package in '/root/px4_ros_com_ros2/src/robot-framework' with build type 'ament_cmake'
[150.887s] INFO:colcon.colcon_cmake.task.cmake.build:Building CMake package in '/root/px4_ros_com_ros2/src/robot-framework'
[150.888s] INFO:colcon.colcon_core.shell:Skip shell extension 'powershell' for command environment: Not usable outside of PowerShell
[150.888s] DEBUG:colcon.colcon_core.shell:Skip shell extension 'dsv' for command environment
[150.891s] DEBUG:colcon.colcon_core.shell:Ignoring prefix path '/opt/ros/galactic'
[151.015s] DEBUG:colcon.colcon_core.event_handler.log_command:Invoking command in '/root/px4_ros_com_ros2/build/dasc_robot': AMENT_PREFIX_PATH=/root/px4_ros_com_ros2/install/px4_ros_com:${AMENT_PREFIX_PATH} CMAKE_PREFIX_PATH=/root/px4_ros_com_ros2/install/px4_ros_com:/root/px4_ros_com_ros2/install/px4_msgs:/root/px4_ros_com_ros2/install/dasc_robot_py:/opt/ros/galactic LD_LIBRARY_PATH=/root/px4_ros_com_ros2/install/px4_ros_com/lib:/root/px4_ros_com_ros2/install/px4_msgs/lib:/opt/ros/galactic/opt/yaml_cpp_vendor/lib:/opt/ros/galactic/opt/rviz_ogre_vendor/lib:/opt/ros/galactic/lib/x86_64-linux-gnu:/opt/ros/galactic/lib:/usr/local/lib/ PATH=/root/px4_ros_com_ros2/install/px4_ros_com/bin:${PATH} PYTHONPATH=/root/px4_ros_com_ros2/install/px4_msgs/lib/python3.8/site-packages:/opt/ros/galactic/lib/python3.8/site-packages:/root/px4_ros_com_ros2/src/robot-framework-py /usr/bin/cmake /root/px4_ros_com_ros2/src/robot-framework -DAMENT_CMAKE_SYMLINK_INSTALL=1 -DCMAKE_INSTALL_PREFIX=/root/px4_ros_com_ros2/install/dasc_robot
[153.858s] DEBUG:colcon.colcon_core.event_handler.log_command:Invoked command in '/root/px4_ros_com_ros2/build/dasc_robot' returned '0': AMENT_PREFIX_PATH=/root/px4_ros_com_ros2/install/px4_ros_com:${AMENT_PREFIX_PATH} CMAKE_PREFIX_PATH=/root/px4_ros_com_ros2/install/px4_ros_com:/root/px4_ros_com_ros2/install/px4_msgs:/root/px4_ros_com_ros2/install/dasc_robot_py:/opt/ros/galactic LD_LIBRARY_PATH=/root/px4_ros_com_ros2/install/px4_ros_com/lib:/root/px4_ros_com_ros2/install/px4_msgs/lib:/opt/ros/galactic/opt/yaml_cpp_vendor/lib:/opt/ros/galactic/opt/rviz_ogre_vendor/lib:/opt/ros/galactic/lib/x86_64-linux-gnu:/opt/ros/galactic/lib:/usr/local/lib/ PATH=/root/px4_ros_com_ros2/install/px4_ros_com/bin:${PATH} PYTHONPATH=/root/px4_ros_com_ros2/install/px4_msgs/lib/python3.8/site-packages:/opt/ros/galactic/lib/python3.8/site-packages:/root/px4_ros_com_ros2/src/robot-framework-py /usr/bin/cmake /root/px4_ros_com_ros2/src/robot-framework -DAMENT_CMAKE_SYMLINK_INSTALL=1 -DCMAKE_INSTALL_PREFIX=/root/px4_ros_com_ros2/install/dasc_robot
[153.859s] DEBUG:colcon.colcon_core.event_handler.log_command:Invoking command in '/root/px4_ros_com_ros2/build/dasc_robot': AMENT_PREFIX_PATH=/root/px4_ros_com_ros2/install/px4_ros_com:${AMENT_PREFIX_PATH} CMAKE_PREFIX_PATH=/root/px4_ros_com_ros2/install/px4_ros_com:/root/px4_ros_com_ros2/install/px4_msgs:/root/px4_ros_com_ros2/install/dasc_robot_py:/opt/ros/galactic LD_LIBRARY_PATH=/root/px4_ros_com_ros2/install/px4_ros_com/lib:/root/px4_ros_com_ros2/install/px4_msgs/lib:/opt/ros/galactic/opt/yaml_cpp_vendor/lib:/opt/ros/galactic/opt/rviz_ogre_vendor/lib:/opt/ros/galactic/lib/x86_64-linux-gnu:/opt/ros/galactic/lib:/usr/local/lib/ PATH=/root/px4_ros_com_ros2/install/px4_ros_com/bin:${PATH} PYTHONPATH=/root/px4_ros_com_ros2/install/px4_msgs/lib/python3.8/site-packages:/opt/ros/galactic/lib/python3.8/site-packages:/root/px4_ros_com_ros2/src/robot-framework-py /usr/bin/cmake --build /root/px4_ros_com_ros2/build/dasc_robot -- -j8 -l8
[186.680s] DEBUG:colcon.colcon_core.event_handler.log_command:Invoked command in '/root/px4_ros_com_ros2/build/dasc_robot' returned '0': AMENT_PREFIX_PATH=/root/px4_ros_com_ros2/install/px4_ros_com:${AMENT_PREFIX_PATH} CMAKE_PREFIX_PATH=/root/px4_ros_com_ros2/install/px4_ros_com:/root/px4_ros_com_ros2/install/px4_msgs:/root/px4_ros_com_ros2/install/dasc_robot_py:/opt/ros/galactic LD_LIBRARY_PATH=/root/px4_ros_com_ros2/install/px4_ros_com/lib:/root/px4_ros_com_ros2/install/px4_msgs/lib:/opt/ros/galactic/opt/yaml_cpp_vendor/lib:/opt/ros/galactic/opt/rviz_ogre_vendor/lib:/opt/ros/galactic/lib/x86_64-linux-gnu:/opt/ros/galactic/lib:/usr/local/lib/ PATH=/root/px4_ros_com_ros2/install/px4_ros_com/bin:${PATH} PYTHONPATH=/root/px4_ros_com_ros2/install/px4_msgs/lib/python3.8/site-packages:/opt/ros/galactic/lib/python3.8/site-packages:/root/px4_ros_com_ros2/src/robot-framework-py /usr/bin/cmake --build /root/px4_ros_com_ros2/build/dasc_robot -- -j8 -l8
[186.729s] DEBUG:colcon.colcon_core.event_handler.log_command:Invoking command in '/root/px4_ros_com_ros2/build/dasc_robot': AMENT_PREFIX_PATH=/root/px4_ros_com_ros2/install/px4_ros_com:${AMENT_PREFIX_PATH} CMAKE_PREFIX_PATH=/root/px4_ros_com_ros2/install/px4_ros_com:/root/px4_ros_com_ros2/install/px4_msgs:/root/px4_ros_com_ros2/install/dasc_robot_py:/opt/ros/galactic LD_LIBRARY_PATH=/root/px4_ros_com_ros2/install/px4_ros_com/lib:/root/px4_ros_com_ros2/install/px4_msgs/lib:/opt/ros/galactic/opt/yaml_cpp_vendor/lib:/opt/ros/galactic/opt/rviz_ogre_vendor/lib:/opt/ros/galactic/lib/x86_64-linux-gnu:/opt/ros/galactic/lib:/usr/local/lib/ PATH=/root/px4_ros_com_ros2/install/px4_ros_com/bin:${PATH} PYTHONPATH=/root/px4_ros_com_ros2/install/px4_msgs/lib/python3.8/site-packages:/opt/ros/galactic/lib/python3.8/site-packages:/root/px4_ros_com_ros2/src/robot-framework-py /usr/bin/cmake --install /root/px4_ros_com_ros2/build/dasc_robot
[187.044s] Level 1:colcon.colcon_core.environment:create_environment_scripts_only(dasc_robot)
[187.047s] Level 1:colcon.colcon_core.environment:checking '/root/px4_ros_com_ros2/install/dasc_robot' for CMake module files
[187.047s] DEBUG:colcon.colcon_core.event_handler.log_command:Invoked command in '/root/px4_ros_com_ros2/build/dasc_robot' returned '0': AMENT_PREFIX_PATH=/root/px4_ros_com_ros2/install/px4_ros_com:${AMENT_PREFIX_PATH} CMAKE_PREFIX_PATH=/root/px4_ros_com_ros2/install/px4_ros_com:/root/px4_ros_com_ros2/install/px4_msgs:/root/px4_ros_com_ros2/install/dasc_robot_py:/opt/ros/galactic LD_LIBRARY_PATH=/root/px4_ros_com_ros2/install/px4_ros_com/lib:/root/px4_ros_com_ros2/install/px4_msgs/lib:/opt/ros/galactic/opt/yaml_cpp_vendor/lib:/opt/ros/galactic/opt/rviz_ogre_vendor/lib:/opt/ros/galactic/lib/x86_64-linux-gnu:/opt/ros/galactic/lib:/usr/local/lib/ PATH=/root/px4_ros_com_ros2/install/px4_ros_com/bin:${PATH} PYTHONPATH=/root/px4_ros_com_ros2/install/px4_msgs/lib/python3.8/site-packages:/opt/ros/galactic/lib/python3.8/site-packages:/root/px4_ros_com_ros2/src/robot-framework-py /usr/bin/cmake --install /root/px4_ros_com_ros2/build/dasc_robot
[187.048s] Level 1:colcon.colcon_core.environment:checking '/root/px4_ros_com_ros2/install/dasc_robot' for CMake config files
[187.048s] Level 1:colcon.colcon_core.shell:create_environment_hook('dasc_robot', 'cmake_prefix_path')
[187.049s] INFO:colcon.colcon_core.shell:Creating environment hook '/root/px4_ros_com_ros2/install/dasc_robot/share/dasc_robot/hook/cmake_prefix_path.ps1'
[187.049s] INFO:colcon.colcon_core.shell:Creating environment descriptor '/root/px4_ros_com_ros2/install/dasc_robot/share/dasc_robot/hook/cmake_prefix_path.dsv'
[187.049s] INFO:colcon.colcon_core.shell:Creating environment hook '/root/px4_ros_com_ros2/install/dasc_robot/share/dasc_robot/hook/cmake_prefix_path.sh'
[187.050s] Level 1:colcon.colcon_core.environment:checking '/root/px4_ros_com_ros2/install/dasc_robot/lib'
[187.050s] Level 1:colcon.colcon_core.environment:checking '/root/px4_ros_com_ros2/install/dasc_robot/bin'
[187.050s] Level 1:colcon.colcon_core.environment:checking '/root/px4_ros_com_ros2/install/dasc_robot/lib/pkgconfig/dasc_robot.pc'
[187.050s] Level 1:colcon.colcon_core.environment:checking '/root/px4_ros_com_ros2/install/dasc_robot/lib/python3.8/site-packages'
[187.051s] INFO:colcon.colcon_core.shell:Creating package script '/root/px4_ros_com_ros2/install/dasc_robot/share/dasc_robot/package.ps1'
[187.052s] INFO:colcon.colcon_core.shell:Creating package descriptor '/root/px4_ros_com_ros2/install/dasc_robot/share/dasc_robot/package.dsv'
[187.052s] INFO:colcon.colcon_core.shell:Creating package script '/root/px4_ros_com_ros2/install/dasc_robot/share/dasc_robot/package.sh'
[187.052s] INFO:colcon.colcon_core.shell:Creating package script '/root/px4_ros_com_ros2/install/dasc_robot/share/dasc_robot/package.bash'
[187.053s] INFO:colcon.colcon_core.shell:Creating package script '/root/px4_ros_com_ros2/install/dasc_robot/share/dasc_robot/package.zsh'
[187.053s] Level 1:colcon.colcon_core.environment:create_file_with_runtime_dependencies(/root/px4_ros_com_ros2/install/dasc_robot/share/colcon-core/packages/dasc_robot)
[187.101s] Level 1:colcon.colcon_core.environment:create_environment_scripts_only(dasc_robot)
[187.102s] Level 1:colcon.colcon_core.environment:checking '/root/px4_ros_com_ros2/install/dasc_robot' for CMake module files
[187.103s] Level 1:colcon.colcon_core.environment:checking '/root/px4_ros_com_ros2/install/dasc_robot' for CMake config files
[187.103s] Level 1:colcon.colcon_core.shell:create_environment_hook('dasc_robot', 'cmake_prefix_path')
[187.104s] INFO:colcon.colcon_core.shell:Creating environment hook '/root/px4_ros_com_ros2/install/dasc_robot/share/dasc_robot/hook/cmake_prefix_path.ps1'
[187.104s] INFO:colcon.colcon_core.shell:Creating environment descriptor '/root/px4_ros_com_ros2/install/dasc_robot/share/dasc_robot/hook/cmake_prefix_path.dsv'
[187.105s] INFO:colcon.colcon_core.shell:Creating environment hook '/root/px4_ros_com_ros2/install/dasc_robot/share/dasc_robot/hook/cmake_prefix_path.sh'
[187.105s] Level 1:colcon.colcon_core.environment:checking '/root/px4_ros_com_ros2/install/dasc_robot/lib'
[187.105s] Level 1:colcon.colcon_core.environment:checking '/root/px4_ros_com_ros2/install/dasc_robot/bin'
[187.106s] Level 1:colcon.colcon_core.environment:checking '/root/px4_ros_com_ros2/install/dasc_robot/lib/pkgconfig/dasc_robot.pc'
[187.106s] Level 1:colcon.colcon_core.environment:checking '/root/px4_ros_com_ros2/install/dasc_robot/lib/python3.8/site-packages'
[187.107s] INFO:colcon.colcon_core.shell:Creating package script '/root/px4_ros_com_ros2/install/dasc_robot/share/dasc_robot/package.ps1'
[187.107s] INFO:colcon.colcon_core.shell:Creating package descriptor '/root/px4_ros_com_ros2/install/dasc_robot/share/dasc_robot/package.dsv'
[187.108s] INFO:colcon.colcon_core.shell:Creating package script '/root/px4_ros_com_ros2/install/dasc_robot/share/dasc_robot/package.sh'
[187.108s] INFO:colcon.colcon_core.shell:Creating package script '/root/px4_ros_com_ros2/install/dasc_robot/share/dasc_robot/package.bash'
[187.108s] INFO:colcon.colcon_core.shell:Creating package script '/root/px4_ros_com_ros2/install/dasc_robot/share/dasc_robot/package.zsh'
[187.109s] Level 1:colcon.colcon_core.environment:create_file_with_runtime_dependencies(/root/px4_ros_com_ros2/install/dasc_robot/share/colcon-core/packages/dasc_robot)
[187.109s] DEBUG:colcon.colcon_parallel_executor.executor.parallel:closing loop
[187.109s] DEBUG:colcon.colcon_parallel_executor.executor.parallel:loop closed
[187.109s] DEBUG:colcon.colcon_parallel_executor.executor.parallel:run_until_complete finished with '0'
[187.109s] DEBUG:colcon.colcon_core.event_reactor:joining thread
[187.145s] INFO:colcon.colcon_core.plugin_system:Skipping extension 'colcon_notification.desktop_notification.notify_send': Could not find 'notify-send'
[187.145s] INFO:colcon.colcon_core.plugin_system:Skipping extension 'colcon_notification.desktop_notification.terminal_notifier': Not used on non-Darwin systems
[187.145s] INFO:colcon.colcon_core.plugin_system:Skipping extension 'colcon_notification.desktop_notification.win32': Not used on non-Windows systems
[187.145s] INFO:colcon.colcon_notification.desktop_notification:Sending desktop notification using 'notify2'
[187.147s] DEBUG:colcon.colcon_notification.desktop_notification.notify2:Failed to initialize notify2: org.freedesktop.DBus.Error.Spawn.ExecFailed: /usr/bin/dbus-launch terminated abnormally without any error message
[187.148s] DEBUG:colcon.colcon_core.event_reactor:joined thread
[187.149s] INFO:colcon.colcon_core.shell:Creating prefix script '/root/px4_ros_com_ros2/install/local_setup.ps1'
[187.150s] INFO:colcon.colcon_core.shell:Creating prefix util module '/root/px4_ros_com_ros2/install/_local_setup_util_ps1.py'
[187.167s] INFO:colcon.colcon_core.shell:Creating prefix chain script '/root/px4_ros_com_ros2/install/setup.ps1'
[187.170s] INFO:colcon.colcon_core.shell:Creating prefix script '/root/px4_ros_com_ros2/install/local_setup.sh'
[187.171s] INFO:colcon.colcon_core.shell:Creating prefix util module '/root/px4_ros_com_ros2/install/_local_setup_util_sh.py'
[187.172s] INFO:colcon.colcon_core.shell:Creating prefix chain script '/root/px4_ros_com_ros2/install/setup.sh'
[187.175s] INFO:colcon.colcon_core.shell:Creating prefix script '/root/px4_ros_com_ros2/install/local_setup.bash'
[187.176s] INFO:colcon.colcon_core.shell:Creating prefix chain script '/root/px4_ros_com_ros2/install/setup.bash'
[187.179s] INFO:colcon.colcon_core.shell:Creating prefix script '/root/px4_ros_com_ros2/install/local_setup.zsh'
[187.180s] INFO:colcon.colcon_core.shell:Creating prefix chain script '/root/px4_ros_com_ros2/install/setup.zsh'
