[0.124s] Invoking command in '/root/px4_ros_com_ros2/build/dasc_robot': AMENT_PREFIX_PATH=/root/px4_ros_com_ros2/install/px4_ros_com:${AMENT_PREFIX_PATH} CMAKE_PREFIX_PATH=/root/px4_ros_com_ros2/install/px4_ros_com:/root/px4_ros_com_ros2/install/px4_msgs:/root/px4_ros_com_ros2/install/dasc_robot_py:/opt/ros/galactic LD_LIBRARY_PATH=/root/px4_ros_com_ros2/install/px4_ros_com/lib:/root/px4_ros_com_ros2/install/px4_msgs/lib:/opt/ros/galactic/opt/yaml_cpp_vendor/lib:/opt/ros/galactic/opt/rviz_ogre_vendor/lib:/opt/ros/galactic/lib/x86_64-linux-gnu:/opt/ros/galactic/lib:/usr/local/lib/ PATH=/root/px4_ros_com_ros2/install/px4_ros_com/bin:${PATH} PYTHONPATH=/root/px4_ros_com_ros2/install/px4_msgs/lib/python3.8/site-packages:/opt/ros/galactic/lib/python3.8/site-packages:/root/px4_ros_com_ros2/src/robot-framework-py /usr/bin/cmake /root/px4_ros_com_ros2/src/robot-framework -DAMENT_CMAKE_SYMLINK_INSTALL=1 -DCMAKE_INSTALL_PREFIX=/root/px4_ros_com_ros2/install/dasc_robot
[0.231s] -- The C compiler identification is GNU 9.3.0
[0.296s] -- The CXX compiler identification is GNU 9.3.0
[0.301s] -- Check for working C compiler: /usr/lib/ccache/cc
[0.391s] -- Check for working C compiler: /usr/lib/ccache/cc -- works
[0.392s] -- Detecting C compiler ABI info
[0.459s] -- Detecting C compiler ABI info - done
[0.474s] -- Detecting C compile features
[0.474s] -- Detecting C compile features - done
[0.477s] -- Check for working CXX compiler: /usr/lib/ccache/c++
[0.581s] -- Check for working CXX compiler: /usr/lib/ccache/c++ -- works
[0.583s] -- Detecting CXX compiler ABI info
[0.664s] -- Detecting CXX compiler ABI info - done
[0.679s] -- Detecting CXX compile features
[0.680s] -- Detecting CXX compile features - done
[0.693s] -- Found ament_cmake: 1.1.4 (/opt/ros/galactic/share/ament_cmake/cmake)
[0.824s] -- Found PythonInterp: /usr/bin/python3 (found suitable version "3.8.10", minimum required is "3") 
[0.825s] -- Using PYTHON_EXECUTABLE: /usr/bin/python3
[0.934s] -- Override CMake install command with custom implementation using symlinks instead of copying resources
[0.968s] -- Found rclcpp: 9.2.0 (/opt/ros/galactic/share/rclcpp/cmake)
[1.026s] -- Using all available rosidl_typesupport_c: rosidl_typesupport_fastrtps_c;rosidl_typesupport_introspection_c
[1.033s] -- Found rosidl_adapter: 2.2.1 (/opt/ros/galactic/share/rosidl_adapter/cmake)
[1.144s] -- Found OpenSSL: /usr/lib/x86_64-linux-gnu/libcrypto.so (found version "1.1.1f")  
[1.184s] -- Found FastRTPS: /opt/ros/galactic/include  
[1.281s] -- Using all available rosidl_typesupport_cpp: rosidl_typesupport_fastrtps_cpp;rosidl_typesupport_introspection_cpp
[1.348s] -- Found rmw_implementation_cmake: 3.3.1 (/opt/ros/galactic/share/rmw_implementation_cmake/cmake)
[1.351s] -- Found rmw_fastrtps_cpp: 5.0.1 (/opt/ros/galactic/share/rmw_fastrtps_cpp/cmake)
[1.487s] -- Using RMW implementation 'rmw_fastrtps_cpp' as default
[1.488s] -- Looking for pthread.h
[1.586s] -- Looking for pthread.h - found
[1.586s] -- Performing Test CMAKE_HAVE_LIBC_PTHREAD
[1.691s] -- Performing Test CMAKE_HAVE_LIBC_PTHREAD - Failed
[1.691s] -- Looking for pthread_create in pthreads
[1.748s] -- Looking for pthread_create in pthreads - not found
[1.748s] -- Looking for pthread_create in pthread
[1.823s] -- Looking for pthread_create in pthread - found
[1.825s] -- Found Threads: TRUE  
[1.987s] -- Found tf2: 0.17.2 (/opt/ros/galactic/share/tf2/cmake)
[2.060s] -- Found tf2_ros: 0.17.2 (/opt/ros/galactic/share/tf2_ros/cmake)
[2.569s] -- Found px4_msgs: 2.0.1 (/root/px4_ros_com_ros2/install/px4_msgs/share/px4_msgs/cmake)
[2.611s] -- Found sensor_msgs: 2.2.3 (/opt/ros/galactic/share/sensor_msgs/cmake)
[2.694s] -- Found eigen3_cmake_module: 0.1.1 (/opt/ros/galactic/share/eigen3_cmake_module/cmake)
[2.704s] -- Found px4_ros_com: 0.1.0 (/root/px4_ros_com_ros2/install/px4_ros_com/share/px4_ros_com/cmake)
[2.852s] -- Configuring done
[2.955s] -- Generating done
[2.957s] -- Build files have been written to: /root/px4_ros_com_ros2/build/dasc_robot
[2.967s] Invoked command in '/root/px4_ros_com_ros2/build/dasc_robot' returned '0': AMENT_PREFIX_PATH=/root/px4_ros_com_ros2/install/px4_ros_com:${AMENT_PREFIX_PATH} CMAKE_PREFIX_PATH=/root/px4_ros_com_ros2/install/px4_ros_com:/root/px4_ros_com_ros2/install/px4_msgs:/root/px4_ros_com_ros2/install/dasc_robot_py:/opt/ros/galactic LD_LIBRARY_PATH=/root/px4_ros_com_ros2/install/px4_ros_com/lib:/root/px4_ros_com_ros2/install/px4_msgs/lib:/opt/ros/galactic/opt/yaml_cpp_vendor/lib:/opt/ros/galactic/opt/rviz_ogre_vendor/lib:/opt/ros/galactic/lib/x86_64-linux-gnu:/opt/ros/galactic/lib:/usr/local/lib/ PATH=/root/px4_ros_com_ros2/install/px4_ros_com/bin:${PATH} PYTHONPATH=/root/px4_ros_com_ros2/install/px4_msgs/lib/python3.8/site-packages:/opt/ros/galactic/lib/python3.8/site-packages:/root/px4_ros_com_ros2/src/robot-framework-py /usr/bin/cmake /root/px4_ros_com_ros2/src/robot-framework -DAMENT_CMAKE_SYMLINK_INSTALL=1 -DCMAKE_INSTALL_PREFIX=/root/px4_ros_com_ros2/install/dasc_robot
[2.968s] Invoking command in '/root/px4_ros_com_ros2/build/dasc_robot': AMENT_PREFIX_PATH=/root/px4_ros_com_ros2/install/px4_ros_com:${AMENT_PREFIX_PATH} CMAKE_PREFIX_PATH=/root/px4_ros_com_ros2/install/px4_ros_com:/root/px4_ros_com_ros2/install/px4_msgs:/root/px4_ros_com_ros2/install/dasc_robot_py:/opt/ros/galactic LD_LIBRARY_PATH=/root/px4_ros_com_ros2/install/px4_ros_com/lib:/root/px4_ros_com_ros2/install/px4_msgs/lib:/opt/ros/galactic/opt/yaml_cpp_vendor/lib:/opt/ros/galactic/opt/rviz_ogre_vendor/lib:/opt/ros/galactic/lib/x86_64-linux-gnu:/opt/ros/galactic/lib:/usr/local/lib/ PATH=/root/px4_ros_com_ros2/install/px4_ros_com/bin:${PATH} PYTHONPATH=/root/px4_ros_com_ros2/install/px4_msgs/lib/python3.8/site-packages:/opt/ros/galactic/lib/python3.8/site-packages:/root/px4_ros_com_ros2/src/robot-framework-py /usr/bin/cmake --build /root/px4_ros_com_ros2/build/dasc_robot -- -j8 -l8
[3.023s] [35m[1mScanning dependencies of target dascBots[0m
[3.148s] [  7%] [32mBuilding CXX object CMakeFiles/dascBots.dir/src/DASCRobots.cpp.o[0m
[23.617s] [ 14%] [32m[1mLinking CXX static library libdascBots.a[0m
[24.346s] [ 14%] Built target dascBots
[24.364s] [35m[1mScanning dependencies of target example_control_geometric[0m
[24.364s] [35m[1mScanning dependencies of target dasc_robot_lib[0m
[24.367s] [35m[1mScanning dependencies of target example_control[0m
[24.367s] [35m[1mScanning dependencies of target example_control_geometric_velocity[0m
[24.367s] [35m[1mScanning dependencies of target example_control_multi_rover[0m
[24.367s] [35m[1mScanning dependencies of target example_control_geometric_acceleration[0m
[24.432s] [ 21%] [32mBuilding CXX object CMakeFiles/example_control_geometric.dir/src/example_control_geometric.cpp.o[0m
[24.443s] [ 28%] [32mBuilding CXX object CMakeFiles/example_control.dir/src/example_control.cpp.o[0m
[24.448s] [ 35%] [32mBuilding CXX object CMakeFiles/example_control_multi_rover.dir/src/example_control_multi_rover.cpp.o[0m
[24.460s] [ 42%] [32mBuilding CXX object CMakeFiles/example_control_geometric_acceleration.dir/src/example_control_geometric_acceleration.cpp.o[0m
[24.460s] [ 50%] [32mBuilding CXX object CMakeFiles/example_control_geometric_velocity.dir/src/example_control_geometric_velocity.cpp.o[0m
[24.483s] [ 57%] [32mBuilding CXX object CMakeFiles/dasc_robot_lib.dir/src/dasc_robot_lib.cpp.o[0m
[28.977s] [ 64%] [32m[1mLinking CXX executable example_control_geometric_acceleration[0m
[30.186s] [ 71%] [32m[1mLinking CXX executable example_control_geometric_velocity[0m
[30.798s] [ 78%] [32m[1mLinking CXX executable example_control_geometric[0m
[31.171s] [ 85%] [32m[1mLinking CXX executable example_control_multi_rover[0m
[31.434s] [ 85%] Built target example_control_geometric_acceleration
[31.506s] [ 92%] [32m[1mLinking CXX executable example_control[0m
[34.138s] [ 92%] Built target example_control_geometric
[34.165s] [100%] [32m[1mLinking CXX shared library libdasc_robot_lib.so[0m
[34.173s] [100%] Built target example_control_geometric_velocity
[34.459s] [100%] Built target example_control_multi_rover
[34.516s] [100%] Built target example_control
[35.775s] [100%] Built target dasc_robot_lib
[35.790s] Invoked command in '/root/px4_ros_com_ros2/build/dasc_robot' returned '0': AMENT_PREFIX_PATH=/root/px4_ros_com_ros2/install/px4_ros_com:${AMENT_PREFIX_PATH} CMAKE_PREFIX_PATH=/root/px4_ros_com_ros2/install/px4_ros_com:/root/px4_ros_com_ros2/install/px4_msgs:/root/px4_ros_com_ros2/install/dasc_robot_py:/opt/ros/galactic LD_LIBRARY_PATH=/root/px4_ros_com_ros2/install/px4_ros_com/lib:/root/px4_ros_com_ros2/install/px4_msgs/lib:/opt/ros/galactic/opt/yaml_cpp_vendor/lib:/opt/ros/galactic/opt/rviz_ogre_vendor/lib:/opt/ros/galactic/lib/x86_64-linux-gnu:/opt/ros/galactic/lib:/usr/local/lib/ PATH=/root/px4_ros_com_ros2/install/px4_ros_com/bin:${PATH} PYTHONPATH=/root/px4_ros_com_ros2/install/px4_msgs/lib/python3.8/site-packages:/opt/ros/galactic/lib/python3.8/site-packages:/root/px4_ros_com_ros2/src/robot-framework-py /usr/bin/cmake --build /root/px4_ros_com_ros2/build/dasc_robot -- -j8 -l8
[35.838s] Invoking command in '/root/px4_ros_com_ros2/build/dasc_robot': AMENT_PREFIX_PATH=/root/px4_ros_com_ros2/install/px4_ros_com:${AMENT_PREFIX_PATH} CMAKE_PREFIX_PATH=/root/px4_ros_com_ros2/install/px4_ros_com:/root/px4_ros_com_ros2/install/px4_msgs:/root/px4_ros_com_ros2/install/dasc_robot_py:/opt/ros/galactic LD_LIBRARY_PATH=/root/px4_ros_com_ros2/install/px4_ros_com/lib:/root/px4_ros_com_ros2/install/px4_msgs/lib:/opt/ros/galactic/opt/yaml_cpp_vendor/lib:/opt/ros/galactic/opt/rviz_ogre_vendor/lib:/opt/ros/galactic/lib/x86_64-linux-gnu:/opt/ros/galactic/lib:/usr/local/lib/ PATH=/root/px4_ros_com_ros2/install/px4_ros_com/bin:${PATH} PYTHONPATH=/root/px4_ros_com_ros2/install/px4_msgs/lib/python3.8/site-packages:/opt/ros/galactic/lib/python3.8/site-packages:/root/px4_ros_com_ros2/src/robot-framework-py /usr/bin/cmake --install /root/px4_ros_com_ros2/build/dasc_robot
[35.849s] -- Install configuration: ""
[35.850s] -- Execute custom install script
[35.850s] -- Symlinking: /root/px4_ros_com_ros2/install/dasc_robot/share/dasc_robot/environment/library_path.sh
[35.861s] -- Symlinking: /root/px4_ros_com_ros2/install/dasc_robot/share/dasc_robot/environment/library_path.dsv
[35.873s] -- Symlinking: /root/px4_ros_com_ros2/install/dasc_robot/lib/dasc_robot/example_control
[35.884s] -- Symlinking: /root/px4_ros_com_ros2/install/dasc_robot/lib/dasc_robot/example_control_multi_rover
[35.896s] -- Symlinking: /root/px4_ros_com_ros2/install/dasc_robot/lib/dasc_robot/example_control_geometric
[35.907s] -- Symlinking: /root/px4_ros_com_ros2/install/dasc_robot/lib/dasc_robot/example_control_geometric_velocity
[35.919s] -- Symlinking: /root/px4_ros_com_ros2/install/dasc_robot/lib/dasc_robot/example_control_geometric_acceleration
[35.930s] -- Symlinking: /root/px4_ros_com_ros2/install/dasc_robot/share/ament_index/resource_index/package_run_dependencies/dasc_robot
[35.941s] -- Symlinking: /root/px4_ros_com_ros2/install/dasc_robot/share/ament_index/resource_index/parent_prefix_path/dasc_robot
[35.953s] -- Symlinking: /root/px4_ros_com_ros2/install/dasc_robot/share/dasc_robot/environment/ament_prefix_path.sh
[35.965s] -- Symlinking: /root/px4_ros_com_ros2/install/dasc_robot/share/dasc_robot/environment/ament_prefix_path.dsv
[35.976s] -- Symlinking: /root/px4_ros_com_ros2/install/dasc_robot/share/dasc_robot/environment/path.sh
[35.987s] -- Symlinking: /root/px4_ros_com_ros2/install/dasc_robot/share/dasc_robot/environment/path.dsv
[36.000s] -- Symlinking: /root/px4_ros_com_ros2/install/dasc_robot/share/dasc_robot/local_setup.bash
[36.011s] -- Symlinking: /root/px4_ros_com_ros2/install/dasc_robot/share/dasc_robot/local_setup.sh
[36.022s] -- Symlinking: /root/px4_ros_com_ros2/install/dasc_robot/share/dasc_robot/local_setup.zsh
[36.034s] -- Symlinking: /root/px4_ros_com_ros2/install/dasc_robot/share/dasc_robot/local_setup.dsv
[36.046s] -- Symlinking: /root/px4_ros_com_ros2/install/dasc_robot/share/dasc_robot/package.dsv
[36.058s] -- Symlinking: /root/px4_ros_com_ros2/install/dasc_robot/share/ament_index/resource_index/packages/dasc_robot
[36.069s] -- Symlinking: /root/px4_ros_com_ros2/install/dasc_robot/share/dasc_robot/cmake/ament_cmake_export_libraries-extras.cmake
[36.081s] -- Symlinking: /root/px4_ros_com_ros2/install/dasc_robot/share/dasc_robot/cmake/dasc_robotConfig.cmake
[36.092s] -- Symlinking: /root/px4_ros_com_ros2/install/dasc_robot/share/dasc_robot/cmake/dasc_robotConfig-version.cmake
[36.103s] -- Symlinking: /root/px4_ros_com_ros2/install/dasc_robot/share/dasc_robot/package.xml
[36.115s] -- Installing: /root/px4_ros_com_ros2/install/dasc_robot/lib/dasc_robot/libdascBots.a
[36.138s] -- Installing: /root/px4_ros_com_ros2/install/dasc_robot/lib/dasc_robot/libdasc_robot_lib.so
[36.152s] -- Set runtime path of "/root/px4_ros_com_ros2/install/dasc_robot/lib/dasc_robot/libdasc_robot_lib.so" to ""
[36.156s] Invoked command in '/root/px4_ros_com_ros2/build/dasc_robot' returned '0': AMENT_PREFIX_PATH=/root/px4_ros_com_ros2/install/px4_ros_com:${AMENT_PREFIX_PATH} CMAKE_PREFIX_PATH=/root/px4_ros_com_ros2/install/px4_ros_com:/root/px4_ros_com_ros2/install/px4_msgs:/root/px4_ros_com_ros2/install/dasc_robot_py:/opt/ros/galactic LD_LIBRARY_PATH=/root/px4_ros_com_ros2/install/px4_ros_com/lib:/root/px4_ros_com_ros2/install/px4_msgs/lib:/opt/ros/galactic/opt/yaml_cpp_vendor/lib:/opt/ros/galactic/opt/rviz_ogre_vendor/lib:/opt/ros/galactic/lib/x86_64-linux-gnu:/opt/ros/galactic/lib:/usr/local/lib/ PATH=/root/px4_ros_com_ros2/install/px4_ros_com/bin:${PATH} PYTHONPATH=/root/px4_ros_com_ros2/install/px4_msgs/lib/python3.8/site-packages:/opt/ros/galactic/lib/python3.8/site-packages:/root/px4_ros_com_ros2/src/robot-framework-py /usr/bin/cmake --install /root/px4_ros_com_ros2/build/dasc_robot
