openjdk version "1.8.0_292"
OpenJDK Runtime Environment (build 1.8.0_292-8u292-b10-0ubuntu1~20.04-b10)
OpenJDK 64-Bit Server VM (build 25.292-b10, mixed mode)
In file included from /opt/ros/galactic/include/rclcpp/client.hpp:40,
                 from /opt/ros/galactic/include/rclcpp/callback_group.hpp:23,
                 from /opt/ros/galactic/include/rclcpp/any_executable.hpp:20,
                 from /opt/ros/galactic/include/rclcpp/memory_strategy.hpp:25,
                 from /opt/ros/galactic/include/rclcpp/memory_strategies.hpp:18,
                 from /opt/ros/galactic/include/rclcpp/executor_options.hpp:20,
                 from /opt/ros/galactic/include/rclcpp/executor.hpp:36,
                 from /opt/ros/galactic/include/rclcpp/executors/multi_threaded_executor.hpp:26,
                 from /opt/ros/galactic/include/rclcpp/executors.hpp:21,
                 from /opt/ros/galactic/include/rclcpp/rclcpp.hpp:156,
                 from /root/px4_ros_com_ros2/src/px4_ros_com/src/examples/advertisers/debug_vect_advertiser.cpp:41:
/root/px4_ros_com_ros2/src/px4_ros_com/src/examples/advertisers/debug_vect_advertiser.cpp: In lambda function:
/root/px4_ros_com_ros2/src/px4_ros_com/src/examples/advertisers/debug_vect_advertiser.cpp:64:36: warning: format ‘%llu’ expects argument of type ‘long long unsigned int’, but argument 5 has type ‘px4_msgs::msg::DebugVect_<std::allocator<void> >::_timestamp_type’ {aka ‘long unsigned int’} [-Wformat=]
   64 |    RCLCPP_INFO(this->get_logger(), "\033[97m Publishing debug_vect: time: %llu x: %f y: %f z: %f \033[0m",
      |                                    ^~~~~~~~~~~~~~~~~~~~~~~~~~~~~~~~~~~~~~~~~~~~~~~~~~~~~~~~~~~~~~~~~~~~~~
   65 |                                 debug_vect.timestamp, debug_vect.x, debug_vect.y, debug_vect.z);
      |                                 ~~~~~~~~~~~~~~~~~~~~
      |                                            |
      |                                            px4_msgs::msg::DebugVect_<std::allocator<void> >::_timestamp_type {aka long unsigned int}
/root/px4_ros_com_ros2/src/px4_ros_com/src/examples/advertisers/debug_vect_advertiser.cpp:64:78: note: format string is defined here
   64 |    RCLCPP_INFO(this->get_logger(), "\033[97m Publishing debug_vect: time: %llu x: %f y: %f z: %f \033[0m",
      |                                                                           ~~~^
      |                                                                              |
      |                                                                              long long unsigned int
      |                                                                           %lu
