-- The C compiler identification is GNU 9.3.0
-- The CXX compiler identification is GNU 9.3.0
-- Check for working C compiler: /usr/lib/ccache/cc
-- Check for working C compiler: /usr/lib/ccache/cc -- works
-- Detecting C compiler ABI info
-- Detecting C compiler ABI info - done
-- Detecting C compile features
-- Detecting C compile features - done
-- Check for working CXX compiler: /usr/lib/ccache/c++
-- Check for working CXX compiler: /usr/lib/ccache/c++ -- works
-- Detecting CXX compiler ABI info
-- Detecting CXX compiler ABI info - done
-- Detecting CXX compile features
-- Detecting CXX compile features - done
-- Performing Test COMPILER_SUPPORTS_CXX17
-- Performing Test COMPILER_SUPPORTS_CXX17 - Success
-- Performing Test COMPILER_SUPPORTS_CXX14
-- Performing Test COMPILER_SUPPORTS_CXX14 - Success
-- Performing Test COMPILER_SUPPORTS_CXX11
-- Performing Test COMPILER_SUPPORTS_CXX11 - Success
-- Performing Test COMPILER_SUPPORTS_CXX0X
-- Performing Test COMPILER_SUPPORTS_CXX0X - Success
-- Using C++17 compiler
-- Found ament_cmake: 1.1.4 (/opt/ros/galactic/share/ament_cmake/cmake)
-- Found PythonInterp: /usr/bin/python3 (found suitable version "3.8.10", minimum required is "3") 
-- Using PYTHON_EXECUTABLE: /usr/bin/python3
-- Override CMake install command with custom implementation using symlinks instead of copying resources
-- Found builtin_interfaces: 1.0.3 (/opt/ros/galactic/share/builtin_interfaces/cmake)
-- Using all available rosidl_typesupport_c: rosidl_typesupport_fastrtps_c;rosidl_typesupport_introspection_c
-- Found rosidl_adapter: 2.2.1 (/opt/ros/galactic/share/rosidl_adapter/cmake)
-- Found OpenSSL: /usr/lib/x86_64-linux-gnu/libcrypto.so (found version "1.1.1f")  
-- Found FastRTPS: /opt/ros/galactic/include  
-- Using all available rosidl_typesupport_cpp: rosidl_typesupport_fastrtps_cpp;rosidl_typesupport_introspection_cpp
-- Found rclcpp: 9.2.0 (/opt/ros/galactic/share/rclcpp/cmake)
-- Found rmw_implementation_cmake: 3.3.1 (/opt/ros/galactic/share/rmw_implementation_cmake/cmake)
-- Found rmw_fastrtps_cpp: 5.0.1 (/opt/ros/galactic/share/rmw_fastrtps_cpp/cmake)
-- Using RMW implementation 'rmw_fastrtps_cpp' as default
-- Looking for pthread.h
-- Looking for pthread.h - found
-- Performing Test CMAKE_HAVE_LIBC_PTHREAD
-- Performing Test CMAKE_HAVE_LIBC_PTHREAD - Failed
-- Looking for pthread_create in pthreads
-- Looking for pthread_create in pthreads - not found
-- Looking for pthread_create in pthread
-- Looking for pthread_create in pthread - found
-- Found Threads: TRUE  
-- Found px4_msgs: 2.0.1 (/root/px4_ros_com_ros2/install/px4_msgs/share/px4_msgs/cmake)
-- Found sensor_msgs: 2.2.3 (/opt/ros/galactic/share/sensor_msgs/cmake)
-- Found eigen3_cmake_module: 0.1.1 (/opt/ros/galactic/share/eigen3_cmake_module/cmake)
-- fastrtpsgen found in /usr/local/bin
openjdk version "1.8.0_292"
OpenJDK Runtime Environment (build 1.8.0_292-8u292-b10-0ubuntu1~20.04-b10)
OpenJDK 64-Bit Server VM (build 25.292-b10, mixed mode)
-- fastrtpsgen version 1.0.4
-- px4_msgs message dir under /root/px4_ros_com_ros2/install/px4_msgs/share/px4_msgs/msg
-- IDL definitions under /root/px4_ros_com_ros2/install/px4_msgs/share/px4_msgs/msg
-- Retrieving list of msgs to send...
-- List of msgs to send: ExternalController, GpsInjectData, ManualControlSetpoint, OffboardControlMode, SensorGps, Timesync, VehicleAttitudeSetpoint, VehicleCommand, VehicleLocalPositionSetpoint, VehicleOdometry, VehicleRatesSetpoint, TrajectorySetpoint, VehicleVisualOdometry
-- Retrieving list of msgs to receive...
-- List of msgs to receive: BatteryStatus, SensorCombined, Timesync, TimesyncStatus, VehicleAttitude, VehicleLocalPosition, VehicleStatus
-- Configuring done
-- Generating done
-- Build files have been written to: /root/px4_ros_com_ros2/build/px4_ros_com
[35m[1mScanning dependencies of target sensor_combined_listener[0m
[35m[1mScanning dependencies of target offboard_control[0m
[35m[1mScanning dependencies of target vehicle_gps_position_listener[0m
[35m[1mScanning dependencies of target debug_vect_advertiser[0m
[35m[1mScanning dependencies of target frame_transforms[0m
[  1%] [34m[1mGenerating micro-RTPS agent code...[0m
[  2%] [32mBuilding CXX object CMakeFiles/sensor_combined_listener.dir/src/examples/listeners/sensor_combined_listener.cpp.o[0m
[  4%] [32mBuilding CXX object CMakeFiles/debug_vect_advertiser.dir/src/examples/advertisers/debug_vect_advertiser.cpp.o[0m
[  5%] [32mBuilding CXX object CMakeFiles/offboard_control.dir/src/examples/offboard/offboard_control.cpp.o[0m
[  6%] [32mBuilding CXX object CMakeFiles/vehicle_gps_position_listener.dir/src/examples/listeners/vehicle_gps_position_listener.cpp.o[0m
[  8%] [32mBuilding CXX object CMakeFiles/frame_transforms.dir/src/lib/frame_transforms.cpp.o[0m
[35m[1mScanning dependencies of target micrortps_agent[0m
[  9%] [32mBuilding CXX object CMakeFiles/micrortps_agent.dir/src/micrortps_agent/microRTPS_transport.cpp.o[0m
[ 10%] [32mBuilding CXX object CMakeFiles/micrortps_agent.dir/src/micrortps_agent/microRTPS_agent.cpp.o[0m
[ 12%] [32mBuilding CXX object CMakeFiles/micrortps_agent.dir/src/micrortps_agent/microRTPS_timesync.cpp.o[0m
[ 13%] [32mBuilding CXX object CMakeFiles/micrortps_agent.dir/src/micrortps_agent/RtpsTopics.cpp.o[0m
In file included from /opt/ros/galactic/include/rclcpp/client.hpp:40,
                 from /opt/ros/galactic/include/rclcpp/callback_group.hpp:23,
                 from /opt/ros/galactic/include/rclcpp/any_executable.hpp:20,
                 from /opt/ros/galactic/include/rclcpp/memory_strategy.hpp:25,
                 from /opt/ros/galactic/include/rclcpp/memory_strategies.hpp:18,
                 from /opt/ros/galactic/include/rclcpp/executor_options.hpp:20,
                 from /opt/ros/galactic/include/rclcpp/executor.hpp:36,
                 from /opt/ros/galactic/include/rclcpp/executors/multi_threaded_executor.hpp:26,
                 from /opt/ros/galactic/include/rclcpp/executors.hpp:21,
                 from /opt/ros/galactic/include/rclcpp/rclcpp.hpp:156,
                 from /root/px4_ros_com_ros2/src/px4_ros_com/src/examples/advertisers/debug_vect_advertiser.cpp:41:
/root/px4_ros_com_ros2/src/px4_ros_com/src/examples/advertisers/debug_vect_advertiser.cpp: In lambda function:
/root/px4_ros_com_ros2/src/px4_ros_com/src/examples/advertisers/debug_vect_advertiser.cpp:64:36: warning: format ‘%llu’ expects argument of type ‘long long unsigned int’, but argument 5 has type ‘px4_msgs::msg::DebugVect_<std::allocator<void> >::_timestamp_type’ {aka ‘long unsigned int’} [-Wformat=]
   64 |    RCLCPP_INFO(this->get_logger(), "\033[97m Publishing debug_vect: time: %llu x: %f y: %f z: %f \033[0m",
      |                                    ^~~~~~~~~~~~~~~~~~~~~~~~~~~~~~~~~~~~~~~~~~~~~~~~~~~~~~~~~~~~~~~~~~~~~~
   65 |                                 debug_vect.timestamp, debug_vect.x, debug_vect.y, debug_vect.z);
      |                                 ~~~~~~~~~~~~~~~~~~~~
      |                                            |
      |                                            px4_msgs::msg::DebugVect_<std::allocator<void> >::_timestamp_type {aka long unsigned int}
/root/px4_ros_com_ros2/src/px4_ros_com/src/examples/advertisers/debug_vect_advertiser.cpp:64:78: note: format string is defined here
   64 |    RCLCPP_INFO(this->get_logger(), "\033[97m Publishing debug_vect: time: %llu x: %f y: %f z: %f \033[0m",
      |                                                                           ~~~^
      |                                                                              |
      |                                                                              long long unsigned int
      |                                                                           %lu
[ 14%] [32m[1mLinking CXX executable debug_vect_advertiser[0m
[ 14%] Built target debug_vect_advertiser
[ 16%] [32mBuilding CXX object CMakeFiles/micrortps_agent.dir/src/micrortps_agent/ExternalController.cpp.o[0m
[ 17%] [32mBuilding CXX object CMakeFiles/micrortps_agent.dir/src/micrortps_agent/ExternalControllerPubSubTypes.cpp.o[0m
[ 18%] [32m[1mLinking CXX shared library libframe_transforms.so[0m
[ 20%] [32mBuilding CXX object CMakeFiles/micrortps_agent.dir/src/micrortps_agent/GpsInjectData.cpp.o[0m
[ 21%] [32m[1mLinking CXX executable sensor_combined_listener[0m
[ 22%] [32m[1mLinking CXX executable vehicle_gps_position_listener[0m
[ 24%] [32mBuilding CXX object CMakeFiles/micrortps_agent.dir/src/micrortps_agent/GpsInjectDataPubSubTypes.cpp.o[0m
[ 24%] Built target vehicle_gps_position_listener
[ 25%] [32mBuilding CXX object CMakeFiles/micrortps_agent.dir/src/micrortps_agent/ManualControlSetpoint.cpp.o[0m
[ 25%] Built target sensor_combined_listener
[ 27%] [32mBuilding CXX object CMakeFiles/micrortps_agent.dir/src/micrortps_agent/ManualControlSetpointPubSubTypes.cpp.o[0m
[ 28%] [32mBuilding CXX object CMakeFiles/micrortps_agent.dir/src/micrortps_agent/OffboardControlMode.cpp.o[0m
[ 29%] [32mBuilding CXX object CMakeFiles/micrortps_agent.dir/src/micrortps_agent/OffboardControlModePubSubTypes.cpp.o[0m
[ 31%] [32mBuilding CXX object CMakeFiles/micrortps_agent.dir/src/micrortps_agent/SensorGps.cpp.o[0m
[ 32%] [32mBuilding CXX object CMakeFiles/micrortps_agent.dir/src/micrortps_agent/SensorGpsPubSubTypes.cpp.o[0m
[ 33%] [32mBuilding CXX object CMakeFiles/micrortps_agent.dir/src/micrortps_agent/Timesync.cpp.o[0m
[ 35%] [32m[1mLinking CXX executable offboard_control[0m
[ 36%] [32mBuilding CXX object CMakeFiles/micrortps_agent.dir/src/micrortps_agent/TimesyncPubSubTypes.cpp.o[0m
[ 36%] Built target offboard_control
[ 37%] [32mBuilding CXX object CMakeFiles/micrortps_agent.dir/src/micrortps_agent/VehicleAttitudeSetpoint.cpp.o[0m
[ 39%] [32mBuilding CXX object CMakeFiles/micrortps_agent.dir/src/micrortps_agent/VehicleAttitudeSetpointPubSubTypes.cpp.o[0m
[ 40%] [32mBuilding CXX object CMakeFiles/micrortps_agent.dir/src/micrortps_agent/VehicleCommand.cpp.o[0m
[ 41%] [32mBuilding CXX object CMakeFiles/micrortps_agent.dir/src/micrortps_agent/VehicleCommandPubSubTypes.cpp.o[0m
[ 43%] [32mBuilding CXX object CMakeFiles/micrortps_agent.dir/src/micrortps_agent/VehicleLocalPositionSetpoint.cpp.o[0m
[ 44%] [32mBuilding CXX object CMakeFiles/micrortps_agent.dir/src/micrortps_agent/VehicleLocalPositionSetpointPubSubTypes.cpp.o[0m
[ 45%] [32mBuilding CXX object CMakeFiles/micrortps_agent.dir/src/micrortps_agent/VehicleOdometry.cpp.o[0m
[ 47%] [32mBuilding CXX object CMakeFiles/micrortps_agent.dir/src/micrortps_agent/VehicleOdometryPubSubTypes.cpp.o[0m
[ 48%] [32mBuilding CXX object CMakeFiles/micrortps_agent.dir/src/micrortps_agent/VehicleRatesSetpoint.cpp.o[0m
[ 50%] [32mBuilding CXX object CMakeFiles/micrortps_agent.dir/src/micrortps_agent/VehicleRatesSetpointPubSubTypes.cpp.o[0m
[ 51%] [32mBuilding CXX object CMakeFiles/micrortps_agent.dir/src/micrortps_agent/TrajectorySetpoint.cpp.o[0m
[ 52%] [32mBuilding CXX object CMakeFiles/micrortps_agent.dir/src/micrortps_agent/TrajectorySetpointPubSubTypes.cpp.o[0m
[ 54%] [32mBuilding CXX object CMakeFiles/micrortps_agent.dir/src/micrortps_agent/VehicleVisualOdometry.cpp.o[0m
[ 55%] [32mBuilding CXX object CMakeFiles/micrortps_agent.dir/src/micrortps_agent/VehicleVisualOdometryPubSubTypes.cpp.o[0m
[ 56%] [32mBuilding CXX object CMakeFiles/micrortps_agent.dir/src/micrortps_agent/BatteryStatus.cpp.o[0m
[ 58%] [32mBuilding CXX object CMakeFiles/micrortps_agent.dir/src/micrortps_agent/BatteryStatusPubSubTypes.cpp.o[0m
[ 59%] [32mBuilding CXX object CMakeFiles/micrortps_agent.dir/src/micrortps_agent/SensorCombined.cpp.o[0m
[ 60%] [32mBuilding CXX object CMakeFiles/micrortps_agent.dir/src/micrortps_agent/SensorCombinedPubSubTypes.cpp.o[0m
[ 62%] [32mBuilding CXX object CMakeFiles/micrortps_agent.dir/src/micrortps_agent/TimesyncStatus.cpp.o[0m
[ 63%] [32mBuilding CXX object CMakeFiles/micrortps_agent.dir/src/micrortps_agent/TimesyncStatusPubSubTypes.cpp.o[0m
[ 64%] [32mBuilding CXX object CMakeFiles/micrortps_agent.dir/src/micrortps_agent/VehicleAttitude.cpp.o[0m
[ 66%] [32mBuilding CXX object CMakeFiles/micrortps_agent.dir/src/micrortps_agent/VehicleAttitudePubSubTypes.cpp.o[0m
[ 67%] [32mBuilding CXX object CMakeFiles/micrortps_agent.dir/src/micrortps_agent/VehicleLocalPosition.cpp.o[0m
[ 68%] [32mBuilding CXX object CMakeFiles/micrortps_agent.dir/src/micrortps_agent/VehicleLocalPositionPubSubTypes.cpp.o[0m
[ 70%] [32mBuilding CXX object CMakeFiles/micrortps_agent.dir/src/micrortps_agent/VehicleStatus.cpp.o[0m
[ 71%] [32mBuilding CXX object CMakeFiles/micrortps_agent.dir/src/micrortps_agent/VehicleStatusPubSubTypes.cpp.o[0m
[ 72%] [32mBuilding CXX object CMakeFiles/micrortps_agent.dir/src/micrortps_agent/BatteryStatus_Publisher.cpp.o[0m
[ 74%] [32mBuilding CXX object CMakeFiles/micrortps_agent.dir/src/micrortps_agent/SensorCombined_Publisher.cpp.o[0m
[ 75%] [32mBuilding CXX object CMakeFiles/micrortps_agent.dir/src/micrortps_agent/Timesync_Publisher.cpp.o[0m
[ 77%] [32mBuilding CXX object CMakeFiles/micrortps_agent.dir/src/micrortps_agent/TimesyncStatus_Publisher.cpp.o[0m
[ 78%] [32mBuilding CXX object CMakeFiles/micrortps_agent.dir/src/micrortps_agent/VehicleAttitude_Publisher.cpp.o[0m
[ 79%] [32mBuilding CXX object CMakeFiles/micrortps_agent.dir/src/micrortps_agent/VehicleLocalPosition_Publisher.cpp.o[0m
[ 81%] [32mBuilding CXX object CMakeFiles/micrortps_agent.dir/src/micrortps_agent/VehicleStatus_Publisher.cpp.o[0m
[ 82%] [32mBuilding CXX object CMakeFiles/micrortps_agent.dir/src/micrortps_agent/ExternalController_Subscriber.cpp.o[0m
[ 83%] [32mBuilding CXX object CMakeFiles/micrortps_agent.dir/src/micrortps_agent/GpsInjectData_Subscriber.cpp.o[0m
[ 85%] [32mBuilding CXX object CMakeFiles/micrortps_agent.dir/src/micrortps_agent/ManualControlSetpoint_Subscriber.cpp.o[0m
[ 86%] [32mBuilding CXX object CMakeFiles/micrortps_agent.dir/src/micrortps_agent/OffboardControlMode_Subscriber.cpp.o[0m
[ 87%] [32mBuilding CXX object CMakeFiles/micrortps_agent.dir/src/micrortps_agent/SensorGps_Subscriber.cpp.o[0m
[ 89%] [32mBuilding CXX object CMakeFiles/micrortps_agent.dir/src/micrortps_agent/Timesync_Subscriber.cpp.o[0m
[ 90%] [32mBuilding CXX object CMakeFiles/micrortps_agent.dir/src/micrortps_agent/VehicleAttitudeSetpoint_Subscriber.cpp.o[0m
[ 91%] [32mBuilding CXX object CMakeFiles/micrortps_agent.dir/src/micrortps_agent/VehicleCommand_Subscriber.cpp.o[0m
[ 93%] [32mBuilding CXX object CMakeFiles/micrortps_agent.dir/src/micrortps_agent/VehicleLocalPositionSetpoint_Subscriber.cpp.o[0m
[ 94%] [32mBuilding CXX object CMakeFiles/micrortps_agent.dir/src/micrortps_agent/VehicleOdometry_Subscriber.cpp.o[0m
[ 95%] [32mBuilding CXX object CMakeFiles/micrortps_agent.dir/src/micrortps_agent/VehicleRatesSetpoint_Subscriber.cpp.o[0m
[ 97%] [32mBuilding CXX object CMakeFiles/micrortps_agent.dir/src/micrortps_agent/TrajectorySetpoint_Subscriber.cpp.o[0m
[ 98%] [32mBuilding CXX object CMakeFiles/micrortps_agent.dir/src/micrortps_agent/VehicleVisualOdometry_Subscriber.cpp.o[0m
[100%] [32m[1mLinking CXX executable micrortps_agent[0m
[100%] Built target micrortps_agent
[100%] Built target frame_transforms
-- Install configuration: ""
-- Execute custom install script
-- Symlinking: /root/px4_ros_com_ros2/install/px4_ros_com/lib/px4_ros_com/sensor_combined_listener
-- Symlinking: /root/px4_ros_com_ros2/install/px4_ros_com/lib/px4_ros_com/vehicle_gps_position_listener
-- Symlinking: /root/px4_ros_com_ros2/install/px4_ros_com/lib/px4_ros_com/debug_vect_advertiser
-- Symlinking: /root/px4_ros_com_ros2/install/px4_ros_com/lib/px4_ros_com/offboard_control
-- Symlinking: /root/px4_ros_com_ros2/install/px4_ros_com/share/px4_ros_com/environment/library_path.sh
-- Symlinking: /root/px4_ros_com_ros2/install/px4_ros_com/share/px4_ros_com/environment/library_path.dsv
-- Symlinking: /root/px4_ros_com_ros2/install/px4_ros_com/include/px4_ros_com/frame_transforms.h
-- Symlinking: /root/px4_ros_com_ros2/install/px4_ros_com/share/px4_ros_com/cmake/EnableC++XX.cmake
-- Symlinking: /root/px4_ros_com_ros2/install/px4_ros_com/share/px4_ros_com/cmake/EnableSanitizers.cmake
-- Symlinking: /root/px4_ros_com_ros2/install/px4_ros_com/share/px4_ros_com/cmake/GenerateMicroRTPSAgent.cmake
-- Symlinking: /root/px4_ros_com_ros2/install/px4_ros_com/share/px4_ros_com/launch/sensor_combined_listener.launch.py
-- Symlinking: /root/px4_ros_com_ros2/install/px4_ros_com/share/px4_ros_com/test/__init__.py
-- Symlinking: /root/px4_ros_com_ros2/install/px4_ros_com/share/px4_ros_com/test/pipeline_io_test.py
-- Symlinking: /root/px4_ros_com_ros2/install/px4_ros_com/share/px4_ros_com/test/test_input.py
-- Symlinking: /root/px4_ros_com_ros2/install/px4_ros_com/share/px4_ros_com/test/test_output.py
-- Symlinking: /root/px4_ros_com_ros2/install/px4_ros_com/share/ament_index/resource_index/package_run_dependencies/px4_ros_com
-- Symlinking: /root/px4_ros_com_ros2/install/px4_ros_com/share/ament_index/resource_index/parent_prefix_path/px4_ros_com
-- Symlinking: /root/px4_ros_com_ros2/install/px4_ros_com/share/px4_ros_com/environment/ament_prefix_path.sh
-- Symlinking: /root/px4_ros_com_ros2/install/px4_ros_com/share/px4_ros_com/environment/ament_prefix_path.dsv
-- Symlinking: /root/px4_ros_com_ros2/install/px4_ros_com/share/px4_ros_com/environment/path.sh
-- Symlinking: /root/px4_ros_com_ros2/install/px4_ros_com/share/px4_ros_com/environment/path.dsv
-- Symlinking: /root/px4_ros_com_ros2/install/px4_ros_com/share/px4_ros_com/local_setup.bash
-- Symlinking: /root/px4_ros_com_ros2/install/px4_ros_com/share/px4_ros_com/local_setup.sh
-- Symlinking: /root/px4_ros_com_ros2/install/px4_ros_com/share/px4_ros_com/local_setup.zsh
-- Symlinking: /root/px4_ros_com_ros2/install/px4_ros_com/share/px4_ros_com/local_setup.dsv
-- Symlinking: /root/px4_ros_com_ros2/install/px4_ros_com/share/px4_ros_com/package.dsv
-- Symlinking: /root/px4_ros_com_ros2/install/px4_ros_com/share/ament_index/resource_index/packages/px4_ros_com
-- Symlinking: /root/px4_ros_com_ros2/install/px4_ros_com/share/px4_ros_com/cmake/ament_cmake_export_dependencies-extras.cmake
-- Symlinking: /root/px4_ros_com_ros2/install/px4_ros_com/share/px4_ros_com/cmake/ament_cmake_export_targets-extras.cmake
-- Symlinking: /root/px4_ros_com_ros2/install/px4_ros_com/share/px4_ros_com/cmake/ament_cmake_export_include_directories-extras.cmake
-- Symlinking: /root/px4_ros_com_ros2/install/px4_ros_com/share/px4_ros_com/cmake/ament_cmake_export_libraries-extras.cmake
-- Symlinking: /root/px4_ros_com_ros2/install/px4_ros_com/share/px4_ros_com/cmake/px4_ros_comConfig.cmake
-- Symlinking: /root/px4_ros_com_ros2/install/px4_ros_com/share/px4_ros_com/cmake/px4_ros_comConfig-version.cmake
-- Symlinking: /root/px4_ros_com_ros2/install/px4_ros_com/share/px4_ros_com/package.xml
-- Installing: /root/px4_ros_com_ros2/install/px4_ros_com/lib/libframe_transforms.so
-- Set runtime path of "/root/px4_ros_com_ros2/install/px4_ros_com/lib/libframe_transforms.so" to ""
-- Installing: /root/px4_ros_com_ros2/install/px4_ros_com/bin/micrortps_agent
-- Set runtime path of "/root/px4_ros_com_ros2/install/px4_ros_com/bin/micrortps_agent" to ""
-- Installing: /root/px4_ros_com_ros2/install/px4_ros_com/share/px4_ros_com/cmake/export_frame_transformsExport.cmake
-- Installing: /root/px4_ros_com_ros2/install/px4_ros_com/share/px4_ros_com/cmake/export_frame_transformsExport-noconfig.cmake
