[0.017s] Invoking command in '/root/px4_ros_com_ros2/build/px4_ros_com': CMAKE_PREFIX_PATH=${CMAKE_PREFIX_PATH}:/root/px4_ros_com_ros2/install/dasc_robot_py:/opt/ros/galactic LD_LIBRARY_PATH=/root/px4_ros_com_ros2/install/px4_msgs/lib:/opt/ros/galactic/opt/yaml_cpp_vendor/lib:/opt/ros/galactic/opt/rviz_ogre_vendor/lib:/opt/ros/galactic/lib/x86_64-linux-gnu:/opt/ros/galactic/lib:/usr/local/lib/ PYTHONPATH=/root/px4_ros_com_ros2/install/px4_msgs/lib/python3.8/site-packages:/opt/ros/galactic/lib/python3.8/site-packages:/root/px4_ros_com_ros2/src/robot-framework-py /usr/bin/cmake /root/px4_ros_com_ros2/src/px4_ros_com -DAMENT_CMAKE_SYMLINK_INSTALL=1 -DCMAKE_INSTALL_PREFIX=/root/px4_ros_com_ros2/install/px4_ros_com
[0.123s] -- The C compiler identification is GNU 9.3.0
[0.213s] -- The CXX compiler identification is GNU 9.3.0
[0.221s] -- Check for working C compiler: /usr/lib/ccache/cc
[0.454s] -- Check for working C compiler: /usr/lib/ccache/cc -- works
[0.455s] -- Detecting C compiler ABI info
[0.524s] -- Detecting C compiler ABI info - done
[0.539s] -- Detecting C compile features
[0.540s] -- Detecting C compile features - done
[0.543s] -- Check for working CXX compiler: /usr/lib/ccache/c++
[0.824s] -- Check for working CXX compiler: /usr/lib/ccache/c++ -- works
[0.826s] -- Detecting CXX compiler ABI info
[0.908s] -- Detecting CXX compiler ABI info - done
[0.923s] -- Detecting CXX compile features
[0.924s] -- Detecting CXX compile features - done
[0.927s] -- Performing Test COMPILER_SUPPORTS_CXX17
[1.093s] -- Performing Test COMPILER_SUPPORTS_CXX17 - Success
[1.094s] -- Performing Test COMPILER_SUPPORTS_CXX14
[1.275s] -- Performing Test COMPILER_SUPPORTS_CXX14 - Success
[1.276s] -- Performing Test COMPILER_SUPPORTS_CXX11
[1.446s] -- Performing Test COMPILER_SUPPORTS_CXX11 - Success
[1.447s] -- Performing Test COMPILER_SUPPORTS_CXX0X
[1.616s] -- Performing Test COMPILER_SUPPORTS_CXX0X - Success
[1.617s] -- Using C++17 compiler
[1.619s] -- Found ament_cmake: 1.1.4 (/opt/ros/galactic/share/ament_cmake/cmake)
[1.650s] -- Found PythonInterp: /usr/bin/python3 (found suitable version "3.8.10", minimum required is "3") 
[1.651s] -- Using PYTHON_EXECUTABLE: /usr/bin/python3
[1.716s] -- Override CMake install command with custom implementation using symlinks instead of copying resources
[1.745s] -- Found builtin_interfaces: 1.0.3 (/opt/ros/galactic/share/builtin_interfaces/cmake)
[1.776s] -- Using all available rosidl_typesupport_c: rosidl_typesupport_fastrtps_c;rosidl_typesupport_introspection_c
[1.786s] -- Found rosidl_adapter: 2.2.1 (/opt/ros/galactic/share/rosidl_adapter/cmake)
[1.888s] -- Found OpenSSL: /usr/lib/x86_64-linux-gnu/libcrypto.so (found version "1.1.1f")  
[1.930s] -- Found FastRTPS: /opt/ros/galactic/include  
[2.035s] -- Using all available rosidl_typesupport_cpp: rosidl_typesupport_fastrtps_cpp;rosidl_typesupport_introspection_cpp
[2.094s] -- Found rclcpp: 9.2.0 (/opt/ros/galactic/share/rclcpp/cmake)
[2.157s] -- Found rmw_implementation_cmake: 3.3.1 (/opt/ros/galactic/share/rmw_implementation_cmake/cmake)
[2.160s] -- Found rmw_fastrtps_cpp: 5.0.1 (/opt/ros/galactic/share/rmw_fastrtps_cpp/cmake)
[2.298s] -- Using RMW implementation 'rmw_fastrtps_cpp' as default
[2.299s] -- Looking for pthread.h
[2.461s] -- Looking for pthread.h - found
[2.461s] -- Performing Test CMAKE_HAVE_LIBC_PTHREAD
[2.683s] -- Performing Test CMAKE_HAVE_LIBC_PTHREAD - Failed
[2.683s] -- Looking for pthread_create in pthreads
[2.750s] -- Looking for pthread_create in pthreads - not found
[2.750s] -- Looking for pthread_create in pthread
[2.830s] -- Looking for pthread_create in pthread - found
[2.831s] -- Found Threads: TRUE  
[3.010s] -- Found px4_msgs: 2.0.1 (/root/px4_ros_com_ros2/install/px4_msgs/share/px4_msgs/cmake)
[3.031s] -- Found sensor_msgs: 2.2.3 (/opt/ros/galactic/share/sensor_msgs/cmake)
[3.196s] -- Found eigen3_cmake_module: 0.1.1 (/opt/ros/galactic/share/eigen3_cmake_module/cmake)
[3.200s] -- fastrtpsgen found in /usr/local/bin
[3.248s] openjdk version "1.8.0_292"
[3.249s] OpenJDK Runtime Environment (build 1.8.0_292-8u292-b10-0ubuntu1~20.04-b10)
[3.249s] OpenJDK 64-Bit Server VM (build 25.292-b10, mixed mode)
[3.279s] -- fastrtpsgen version 1.0.4
[3.279s] -- px4_msgs message dir under /root/px4_ros_com_ros2/install/px4_msgs/share/px4_msgs/msg
[3.279s] -- IDL definitions under /root/px4_ros_com_ros2/install/px4_msgs/share/px4_msgs/msg
[3.279s] -- Retrieving list of msgs to send...
[3.338s] -- List of msgs to send: ExternalController, GpsInjectData, ManualControlSetpoint, OffboardControlMode, SensorGps, Timesync, VehicleAttitudeSetpoint, VehicleCommand, VehicleLocalPositionSetpoint, VehicleOdometry, VehicleRatesSetpoint, TrajectorySetpoint, VehicleVisualOdometry
[3.338s] -- Retrieving list of msgs to receive...
[3.403s] -- List of msgs to receive: BatteryStatus, SensorCombined, Timesync, TimesyncStatus, VehicleAttitude, VehicleLocalPosition, VehicleStatus
[3.513s] -- Configuring done
[3.693s] -- Generating done
[3.696s] -- Build files have been written to: /root/px4_ros_com_ros2/build/px4_ros_com
[3.706s] Invoked command in '/root/px4_ros_com_ros2/build/px4_ros_com' returned '0': CMAKE_PREFIX_PATH=${CMAKE_PREFIX_PATH}:/root/px4_ros_com_ros2/install/dasc_robot_py:/opt/ros/galactic LD_LIBRARY_PATH=/root/px4_ros_com_ros2/install/px4_msgs/lib:/opt/ros/galactic/opt/yaml_cpp_vendor/lib:/opt/ros/galactic/opt/rviz_ogre_vendor/lib:/opt/ros/galactic/lib/x86_64-linux-gnu:/opt/ros/galactic/lib:/usr/local/lib/ PYTHONPATH=/root/px4_ros_com_ros2/install/px4_msgs/lib/python3.8/site-packages:/opt/ros/galactic/lib/python3.8/site-packages:/root/px4_ros_com_ros2/src/robot-framework-py /usr/bin/cmake /root/px4_ros_com_ros2/src/px4_ros_com -DAMENT_CMAKE_SYMLINK_INSTALL=1 -DCMAKE_INSTALL_PREFIX=/root/px4_ros_com_ros2/install/px4_ros_com
[3.710s] Invoking command in '/root/px4_ros_com_ros2/build/px4_ros_com': CMAKE_PREFIX_PATH=${CMAKE_PREFIX_PATH}:/root/px4_ros_com_ros2/install/dasc_robot_py:/opt/ros/galactic LD_LIBRARY_PATH=/root/px4_ros_com_ros2/install/px4_msgs/lib:/opt/ros/galactic/opt/yaml_cpp_vendor/lib:/opt/ros/galactic/opt/rviz_ogre_vendor/lib:/opt/ros/galactic/lib/x86_64-linux-gnu:/opt/ros/galactic/lib:/usr/local/lib/ PYTHONPATH=/root/px4_ros_com_ros2/install/px4_msgs/lib/python3.8/site-packages:/opt/ros/galactic/lib/python3.8/site-packages:/root/px4_ros_com_ros2/src/robot-framework-py /usr/bin/cmake --build /root/px4_ros_com_ros2/build/px4_ros_com -- -j8 -l8
[3.763s] [35m[1mScanning dependencies of target sensor_combined_listener[0m
[3.765s] [35m[1mScanning dependencies of target offboard_control[0m
[3.765s] [35m[1mScanning dependencies of target vehicle_gps_position_listener[0m
[3.765s] [35m[1mScanning dependencies of target debug_vect_advertiser[0m
[3.766s] [35m[1mScanning dependencies of target frame_transforms[0m
[3.770s] [  1%] [34m[1mGenerating micro-RTPS agent code...[0m
[3.816s] [  2%] [32mBuilding CXX object CMakeFiles/sensor_combined_listener.dir/src/examples/listeners/sensor_combined_listener.cpp.o[0m
[3.839s] [  4%] [32mBuilding CXX object CMakeFiles/debug_vect_advertiser.dir/src/examples/advertisers/debug_vect_advertiser.cpp.o[0m
[3.839s] [  5%] [32mBuilding CXX object CMakeFiles/offboard_control.dir/src/examples/offboard/offboard_control.cpp.o[0m
[3.847s] [  6%] [32mBuilding CXX object CMakeFiles/vehicle_gps_position_listener.dir/src/examples/listeners/vehicle_gps_position_listener.cpp.o[0m
[3.848s] [  8%] [32mBuilding CXX object CMakeFiles/frame_transforms.dir/src/lib/frame_transforms.cpp.o[0m
[14.352s] [35m[1mScanning dependencies of target micrortps_agent[0m
[14.611s] [  9%] [32mBuilding CXX object CMakeFiles/micrortps_agent.dir/src/micrortps_agent/microRTPS_transport.cpp.o[0m
[14.628s] [ 10%] [32mBuilding CXX object CMakeFiles/micrortps_agent.dir/src/micrortps_agent/microRTPS_agent.cpp.o[0m
[14.632s] [ 12%] [32mBuilding CXX object CMakeFiles/micrortps_agent.dir/src/micrortps_agent/microRTPS_timesync.cpp.o[0m
[15.065s] [ 13%] [32mBuilding CXX object CMakeFiles/micrortps_agent.dir/src/micrortps_agent/RtpsTopics.cpp.o[0m
[15.154s] In file included from /opt/ros/galactic/include/rclcpp/client.hpp:40,
[15.155s]                  from /opt/ros/galactic/include/rclcpp/callback_group.hpp:23,
[15.155s]                  from /opt/ros/galactic/include/rclcpp/any_executable.hpp:20,
[15.155s]                  from /opt/ros/galactic/include/rclcpp/memory_strategy.hpp:25,
[15.155s]                  from /opt/ros/galactic/include/rclcpp/memory_strategies.hpp:18,
[15.155s]                  from /opt/ros/galactic/include/rclcpp/executor_options.hpp:20,
[15.156s]                  from /opt/ros/galactic/include/rclcpp/executor.hpp:36,
[15.156s]                  from /opt/ros/galactic/include/rclcpp/executors/multi_threaded_executor.hpp:26,
[15.156s]                  from /opt/ros/galactic/include/rclcpp/executors.hpp:21,
[15.156s]                  from /opt/ros/galactic/include/rclcpp/rclcpp.hpp:156,
[15.156s]                  from /root/px4_ros_com_ros2/src/px4_ros_com/src/examples/advertisers/debug_vect_advertiser.cpp:41:
[15.157s] /root/px4_ros_com_ros2/src/px4_ros_com/src/examples/advertisers/debug_vect_advertiser.cpp: In lambda function:
[15.157s] /root/px4_ros_com_ros2/src/px4_ros_com/src/examples/advertisers/debug_vect_advertiser.cpp:64:36: warning: format ‘%llu’ expects argument of type ‘long long unsigned int’, but argument 5 has type ‘px4_msgs::msg::DebugVect_<std::allocator<void> >::_timestamp_type’ {aka ‘long unsigned int’} [-Wformat=]
[15.157s]    64 |    RCLCPP_INFO(this->get_logger(), "\033[97m Publishing debug_vect: time: %llu x: %f y: %f z: %f \033[0m",
[15.157s]       |                                    ^~~~~~~~~~~~~~~~~~~~~~~~~~~~~~~~~~~~~~~~~~~~~~~~~~~~~~~~~~~~~~~~~~~~~~
[15.158s]    65 |                                 debug_vect.timestamp, debug_vect.x, debug_vect.y, debug_vect.z);
[15.158s]       |                                 ~~~~~~~~~~~~~~~~~~~~
[15.158s]       |                                            |
[15.158s]       |                                            px4_msgs::msg::DebugVect_<std::allocator<void> >::_timestamp_type {aka long unsigned int}
[15.158s] /root/px4_ros_com_ros2/src/px4_ros_com/src/examples/advertisers/debug_vect_advertiser.cpp:64:78: note: format string is defined here
[15.159s]    64 |    RCLCPP_INFO(this->get_logger(), "\033[97m Publishing debug_vect: time: %llu x: %f y: %f z: %f \033[0m",
[15.159s]       |                                                                           ~~~^
[15.159s]       |                                                                              |
[15.159s]       |                                                                              long long unsigned int
[15.160s]       |                                                                           %lu
[15.225s] [ 14%] [32m[1mLinking CXX executable debug_vect_advertiser[0m
[15.950s] [ 14%] Built target debug_vect_advertiser
[15.969s] [ 16%] [32mBuilding CXX object CMakeFiles/micrortps_agent.dir/src/micrortps_agent/ExternalController.cpp.o[0m
[17.549s] [ 17%] [32mBuilding CXX object CMakeFiles/micrortps_agent.dir/src/micrortps_agent/ExternalControllerPubSubTypes.cpp.o[0m
[23.327s] [ 18%] [32m[1mLinking CXX shared library libframe_transforms.so[0m
[23.605s] [ 20%] [32mBuilding CXX object CMakeFiles/micrortps_agent.dir/src/micrortps_agent/GpsInjectData.cpp.o[0m
[23.826s] [ 21%] [32m[1mLinking CXX executable sensor_combined_listener[0m
[23.868s] [ 22%] [32m[1mLinking CXX executable vehicle_gps_position_listener[0m
[25.251s] [ 24%] [32mBuilding CXX object CMakeFiles/micrortps_agent.dir/src/micrortps_agent/GpsInjectDataPubSubTypes.cpp.o[0m
[25.541s] [ 24%] Built target vehicle_gps_position_listener
[25.597s] [ 25%] [32mBuilding CXX object CMakeFiles/micrortps_agent.dir/src/micrortps_agent/ManualControlSetpoint.cpp.o[0m
[25.643s] [ 25%] Built target sensor_combined_listener
[25.662s] [ 27%] [32mBuilding CXX object CMakeFiles/micrortps_agent.dir/src/micrortps_agent/ManualControlSetpointPubSubTypes.cpp.o[0m
[26.617s] [ 28%] [32mBuilding CXX object CMakeFiles/micrortps_agent.dir/src/micrortps_agent/OffboardControlMode.cpp.o[0m
[27.125s] [ 29%] [32mBuilding CXX object CMakeFiles/micrortps_agent.dir/src/micrortps_agent/OffboardControlModePubSubTypes.cpp.o[0m
[27.186s] [ 31%] [32mBuilding CXX object CMakeFiles/micrortps_agent.dir/src/micrortps_agent/SensorGps.cpp.o[0m
[27.838s] [ 32%] [32mBuilding CXX object CMakeFiles/micrortps_agent.dir/src/micrortps_agent/SensorGpsPubSubTypes.cpp.o[0m
[28.222s] [ 33%] [32mBuilding CXX object CMakeFiles/micrortps_agent.dir/src/micrortps_agent/Timesync.cpp.o[0m
[28.637s] [ 35%] [32m[1mLinking CXX executable offboard_control[0m
[28.848s] [ 36%] [32mBuilding CXX object CMakeFiles/micrortps_agent.dir/src/micrortps_agent/TimesyncPubSubTypes.cpp.o[0m
[29.868s] [ 36%] Built target offboard_control
[29.888s] [ 37%] [32mBuilding CXX object CMakeFiles/micrortps_agent.dir/src/micrortps_agent/VehicleAttitudeSetpoint.cpp.o[0m
[30.270s] [ 39%] [32mBuilding CXX object CMakeFiles/micrortps_agent.dir/src/micrortps_agent/VehicleAttitudeSetpointPubSubTypes.cpp.o[0m
[30.629s] [ 40%] [32mBuilding CXX object CMakeFiles/micrortps_agent.dir/src/micrortps_agent/VehicleCommand.cpp.o[0m
[31.255s] [ 41%] [32mBuilding CXX object CMakeFiles/micrortps_agent.dir/src/micrortps_agent/VehicleCommandPubSubTypes.cpp.o[0m
[31.325s] [ 43%] [32mBuilding CXX object CMakeFiles/micrortps_agent.dir/src/micrortps_agent/VehicleLocalPositionSetpoint.cpp.o[0m
[32.215s] [ 44%] [32mBuilding CXX object CMakeFiles/micrortps_agent.dir/src/micrortps_agent/VehicleLocalPositionSetpointPubSubTypes.cpp.o[0m
[32.436s] [ 45%] [32mBuilding CXX object CMakeFiles/micrortps_agent.dir/src/micrortps_agent/VehicleOdometry.cpp.o[0m
[32.793s] [ 47%] [32mBuilding CXX object CMakeFiles/micrortps_agent.dir/src/micrortps_agent/VehicleOdometryPubSubTypes.cpp.o[0m
[33.550s] [ 48%] [32mBuilding CXX object CMakeFiles/micrortps_agent.dir/src/micrortps_agent/VehicleRatesSetpoint.cpp.o[0m
[34.057s] [ 50%] [32mBuilding CXX object CMakeFiles/micrortps_agent.dir/src/micrortps_agent/VehicleRatesSetpointPubSubTypes.cpp.o[0m
[34.370s] [ 51%] [32mBuilding CXX object CMakeFiles/micrortps_agent.dir/src/micrortps_agent/TrajectorySetpoint.cpp.o[0m
[34.927s] [ 52%] [32mBuilding CXX object CMakeFiles/micrortps_agent.dir/src/micrortps_agent/TrajectorySetpointPubSubTypes.cpp.o[0m
[35.699s] [ 54%] [32mBuilding CXX object CMakeFiles/micrortps_agent.dir/src/micrortps_agent/VehicleVisualOdometry.cpp.o[0m
[35.717s] [ 55%] [32mBuilding CXX object CMakeFiles/micrortps_agent.dir/src/micrortps_agent/VehicleVisualOdometryPubSubTypes.cpp.o[0m
[36.581s] [ 56%] [32mBuilding CXX object CMakeFiles/micrortps_agent.dir/src/micrortps_agent/BatteryStatus.cpp.o[0m
[37.045s] [ 58%] [32mBuilding CXX object CMakeFiles/micrortps_agent.dir/src/micrortps_agent/BatteryStatusPubSubTypes.cpp.o[0m
[37.370s] [ 59%] [32mBuilding CXX object CMakeFiles/micrortps_agent.dir/src/micrortps_agent/SensorCombined.cpp.o[0m
[37.914s] [ 60%] [32mBuilding CXX object CMakeFiles/micrortps_agent.dir/src/micrortps_agent/SensorCombinedPubSubTypes.cpp.o[0m
[38.014s] [ 62%] [32mBuilding CXX object CMakeFiles/micrortps_agent.dir/src/micrortps_agent/TimesyncStatus.cpp.o[0m
[38.607s] [ 63%] [32mBuilding CXX object CMakeFiles/micrortps_agent.dir/src/micrortps_agent/TimesyncStatusPubSubTypes.cpp.o[0m
[38.997s] [ 64%] [32mBuilding CXX object CMakeFiles/micrortps_agent.dir/src/micrortps_agent/VehicleAttitude.cpp.o[0m
[39.205s] [ 66%] [32mBuilding CXX object CMakeFiles/micrortps_agent.dir/src/micrortps_agent/VehicleAttitudePubSubTypes.cpp.o[0m
[39.419s] [ 67%] [32mBuilding CXX object CMakeFiles/micrortps_agent.dir/src/micrortps_agent/VehicleLocalPosition.cpp.o[0m
[40.412s] [ 68%] [32mBuilding CXX object CMakeFiles/micrortps_agent.dir/src/micrortps_agent/VehicleLocalPositionPubSubTypes.cpp.o[0m
[40.657s] [ 70%] [32mBuilding CXX object CMakeFiles/micrortps_agent.dir/src/micrortps_agent/VehicleStatus.cpp.o[0m
[40.928s] [ 71%] [32mBuilding CXX object CMakeFiles/micrortps_agent.dir/src/micrortps_agent/VehicleStatusPubSubTypes.cpp.o[0m
[41.597s] [ 72%] [32mBuilding CXX object CMakeFiles/micrortps_agent.dir/src/micrortps_agent/BatteryStatus_Publisher.cpp.o[0m
[42.121s] [ 74%] [32mBuilding CXX object CMakeFiles/micrortps_agent.dir/src/micrortps_agent/SensorCombined_Publisher.cpp.o[0m
[42.758s] [ 75%] [32mBuilding CXX object CMakeFiles/micrortps_agent.dir/src/micrortps_agent/Timesync_Publisher.cpp.o[0m
[43.544s] [ 77%] [32mBuilding CXX object CMakeFiles/micrortps_agent.dir/src/micrortps_agent/TimesyncStatus_Publisher.cpp.o[0m
[44.171s] [ 78%] [32mBuilding CXX object CMakeFiles/micrortps_agent.dir/src/micrortps_agent/VehicleAttitude_Publisher.cpp.o[0m
[45.802s] [ 79%] [32mBuilding CXX object CMakeFiles/micrortps_agent.dir/src/micrortps_agent/VehicleLocalPosition_Publisher.cpp.o[0m
[46.021s] [ 81%] [32mBuilding CXX object CMakeFiles/micrortps_agent.dir/src/micrortps_agent/VehicleStatus_Publisher.cpp.o[0m
[46.669s] [ 82%] [32mBuilding CXX object CMakeFiles/micrortps_agent.dir/src/micrortps_agent/ExternalController_Subscriber.cpp.o[0m
[47.492s] [ 83%] [32mBuilding CXX object CMakeFiles/micrortps_agent.dir/src/micrortps_agent/GpsInjectData_Subscriber.cpp.o[0m
[48.160s] [ 85%] [32mBuilding CXX object CMakeFiles/micrortps_agent.dir/src/micrortps_agent/ManualControlSetpoint_Subscriber.cpp.o[0m
[48.907s] [ 86%] [32mBuilding CXX object CMakeFiles/micrortps_agent.dir/src/micrortps_agent/OffboardControlMode_Subscriber.cpp.o[0m
[49.857s] [ 87%] [32mBuilding CXX object CMakeFiles/micrortps_agent.dir/src/micrortps_agent/SensorGps_Subscriber.cpp.o[0m
[51.350s] [ 89%] [32mBuilding CXX object CMakeFiles/micrortps_agent.dir/src/micrortps_agent/Timesync_Subscriber.cpp.o[0m
[51.742s] [ 90%] [32mBuilding CXX object CMakeFiles/micrortps_agent.dir/src/micrortps_agent/VehicleAttitudeSetpoint_Subscriber.cpp.o[0m
[52.273s] [ 91%] [32mBuilding CXX object CMakeFiles/micrortps_agent.dir/src/micrortps_agent/VehicleCommand_Subscriber.cpp.o[0m
[53.655s] [ 93%] [32mBuilding CXX object CMakeFiles/micrortps_agent.dir/src/micrortps_agent/VehicleLocalPositionSetpoint_Subscriber.cpp.o[0m
[54.332s] [ 94%] [32mBuilding CXX object CMakeFiles/micrortps_agent.dir/src/micrortps_agent/VehicleOdometry_Subscriber.cpp.o[0m
[54.958s] [ 95%] [32mBuilding CXX object CMakeFiles/micrortps_agent.dir/src/micrortps_agent/VehicleRatesSetpoint_Subscriber.cpp.o[0m
[56.351s] [ 97%] [32mBuilding CXX object CMakeFiles/micrortps_agent.dir/src/micrortps_agent/TrajectorySetpoint_Subscriber.cpp.o[0m
[57.430s] [ 98%] [32mBuilding CXX object CMakeFiles/micrortps_agent.dir/src/micrortps_agent/VehicleVisualOdometry_Subscriber.cpp.o[0m
[62.116s] [100%] [32m[1mLinking CXX executable micrortps_agent[0m
[65.376s] [100%] Built target micrortps_agent
[91.919s] [100%] Built target frame_transforms
[91.949s] Invoked command in '/root/px4_ros_com_ros2/build/px4_ros_com' returned '0': CMAKE_PREFIX_PATH=${CMAKE_PREFIX_PATH}:/root/px4_ros_com_ros2/install/dasc_robot_py:/opt/ros/galactic LD_LIBRARY_PATH=/root/px4_ros_com_ros2/install/px4_msgs/lib:/opt/ros/galactic/opt/yaml_cpp_vendor/lib:/opt/ros/galactic/opt/rviz_ogre_vendor/lib:/opt/ros/galactic/lib/x86_64-linux-gnu:/opt/ros/galactic/lib:/usr/local/lib/ PYTHONPATH=/root/px4_ros_com_ros2/install/px4_msgs/lib/python3.8/site-packages:/opt/ros/galactic/lib/python3.8/site-packages:/root/px4_ros_com_ros2/src/robot-framework-py /usr/bin/cmake --build /root/px4_ros_com_ros2/build/px4_ros_com -- -j8 -l8
[92.113s] Invoking command in '/root/px4_ros_com_ros2/build/px4_ros_com': CMAKE_PREFIX_PATH=${CMAKE_PREFIX_PATH}:/root/px4_ros_com_ros2/install/dasc_robot_py:/opt/ros/galactic LD_LIBRARY_PATH=/root/px4_ros_com_ros2/install/px4_msgs/lib:/opt/ros/galactic/opt/yaml_cpp_vendor/lib:/opt/ros/galactic/opt/rviz_ogre_vendor/lib:/opt/ros/galactic/lib/x86_64-linux-gnu:/opt/ros/galactic/lib:/usr/local/lib/ PYTHONPATH=/root/px4_ros_com_ros2/install/px4_msgs/lib/python3.8/site-packages:/opt/ros/galactic/lib/python3.8/site-packages:/root/px4_ros_com_ros2/src/robot-framework-py /usr/bin/cmake --install /root/px4_ros_com_ros2/build/px4_ros_com
[92.124s] -- Install configuration: ""
[92.136s] -- Execute custom install script
[92.140s] -- Symlinking: /root/px4_ros_com_ros2/install/px4_ros_com/lib/px4_ros_com/sensor_combined_listener
[92.152s] -- Symlinking: /root/px4_ros_com_ros2/install/px4_ros_com/lib/px4_ros_com/vehicle_gps_position_listener
[92.163s] -- Symlinking: /root/px4_ros_com_ros2/install/px4_ros_com/lib/px4_ros_com/debug_vect_advertiser
[92.175s] -- Symlinking: /root/px4_ros_com_ros2/install/px4_ros_com/lib/px4_ros_com/offboard_control
[92.187s] -- Symlinking: /root/px4_ros_com_ros2/install/px4_ros_com/share/px4_ros_com/environment/library_path.sh
[92.198s] -- Symlinking: /root/px4_ros_com_ros2/install/px4_ros_com/share/px4_ros_com/environment/library_path.dsv
[92.210s] -- Symlinking: /root/px4_ros_com_ros2/install/px4_ros_com/include/px4_ros_com/frame_transforms.h
[92.221s] -- Symlinking: /root/px4_ros_com_ros2/install/px4_ros_com/share/px4_ros_com/cmake/EnableC++XX.cmake
[92.232s] -- Symlinking: /root/px4_ros_com_ros2/install/px4_ros_com/share/px4_ros_com/cmake/EnableSanitizers.cmake
[92.243s] -- Symlinking: /root/px4_ros_com_ros2/install/px4_ros_com/share/px4_ros_com/cmake/GenerateMicroRTPSAgent.cmake
[92.255s] -- Symlinking: /root/px4_ros_com_ros2/install/px4_ros_com/share/px4_ros_com/launch/sensor_combined_listener.launch.py
[92.266s] -- Symlinking: /root/px4_ros_com_ros2/install/px4_ros_com/share/px4_ros_com/test/__init__.py
[92.277s] -- Symlinking: /root/px4_ros_com_ros2/install/px4_ros_com/share/px4_ros_com/test/pipeline_io_test.py
[92.288s] -- Symlinking: /root/px4_ros_com_ros2/install/px4_ros_com/share/px4_ros_com/test/test_input.py
[92.299s] -- Symlinking: /root/px4_ros_com_ros2/install/px4_ros_com/share/px4_ros_com/test/test_output.py
[92.310s] -- Symlinking: /root/px4_ros_com_ros2/install/px4_ros_com/share/ament_index/resource_index/package_run_dependencies/px4_ros_com
[92.321s] -- Symlinking: /root/px4_ros_com_ros2/install/px4_ros_com/share/ament_index/resource_index/parent_prefix_path/px4_ros_com
[92.333s] -- Symlinking: /root/px4_ros_com_ros2/install/px4_ros_com/share/px4_ros_com/environment/ament_prefix_path.sh
[92.345s] -- Symlinking: /root/px4_ros_com_ros2/install/px4_ros_com/share/px4_ros_com/environment/ament_prefix_path.dsv
[92.356s] -- Symlinking: /root/px4_ros_com_ros2/install/px4_ros_com/share/px4_ros_com/environment/path.sh
[92.367s] -- Symlinking: /root/px4_ros_com_ros2/install/px4_ros_com/share/px4_ros_com/environment/path.dsv
[92.378s] -- Symlinking: /root/px4_ros_com_ros2/install/px4_ros_com/share/px4_ros_com/local_setup.bash
[92.390s] -- Symlinking: /root/px4_ros_com_ros2/install/px4_ros_com/share/px4_ros_com/local_setup.sh
[92.401s] -- Symlinking: /root/px4_ros_com_ros2/install/px4_ros_com/share/px4_ros_com/local_setup.zsh
[92.412s] -- Symlinking: /root/px4_ros_com_ros2/install/px4_ros_com/share/px4_ros_com/local_setup.dsv
[92.423s] -- Symlinking: /root/px4_ros_com_ros2/install/px4_ros_com/share/px4_ros_com/package.dsv
[92.436s] -- Symlinking: /root/px4_ros_com_ros2/install/px4_ros_com/share/ament_index/resource_index/packages/px4_ros_com
[92.450s] -- Symlinking: /root/px4_ros_com_ros2/install/px4_ros_com/share/px4_ros_com/cmake/ament_cmake_export_dependencies-extras.cmake
[92.462s] -- Symlinking: /root/px4_ros_com_ros2/install/px4_ros_com/share/px4_ros_com/cmake/ament_cmake_export_targets-extras.cmake
[92.475s] -- Symlinking: /root/px4_ros_com_ros2/install/px4_ros_com/share/px4_ros_com/cmake/ament_cmake_export_include_directories-extras.cmake
[92.486s] -- Symlinking: /root/px4_ros_com_ros2/install/px4_ros_com/share/px4_ros_com/cmake/ament_cmake_export_libraries-extras.cmake
[92.498s] -- Symlinking: /root/px4_ros_com_ros2/install/px4_ros_com/share/px4_ros_com/cmake/px4_ros_comConfig.cmake
[92.510s] -- Symlinking: /root/px4_ros_com_ros2/install/px4_ros_com/share/px4_ros_com/cmake/px4_ros_comConfig-version.cmake
[92.522s] -- Symlinking: /root/px4_ros_com_ros2/install/px4_ros_com/share/px4_ros_com/package.xml
[92.534s] -- Installing: /root/px4_ros_com_ros2/install/px4_ros_com/lib/libframe_transforms.so
[92.549s] -- Set runtime path of "/root/px4_ros_com_ros2/install/px4_ros_com/lib/libframe_transforms.so" to ""
[92.549s] -- Installing: /root/px4_ros_com_ros2/install/px4_ros_com/bin/micrortps_agent
[92.582s] -- Set runtime path of "/root/px4_ros_com_ros2/install/px4_ros_com/bin/micrortps_agent" to ""
[92.582s] -- Installing: /root/px4_ros_com_ros2/install/px4_ros_com/share/px4_ros_com/cmake/export_frame_transformsExport.cmake
[92.583s] -- Installing: /root/px4_ros_com_ros2/install/px4_ros_com/share/px4_ros_com/cmake/export_frame_transformsExport-noconfig.cmake
[92.591s] Invoked command in '/root/px4_ros_com_ros2/build/px4_ros_com' returned '0': CMAKE_PREFIX_PATH=${CMAKE_PREFIX_PATH}:/root/px4_ros_com_ros2/install/dasc_robot_py:/opt/ros/galactic LD_LIBRARY_PATH=/root/px4_ros_com_ros2/install/px4_msgs/lib:/opt/ros/galactic/opt/yaml_cpp_vendor/lib:/opt/ros/galactic/opt/rviz_ogre_vendor/lib:/opt/ros/galactic/lib/x86_64-linux-gnu:/opt/ros/galactic/lib:/usr/local/lib/ PYTHONPATH=/root/px4_ros_com_ros2/install/px4_msgs/lib/python3.8/site-packages:/opt/ros/galactic/lib/python3.8/site-packages:/root/px4_ros_com_ros2/src/robot-framework-py /usr/bin/cmake --install /root/px4_ros_com_ros2/build/px4_ros_com
