[0.032s] Invoking command in '/root/px4_ros_com_ros2/build/vicon_receiver': CMAKE_PREFIX_PATH=${CMAKE_PREFIX_PATH}:/root/px4_ros_com_ros2/install/dasc_robot_py:/opt/ros/galactic /usr/bin/cmake /root/px4_ros_com_ros2/src/ros2-vicon-receiver/vicon_receiver -DAMENT_CMAKE_SYMLINK_INSTALL=1 -DCMAKE_INSTALL_PREFIX=/root/px4_ros_com_ros2/install/vicon_receiver
[0.049s] -- Found ament_cmake: 1.1.4 (/opt/ros/galactic/share/ament_cmake/cmake)
[0.079s] -- Using PYTHON_EXECUTABLE: /usr/bin/python3
[0.156s] -- Override CMake install command with custom implementation using symlinks instead of copying resources
[0.187s] -- Found rosidl_default_generators: 1.1.1 (/opt/ros/galactic/share/rosidl_default_generators/cmake)
[0.191s] -- Using all available rosidl_typesupport_c: rosidl_typesupport_fastrtps_c;rosidl_typesupport_introspection_c
[0.199s] -- Found rosidl_adapter: 2.2.1 (/opt/ros/galactic/share/rosidl_adapter/cmake)
[0.322s] -- Found OpenSSL: /usr/lib/x86_64-linux-gnu/libcrypto.so (found version "1.1.1f")  
[0.365s] -- Found FastRTPS: /opt/ros/galactic/include  
[0.476s] -- Using all available rosidl_typesupport_cpp: rosidl_typesupport_fastrtps_cpp;rosidl_typesupport_introspection_cpp
[0.507s] -- Found rclcpp: 9.2.0 (/opt/ros/galactic/share/rclcpp/cmake)
[0.585s] -- Found rmw_implementation_cmake: 3.3.1 (/opt/ros/galactic/share/rmw_implementation_cmake/cmake)
[0.589s] -- Found rmw_fastrtps_cpp: 5.0.1 (/opt/ros/galactic/share/rmw_fastrtps_cpp/cmake)
[0.736s] -- Using RMW implementation 'rmw_fastrtps_cpp' as default
[0.737s] -- Looking for pthread.h
[0.837s] -- Looking for pthread.h - found
[0.837s] -- Performing Test CMAKE_HAVE_LIBC_PTHREAD
[0.951s] -- Performing Test CMAKE_HAVE_LIBC_PTHREAD - Failed
[0.951s] -- Looking for pthread_create in pthreads
[1.037s] -- Looking for pthread_create in pthreads - not found
[1.038s] -- Looking for pthread_create in pthread
[1.106s] -- Looking for pthread_create in pthread - found
[1.107s] -- Found Threads: TRUE  
[1.287s] -- Found Boost: /usr/lib/x86_64-linux-gnu/cmake/Boost-1.71.0/BoostConfig.cmake (found version "1.71.0") found components: thread 
[1.315s] -- Found PythonInterp: /usr/bin/python3 (found version "3.8.10") 
[1.456s] -- Found ament_cmake_ros: 0.9.2 (/opt/ros/galactic/share/ament_cmake_ros/cmake)
[1.600s] -- Using all available rosidl_typesupport_c: rosidl_typesupport_fastrtps_c;rosidl_typesupport_introspection_c
[1.609s] -- Using all available rosidl_typesupport_cpp: rosidl_typesupport_fastrtps_cpp;rosidl_typesupport_introspection_cpp
[1.640s] -- Found PythonInterp: /usr/bin/python3 (found suitable version "3.8.10", minimum required is "3.5") 
[1.643s] -- Found python_cmake_module: 0.8.1 (/opt/ros/galactic/share/python_cmake_module/cmake)
[1.679s] -- Found PythonLibs: /usr/lib/x86_64-linux-gnu/libpython3.8.so (found suitable version "3.8.10", minimum required is "3.5") 
[1.679s] -- Using PYTHON_EXECUTABLE: /usr/bin/python3
[1.679s] -- Using PYTHON_INCLUDE_DIRS: /usr/include/python3.8
[1.679s] -- Using PYTHON_LIBRARIES: /usr/lib/x86_64-linux-gnu/libpython3.8.so
[1.707s] -- Found PythonExtra: .so  
[1.821s] -- Configuring done
[1.886s] -- Generating done
[1.892s] -- Build files have been written to: /root/px4_ros_com_ros2/build/vicon_receiver
[1.904s] Invoked command in '/root/px4_ros_com_ros2/build/vicon_receiver' returned '0': CMAKE_PREFIX_PATH=${CMAKE_PREFIX_PATH}:/root/px4_ros_com_ros2/install/dasc_robot_py:/opt/ros/galactic /usr/bin/cmake /root/px4_ros_com_ros2/src/ros2-vicon-receiver/vicon_receiver -DAMENT_CMAKE_SYMLINK_INSTALL=1 -DCMAKE_INSTALL_PREFIX=/root/px4_ros_com_ros2/install/vicon_receiver
[1.907s] Invoking command in '/root/px4_ros_com_ros2/build/vicon_receiver': CMAKE_PREFIX_PATH=${CMAKE_PREFIX_PATH}:/root/px4_ros_com_ros2/install/dasc_robot_py:/opt/ros/galactic /usr/bin/cmake --build /root/px4_ros_com_ros2/build/vicon_receiver -- -j8 -l8
[1.957s] [  2%] [34m[1mGenerating C code for ROS interfaces[0m
[1.957s] [35m[1mScanning dependencies of target vicon_receiver__cpp[0m
[1.974s] [  5%] [34m[1mGenerating C++ code for ROS interfaces[0m
[2.248s] [  5%] Built target vicon_receiver__cpp
[2.262s] [  8%] [34m[1mGenerating C++ type support for eProsima Fast-RTPS[0m
[2.266s] [ 11%] [34m[1mGenerating C++ introspection for ROS interfaces[0m
[2.266s] [ 14%] [34m[1mGenerating C++ type support dispatch for ROS interfaces[0m
[2.409s] [35m[1mScanning dependencies of target vicon_receiver__rosidl_generator_c[0m
[2.429s] [ 17%] [32mBuilding C object CMakeFiles/vicon_receiver__rosidl_generator_c.dir/rosidl_generator_c/vicon_receiver/msg/detail/position__functions.c.o[0m
[2.525s] [ 20%] [32m[1mLinking C shared library libvicon_receiver__rosidl_generator_c.so[0m
[2.561s] [35m[1mScanning dependencies of target vicon_receiver__rosidl_typesupport_fastrtps_cpp[0m
[2.584s] [ 23%] [32mBuilding CXX object CMakeFiles/vicon_receiver__rosidl_typesupport_fastrtps_cpp.dir/rosidl_typesupport_fastrtps_cpp/vicon_receiver/msg/detail/dds_fastrtps/position__type_support.cpp.o[0m
[2.589s] [ 23%] Built target vicon_receiver__rosidl_generator_c
[2.607s] [ 29%] [34m[1mGenerating C introspection for ROS interfaces[0m
[2.607s] [ 29%] [34m[1mGenerating C type support dispatch for ROS interfaces[0m
[2.676s] [35m[1mScanning dependencies of target vicon_receiver__rosidl_typesupport_cpp[0m
[2.687s] [35m[1mScanning dependencies of target vicon_receiver__rosidl_typesupport_introspection_cpp[0m
[2.700s] [ 32%] [32mBuilding CXX object CMakeFiles/vicon_receiver__rosidl_typesupport_cpp.dir/rosidl_typesupport_cpp/vicon_receiver/msg/position__type_support.cpp.o[0m
[2.707s] [ 35%] [32mBuilding CXX object CMakeFiles/vicon_receiver__rosidl_typesupport_introspection_cpp.dir/rosidl_typesupport_introspection_cpp/vicon_receiver/msg/detail/position__type_support.cpp.o[0m
[2.995s] [35m[1mScanning dependencies of target vicon_receiver__rosidl_typesupport_c[0m
[3.018s] [ 38%] [32mBuilding CXX object CMakeFiles/vicon_receiver__rosidl_typesupport_c.dir/rosidl_typesupport_c/vicon_receiver/msg/position__type_support.cpp.o[0m
[3.045s] [35m[1mScanning dependencies of target vicon_receiver__rosidl_typesupport_introspection_c[0m
[3.070s] [ 41%] [32mBuilding C object CMakeFiles/vicon_receiver__rosidl_typesupport_introspection_c.dir/rosidl_typesupport_introspection_c/vicon_receiver/msg/detail/position__type_support.c.o[0m
[3.107s] [ 44%] [32m[1mLinking CXX shared library libvicon_receiver__rosidl_typesupport_c.so[0m
[3.168s] [ 47%] [32m[1mLinking C shared library libvicon_receiver__rosidl_typesupport_introspection_c.so[0m
[3.188s] [ 47%] Built target vicon_receiver__rosidl_typesupport_c
[3.224s] [ 47%] Built target vicon_receiver__rosidl_typesupport_introspection_c
[3.274s] [ 50%] [32m[1mLinking CXX shared library libvicon_receiver__rosidl_typesupport_cpp.so[0m
[3.329s] [ 50%] Built target vicon_receiver__rosidl_typesupport_cpp
[3.378s] [ 52%] [32m[1mLinking CXX shared library libvicon_receiver__rosidl_typesupport_introspection_cpp.so[0m
[3.498s] [ 52%] Built target vicon_receiver__rosidl_typesupport_introspection_cpp
[3.583s] [ 55%] [32m[1mLinking CXX shared library libvicon_receiver__rosidl_typesupport_fastrtps_cpp.so[0m
[3.711s] [ 55%] Built target vicon_receiver__rosidl_typesupport_fastrtps_cpp
[3.725s] [ 58%] [34m[1mGenerating C type support for eProsima Fast-RTPS[0m
[3.969s] [35m[1mScanning dependencies of target vicon_receiver__rosidl_typesupport_fastrtps_c[0m
[3.985s] [ 61%] [32mBuilding CXX object CMakeFiles/vicon_receiver__rosidl_typesupport_fastrtps_c.dir/rosidl_typesupport_fastrtps_c/vicon_receiver/msg/detail/position__type_support_c.cpp.o[0m
[4.540s] [ 64%] [32m[1mLinking CXX shared library libvicon_receiver__rosidl_typesupport_fastrtps_c.so[0m
[4.659s] [ 64%] Built target vicon_receiver__rosidl_typesupport_fastrtps_c
[4.672s] [35m[1mScanning dependencies of target vicon_receiver[0m
[4.685s] [ 64%] Built target vicon_receiver
[4.699s] [35m[1mScanning dependencies of target vicon_client[0m
[4.702s] [35m[1mScanning dependencies of target vicon_receiver__py[0m
[4.716s] [ 67%] [34m[1mGenerating Python code for ROS interfaces[0m
[4.760s] [ 70%] [32mBuilding CXX object CMakeFiles/vicon_client.dir/src/vicon_receiver/publisher.cpp.o[0m
[4.760s] [ 73%] [32mBuilding CXX object CMakeFiles/vicon_client.dir/src/vicon_receiver/communicator.cpp.o[0m
[5.203s] [ 73%] Built target vicon_receiver__py
[5.217s] [35m[1mScanning dependencies of target vicon_receiver__python[0m
[5.252s] [ 76%] [32mBuilding C object CMakeFiles/vicon_receiver__python.dir/rosidl_generator_py/vicon_receiver/msg/_position_s.c.o[0m
[5.437s] [ 79%] [32m[1mLinking C shared library rosidl_generator_py/vicon_receiver/libvicon_receiver__python.so[0m
[5.515s] [ 79%] Built target vicon_receiver__python
[5.530s] [35m[1mScanning dependencies of target vicon_receiver__rosidl_typesupport_fastrtps_c__pyext[0m
[5.533s] [35m[1mScanning dependencies of target vicon_receiver__rosidl_typesupport_c__pyext[0m
[5.533s] [35m[1mScanning dependencies of target vicon_receiver__rosidl_typesupport_introspection_c__pyext[0m
[5.561s] [ 82%] [32mBuilding C object CMakeFiles/vicon_receiver__rosidl_typesupport_fastrtps_c__pyext.dir/rosidl_generator_py/vicon_receiver/_vicon_receiver_s.ep.rosidl_typesupport_fastrtps_c.c.o[0m
[5.570s] [ 85%] [32mBuilding C object CMakeFiles/vicon_receiver__rosidl_typesupport_c__pyext.dir/rosidl_generator_py/vicon_receiver/_vicon_receiver_s.ep.rosidl_typesupport_c.c.o[0m
[5.570s] [ 88%] [32mBuilding C object CMakeFiles/vicon_receiver__rosidl_typesupport_introspection_c__pyext.dir/rosidl_generator_py/vicon_receiver/_vicon_receiver_s.ep.rosidl_typesupport_introspection_c.c.o[0m
[5.820s] [ 91%] [32m[1mLinking C shared library rosidl_generator_py/vicon_receiver/vicon_receiver_s__rosidl_typesupport_introspection_c.cpython-38-x86_64-linux-gnu.so[0m
[5.825s] [ 94%] [32m[1mLinking C shared library rosidl_generator_py/vicon_receiver/vicon_receiver_s__rosidl_typesupport_c.cpython-38-x86_64-linux-gnu.so[0m
[5.840s] [ 97%] [32m[1mLinking CXX shared library rosidl_generator_py/vicon_receiver/vicon_receiver_s__rosidl_typesupport_fastrtps_c.cpython-38-x86_64-linux-gnu.so[0m
[5.894s] [ 97%] Built target vicon_receiver__rosidl_typesupport_introspection_c__pyext
[5.897s] [ 97%] Built target vicon_receiver__rosidl_typesupport_c__pyext
[5.959s] [ 97%] Built target vicon_receiver__rosidl_typesupport_fastrtps_c__pyext
[14.108s] [100%] [32m[1mLinking CXX executable vicon_client[0m
[14.570s] [100%] Built target vicon_client
[14.608s] Invoked command in '/root/px4_ros_com_ros2/build/vicon_receiver' returned '0': CMAKE_PREFIX_PATH=${CMAKE_PREFIX_PATH}:/root/px4_ros_com_ros2/install/dasc_robot_py:/opt/ros/galactic /usr/bin/cmake --build /root/px4_ros_com_ros2/build/vicon_receiver -- -j8 -l8
[14.687s] Invoking command in '/root/px4_ros_com_ros2/build/vicon_receiver': CMAKE_PREFIX_PATH=${CMAKE_PREFIX_PATH}:/root/px4_ros_com_ros2/install/dasc_robot_py:/opt/ros/galactic /usr/bin/cmake --install /root/px4_ros_com_ros2/build/vicon_receiver
[14.700s] -- Install configuration: ""
[14.701s] -- Execute custom install script
[14.701s] -- Symlinking: /root/px4_ros_com_ros2/install/vicon_receiver/share/ament_index/resource_index/rosidl_interfaces/vicon_receiver
[14.714s] -- Symlinking: /root/px4_ros_com_ros2/install/vicon_receiver/include/vicon_receiver/msg/detail/position__functions.h
[14.725s] -- Symlinking: /root/px4_ros_com_ros2/install/vicon_receiver/include/vicon_receiver/msg/detail/position__struct.h
[14.736s] -- Symlinking: /root/px4_ros_com_ros2/install/vicon_receiver/include/vicon_receiver/msg/detail/position__type_support.h
[14.747s] -- Symlinking: /root/px4_ros_com_ros2/install/vicon_receiver/include/vicon_receiver/msg/position.h
[14.757s] -- Symlinking: /root/px4_ros_com_ros2/install/vicon_receiver/include/vicon_receiver/msg/rosidl_generator_c__visibility_control.h
[14.771s] -- Symlinking: /root/px4_ros_com_ros2/install/vicon_receiver/share/vicon_receiver/environment/library_path.sh
[14.783s] -- Symlinking: /root/px4_ros_com_ros2/install/vicon_receiver/share/vicon_receiver/environment/library_path.dsv
[14.795s] -- Symlinking: /root/px4_ros_com_ros2/install/vicon_receiver/include/vicon_receiver/msg/detail/position__rosidl_typesupport_fastrtps_c.h
[14.809s] -- Symlinking: /root/px4_ros_com_ros2/install/vicon_receiver/include/vicon_receiver/msg/rosidl_typesupport_fastrtps_c__visibility_control.h
[14.823s] -- Symlinking: /root/px4_ros_com_ros2/install/vicon_receiver/lib/libvicon_receiver__rosidl_typesupport_fastrtps_c.so
[14.838s] -- Symlinking: /root/px4_ros_com_ros2/install/vicon_receiver/include/vicon_receiver/msg/detail/position__rosidl_typesupport_fastrtps_cpp.hpp
[14.850s] -- Symlinking: /root/px4_ros_com_ros2/install/vicon_receiver/include/vicon_receiver/msg/rosidl_typesupport_fastrtps_cpp__visibility_control.h
[14.864s] -- Symlinking: /root/px4_ros_com_ros2/install/vicon_receiver/lib/libvicon_receiver__rosidl_typesupport_fastrtps_cpp.so
[14.877s] -- Symlinking: /root/px4_ros_com_ros2/install/vicon_receiver/include/vicon_receiver/msg/detail/position__rosidl_typesupport_introspection_c.h
[14.890s] -- Symlinking: /root/px4_ros_com_ros2/install/vicon_receiver/include/vicon_receiver/msg/rosidl_typesupport_introspection_c__visibility_control.h
[14.903s] -- Symlinking: /root/px4_ros_com_ros2/install/vicon_receiver/include/vicon_receiver/msg/detail/position__builder.hpp
[14.916s] -- Symlinking: /root/px4_ros_com_ros2/install/vicon_receiver/include/vicon_receiver/msg/detail/position__struct.hpp
[14.927s] -- Symlinking: /root/px4_ros_com_ros2/install/vicon_receiver/include/vicon_receiver/msg/detail/position__traits.hpp
[14.938s] -- Symlinking: /root/px4_ros_com_ros2/install/vicon_receiver/include/vicon_receiver/msg/position.hpp
[14.950s] -- Symlinking: /root/px4_ros_com_ros2/install/vicon_receiver/include/vicon_receiver/msg/detail/position__rosidl_typesupport_introspection_cpp.hpp
[14.966s] -- Symlinking: /root/px4_ros_com_ros2/install/vicon_receiver/share/vicon_receiver/environment/pythonpath.sh
[14.977s] -- Symlinking: /root/px4_ros_com_ros2/install/vicon_receiver/share/vicon_receiver/environment/pythonpath.dsv
[14.990s] -- Symlinking: /root/px4_ros_com_ros2/install/vicon_receiver/lib/python3.8/site-packages/vicon_receiver/__init__.py
[15.002s] -- Symlinking: /root/px4_ros_com_ros2/install/vicon_receiver/lib/python3.8/site-packages/vicon_receiver/msg/__init__.py
[15.015s] -- Symlinking: /root/px4_ros_com_ros2/install/vicon_receiver/lib/python3.8/site-packages/vicon_receiver/msg/_position.py
[15.027s] -- Symlinking: /root/px4_ros_com_ros2/install/vicon_receiver/lib/python3.8/site-packages/vicon_receiver/vicon_receiver_s__rosidl_typesupport_fastrtps_c.cpython-38-x86_64-linux-gnu.so
[15.040s] -- Symlinking: /root/px4_ros_com_ros2/install/vicon_receiver/lib/python3.8/site-packages/vicon_receiver/vicon_receiver_s__rosidl_typesupport_introspection_c.cpython-38-x86_64-linux-gnu.so
[15.053s] -- Symlinking: /root/px4_ros_com_ros2/install/vicon_receiver/lib/python3.8/site-packages/vicon_receiver/vicon_receiver_s__rosidl_typesupport_c.cpython-38-x86_64-linux-gnu.so
[15.069s] -- Symlinking: /root/px4_ros_com_ros2/install/vicon_receiver/lib/libvicon_receiver__python.so
[15.081s] -- Symlinking: /root/px4_ros_com_ros2/install/vicon_receiver/share/vicon_receiver/msg/Position.idl
[15.093s] -- Symlinking: /root/px4_ros_com_ros2/install/vicon_receiver/share/vicon_receiver/msg/Position.msg
[15.106s] -- Symlinking: /root/px4_ros_com_ros2/install/vicon_receiver/lib/vicon_receiver/vicon_client
[15.119s] -- Symlinking: /root/px4_ros_com_ros2/install/vicon_receiver/share/vicon_receiver//launch/client.launch.py
[15.132s] -- Symlinking: /root/px4_ros_com_ros2/install/vicon_receiver/share/ament_index/resource_index/package_run_dependencies/vicon_receiver
[15.145s] -- Symlinking: /root/px4_ros_com_ros2/install/vicon_receiver/share/ament_index/resource_index/parent_prefix_path/vicon_receiver
[15.159s] -- Symlinking: /root/px4_ros_com_ros2/install/vicon_receiver/share/vicon_receiver/environment/ament_prefix_path.sh
[15.174s] -- Symlinking: /root/px4_ros_com_ros2/install/vicon_receiver/share/vicon_receiver/environment/ament_prefix_path.dsv
[15.186s] -- Symlinking: /root/px4_ros_com_ros2/install/vicon_receiver/share/vicon_receiver/environment/path.sh
[15.199s] -- Symlinking: /root/px4_ros_com_ros2/install/vicon_receiver/share/vicon_receiver/environment/path.dsv
[15.212s] -- Symlinking: /root/px4_ros_com_ros2/install/vicon_receiver/share/vicon_receiver/local_setup.bash
[15.225s] -- Symlinking: /root/px4_ros_com_ros2/install/vicon_receiver/share/vicon_receiver/local_setup.sh
[15.238s] -- Symlinking: /root/px4_ros_com_ros2/install/vicon_receiver/share/vicon_receiver/local_setup.zsh
[15.256s] -- Symlinking: /root/px4_ros_com_ros2/install/vicon_receiver/share/vicon_receiver/local_setup.dsv
[15.272s] -- Symlinking: /root/px4_ros_com_ros2/install/vicon_receiver/share/vicon_receiver/package.dsv
[15.284s] -- Symlinking: /root/px4_ros_com_ros2/install/vicon_receiver/share/ament_index/resource_index/packages/vicon_receiver
[15.297s] -- Symlinking: /root/px4_ros_com_ros2/install/vicon_receiver/share/vicon_receiver/cmake/rosidl_cmake-extras.cmake
[15.310s] -- Symlinking: /root/px4_ros_com_ros2/install/vicon_receiver/share/vicon_receiver/cmake/ament_cmake_export_dependencies-extras.cmake
[15.322s] -- Symlinking: /root/px4_ros_com_ros2/install/vicon_receiver/share/vicon_receiver/cmake/ament_cmake_export_libraries-extras.cmake
[15.334s] -- Symlinking: /root/px4_ros_com_ros2/install/vicon_receiver/share/vicon_receiver/cmake/ament_cmake_export_targets-extras.cmake
[15.345s] -- Symlinking: /root/px4_ros_com_ros2/install/vicon_receiver/share/vicon_receiver/cmake/ament_cmake_export_include_directories-extras.cmake
[15.356s] -- Symlinking: /root/px4_ros_com_ros2/install/vicon_receiver/share/vicon_receiver/cmake/rosidl_cmake_export_typesupport_libraries-extras.cmake
[15.368s] -- Symlinking: /root/px4_ros_com_ros2/install/vicon_receiver/share/vicon_receiver/cmake/rosidl_cmake_export_typesupport_targets-extras.cmake
[15.380s] -- Symlinking: /root/px4_ros_com_ros2/install/vicon_receiver/share/vicon_receiver/cmake/vicon_receiverConfig.cmake
[15.391s] -- Symlinking: /root/px4_ros_com_ros2/install/vicon_receiver/share/vicon_receiver/cmake/vicon_receiverConfig-version.cmake
[15.404s] -- Symlinking: /root/px4_ros_com_ros2/install/vicon_receiver/share/vicon_receiver/package.xml
[15.417s] -- Installing: /root/px4_ros_com_ros2/install/vicon_receiver/lib/libvicon_receiver__rosidl_generator_c.so
[15.417s] -- Set runtime path of "/root/px4_ros_com_ros2/install/vicon_receiver/lib/libvicon_receiver__rosidl_generator_c.so" to ""
[15.418s] -- Installing: /root/px4_ros_com_ros2/install/vicon_receiver/lib/libvicon_receiver__rosidl_typesupport_introspection_c.so
[15.418s] -- Set runtime path of "/root/px4_ros_com_ros2/install/vicon_receiver/lib/libvicon_receiver__rosidl_typesupport_introspection_c.so" to ""
[15.418s] -- Installing: /root/px4_ros_com_ros2/install/vicon_receiver/lib/libvicon_receiver__rosidl_typesupport_c.so
[15.419s] -- Set runtime path of "/root/px4_ros_com_ros2/install/vicon_receiver/lib/libvicon_receiver__rosidl_typesupport_c.so" to ""
[15.419s] -- Installing: /root/px4_ros_com_ros2/install/vicon_receiver/lib/libvicon_receiver__rosidl_typesupport_introspection_cpp.so
[15.420s] -- Set runtime path of "/root/px4_ros_com_ros2/install/vicon_receiver/lib/libvicon_receiver__rosidl_typesupport_introspection_cpp.so" to ""
[15.420s] -- Installing: /root/px4_ros_com_ros2/install/vicon_receiver/lib/libvicon_receiver__rosidl_typesupport_cpp.so
[15.420s] -- Set runtime path of "/root/px4_ros_com_ros2/install/vicon_receiver/lib/libvicon_receiver__rosidl_typesupport_cpp.so" to ""
[15.460s] Compiling '/root/px4_ros_com_ros2/install/vicon_receiver/lib/python3.8/site-packages/vicon_receiver/__init__.py'...
[15.465s] -- Installing: /root/px4_ros_com_ros2/install/vicon_receiver/share/vicon_receiver/cmake/vicon_receiver__rosidl_generator_cExport.cmake
[15.466s] -- Installing: /root/px4_ros_com_ros2/install/vicon_receiver/share/vicon_receiver/cmake/vicon_receiver__rosidl_generator_cExport-noconfig.cmake
[15.466s] -- Installing: /root/px4_ros_com_ros2/install/vicon_receiver/share/vicon_receiver/cmake/vicon_receiver__rosidl_typesupport_introspection_cExport.cmake
[15.466s] -- Installing: /root/px4_ros_com_ros2/install/vicon_receiver/share/vicon_receiver/cmake/vicon_receiver__rosidl_typesupport_introspection_cExport-noconfig.cmake
[15.467s] -- Installing: /root/px4_ros_com_ros2/install/vicon_receiver/share/vicon_receiver/cmake/vicon_receiver__rosidl_typesupport_cExport.cmake
[15.467s] -- Installing: /root/px4_ros_com_ros2/install/vicon_receiver/share/vicon_receiver/cmake/vicon_receiver__rosidl_typesupport_cExport-noconfig.cmake
[15.467s] -- Installing: /root/px4_ros_com_ros2/install/vicon_receiver/share/vicon_receiver/cmake/vicon_receiver__rosidl_generator_cppExport.cmake
[15.467s] -- Installing: /root/px4_ros_com_ros2/install/vicon_receiver/share/vicon_receiver/cmake/vicon_receiver__rosidl_typesupport_introspection_cppExport.cmake
[15.467s] -- Installing: /root/px4_ros_com_ros2/install/vicon_receiver/share/vicon_receiver/cmake/vicon_receiver__rosidl_typesupport_introspection_cppExport-noconfig.cmake
[15.468s] -- Installing: /root/px4_ros_com_ros2/install/vicon_receiver/share/vicon_receiver/cmake/vicon_receiver__rosidl_typesupport_cppExport.cmake
[15.468s] -- Installing: /root/px4_ros_com_ros2/install/vicon_receiver/share/vicon_receiver/cmake/vicon_receiver__rosidl_typesupport_cppExport-noconfig.cmake
[15.473s] Invoked command in '/root/px4_ros_com_ros2/build/vicon_receiver' returned '0': CMAKE_PREFIX_PATH=${CMAKE_PREFIX_PATH}:/root/px4_ros_com_ros2/install/dasc_robot_py:/opt/ros/galactic /usr/bin/cmake --install /root/px4_ros_com_ros2/build/vicon_receiver
