[0.032s] Invoking command in '/root/px4_ros_com_ros2/build/px4_msgs': CMAKE_PREFIX_PATH=${CMAKE_PREFIX_PATH}:/root/px4_ros_com_ros2/install/dasc_robot_py:/opt/ros/galactic /usr/bin/cmake /root/px4_ros_com_ros2/src/px4_msgs -DAMENT_CMAKE_SYMLINK_INSTALL=1 -DCMAKE_INSTALL_PREFIX=/root/px4_ros_com_ros2/install/px4_msgs
[0.117s] -- The C compiler identification is GNU 9.3.0
[0.197s] -- The CXX compiler identification is GNU 9.3.0
[0.203s] -- Check for working C compiler: /usr/lib/ccache/cc
[0.440s] -- Check for working C compiler: /usr/lib/ccache/cc -- works
[0.441s] -- Detecting C compiler ABI info
[0.670s] -- Detecting C compiler ABI info - done
[0.688s] -- Detecting C compile features
[0.689s] -- Detecting C compile features - done
[0.693s] -- Check for working CXX compiler: /usr/lib/ccache/c++
[0.991s] -- Check for working CXX compiler: /usr/lib/ccache/c++ -- works
[0.992s] -- Detecting CXX compiler ABI info
[1.223s] -- Detecting CXX compiler ABI info - done
[1.238s] -- Detecting CXX compile features
[1.238s] -- Detecting CXX compile features - done
[1.240s] -- Performing Test COMPILER_SUPPORTS_CXX17
[1.406s] -- Performing Test COMPILER_SUPPORTS_CXX17 - Success
[1.407s] -- Performing Test COMPILER_SUPPORTS_CXX14
[1.601s] -- Performing Test COMPILER_SUPPORTS_CXX14 - Success
[1.602s] -- Performing Test COMPILER_SUPPORTS_CXX11
[1.798s] -- Performing Test COMPILER_SUPPORTS_CXX11 - Success
[1.799s] -- Performing Test COMPILER_SUPPORTS_CXX0X
[2.021s] -- Performing Test COMPILER_SUPPORTS_CXX0X - Success
[2.022s] -- Using C++17 compiler
[2.024s] -- Found ament_cmake: 1.1.4 (/opt/ros/galactic/share/ament_cmake/cmake)
[2.052s] -- Found PythonInterp: /usr/bin/python3 (found suitable version "3.8.10", minimum required is "3") 
[2.052s] -- Using PYTHON_EXECUTABLE: /usr/bin/python3
[2.080s] Traceback (most recent call last):
[2.081s]   File "/opt/ros/galactic/share/ament_cmake_core/cmake/package_templates/templates_2_cmake.py", line 21, in <module>
[2.081s]     from ament_package.templates import get_environment_hook_template_path
[2.081s] ModuleNotFoundError: No module named 'ament_package'
[2.084s] CMake Error at /opt/ros/galactic/share/ament_cmake_core/cmake/ament_cmake_package_templates-extras.cmake:41 (message):
[2.084s]   execute_process(/usr/bin/python3
[2.084s]   /opt/ros/galactic/share/ament_cmake_core/cmake/package_templates/templates_2_cmake.py
[2.084s]   /root/px4_ros_com_ros2/build/px4_msgs/ament_cmake_package_templates/templates.cmake)
[2.085s]   returned error code 1
[2.085s] Call Stack (most recent call first):
[2.085s]   /opt/ros/galactic/share/ament_cmake_core/cmake/ament_cmake_coreConfig.cmake:41 (include)
[2.085s]   /opt/ros/galactic/share/ament_cmake/cmake/ament_cmake_export_dependencies-extras.cmake:15 (find_package)
[2.085s]   /opt/ros/galactic/share/ament_cmake/cmake/ament_cmakeConfig.cmake:41 (include)
[2.085s]   CMakeLists.txt:13 (find_package)
[2.085s] 
[2.086s] 
[2.086s] -- Configuring incomplete, errors occurred!
[2.086s] See also "/root/px4_ros_com_ros2/build/px4_msgs/CMakeFiles/CMakeOutput.log".
