[0.031s] Invoking command in '/root/px4_ros_com_ros2/build/vicon_receiver': CMAKE_PREFIX_PATH=${CMAKE_PREFIX_PATH}:/root/px4_ros_com_ros2/install/dasc_robot_py:/opt/ros/galactic /usr/bin/cmake /root/px4_ros_com_ros2/src/ros2-vicon-receiver/vicon_receiver -DAMENT_CMAKE_SYMLINK_INSTALL=1 -DCMAKE_INSTALL_PREFIX=/root/px4_ros_com_ros2/install/vicon_receiver
[0.111s] -- The C compiler identification is GNU 9.3.0
[0.185s] -- The CXX compiler identification is GNU 9.3.0
[0.191s] -- Check for working C compiler: /usr/lib/ccache/cc
[0.478s] -- Check for working C compiler: /usr/lib/ccache/cc -- works
[0.479s] -- Detecting C compiler ABI info
[0.659s] -- Detecting C compiler ABI info - done
[0.674s] -- Detecting C compile features
[0.674s] -- Detecting C compile features - done
[0.677s] -- Check for working CXX compiler: /usr/lib/ccache/c++
[0.999s] -- Check for working CXX compiler: /usr/lib/ccache/c++ -- works
[1.000s] -- Detecting CXX compiler ABI info
[1.212s] -- Detecting CXX compiler ABI info - done
[1.226s] -- Detecting CXX compile features
[1.227s] -- Detecting CXX compile features - done
[1.230s] -- Found ament_cmake: 1.1.4 (/opt/ros/galactic/share/ament_cmake/cmake)
[1.259s] -- Found PythonInterp: /usr/bin/python3 (found suitable version "3.8.10", minimum required is "3") 
[1.259s] -- Using PYTHON_EXECUTABLE: /usr/bin/python3
[1.289s] Traceback (most recent call last):
[1.289s]   File "/opt/ros/galactic/share/ament_cmake_core/cmake/package_templates/templates_2_cmake.py", line 21, in <module>
[1.289s]     from ament_package.templates import get_environment_hook_template_path
[1.289s] ModuleNotFoundError: No module named 'ament_package'
[1.292s] CMake Error at /opt/ros/galactic/share/ament_cmake_core/cmake/ament_cmake_package_templates-extras.cmake:41 (message):
[1.292s]   execute_process(/usr/bin/python3
[1.292s]   /opt/ros/galactic/share/ament_cmake_core/cmake/package_templates/templates_2_cmake.py
[1.292s]   /root/px4_ros_com_ros2/build/vicon_receiver/ament_cmake_package_templates/templates.cmake)
[1.293s]   returned error code 1
[1.293s] Call Stack (most recent call first):
[1.293s]   /opt/ros/galactic/share/ament_cmake_core/cmake/ament_cmake_coreConfig.cmake:41 (include)
[1.293s]   /opt/ros/galactic/share/ament_cmake/cmake/ament_cmake_export_dependencies-extras.cmake:15 (find_package)
[1.293s]   /opt/ros/galactic/share/ament_cmake/cmake/ament_cmakeConfig.cmake:41 (include)
[1.293s]   CMakeLists.txt:24 (find_package)
[1.293s] 
[1.293s] 
[1.293s] -- Configuring incomplete, errors occurred!
[1.293s] See also "/root/px4_ros_com_ros2/build/vicon_receiver/CMakeFiles/CMakeOutput.log".
[1.298s] Invoked command in '/root/px4_ros_com_ros2/build/vicon_receiver' returned '1': CMAKE_PREFIX_PATH=${CMAKE_PREFIX_PATH}:/root/px4_ros_com_ros2/install/dasc_robot_py:/opt/ros/galactic /usr/bin/cmake /root/px4_ros_com_ros2/src/ros2-vicon-receiver/vicon_receiver -DAMENT_CMAKE_SYMLINK_INSTALL=1 -DCMAKE_INSTALL_PREFIX=/root/px4_ros_com_ros2/install/vicon_receiver
