running develop
running egg_info
creating dasc_robot_py.egg-info
writing dasc_robot_py.egg-info/PKG-INFO
writing dependency_links to dasc_robot_py.egg-info/dependency_links.txt
writing entry points to dasc_robot_py.egg-info/entry_points.txt
writing requirements to dasc_robot_py.egg-info/requires.txt
writing top-level names to dasc_robot_py.egg-info/top_level.txt
writing manifest file 'dasc_robot_py.egg-info/SOURCES.txt'
reading manifest file 'dasc_robot_py.egg-info/SOURCES.txt'
writing manifest file 'dasc_robot_py.egg-info/SOURCES.txt'
running build_ext
Creating /root/px4_ros_com_ros2/install/dasc_robot_py/lib/python3.8/site-packages/dasc-robot-py.egg-link (link to .)
Installing ex_drone_control_geometric script to /root/px4_ros_com_ros2/install/dasc_robot_py/lib/dasc_robot_py
Installing ex_drone_hover script to /root/px4_ros_com_ros2/install/dasc_robot_py/lib/dasc_robot_py
Installing ex_rover_test script to /root/px4_ros_com_ros2/install/dasc_robot_py/lib/dasc_robot_py
Installing ex_rover_test_classes script to /root/px4_ros_com_ros2/install/dasc_robot_py/lib/dasc_robot_py

Installed /root/px4_ros_com_ros2/build/dasc_robot_py
running install_data
creating /root/px4_ros_com_ros2/install/dasc_robot_py/share/ament_index
creating /root/px4_ros_com_ros2/install/dasc_robot_py/share/ament_index/resource_index
creating /root/px4_ros_com_ros2/install/dasc_robot_py/share/ament_index/resource_index/packages
copying resource/dasc_robot_py -> /root/px4_ros_com_ros2/install/dasc_robot_py/share/ament_index/resource_index/packages
copying package.xml -> /root/px4_ros_com_ros2/install/dasc_robot_py/share/dasc_robot_py
