[0.309s] Invoking command in '/root/px4_ros_com_ros2/build/dasc_robot_py': PYTHONPATH=/root/px4_ros_com_ros2/install/dasc_robot_py/lib/python3.8/site-packages:${PYTHONPATH} /usr/bin/python3 setup.py develop --prefix /root/px4_ros_com_ros2/install/dasc_robot_py --editable --build-directory /root/px4_ros_com_ros2/build/dasc_robot_py/build --no-deps install_data --install-dir /root/px4_ros_com_ros2/install/dasc_robot_py
[0.566s] running develop
[0.668s] running egg_info
[0.668s] creating dasc_robot_py.egg-info
[0.668s] writing dasc_robot_py.egg-info/PKG-INFO
[0.668s] writing dependency_links to dasc_robot_py.egg-info/dependency_links.txt
[0.668s] writing entry points to dasc_robot_py.egg-info/entry_points.txt
[0.669s] writing requirements to dasc_robot_py.egg-info/requires.txt
[0.669s] writing top-level names to dasc_robot_py.egg-info/top_level.txt
[0.671s] writing manifest file 'dasc_robot_py.egg-info/SOURCES.txt'
[0.673s] reading manifest file 'dasc_robot_py.egg-info/SOURCES.txt'
[0.674s] writing manifest file 'dasc_robot_py.egg-info/SOURCES.txt'
[0.721s] running build_ext
[0.721s] Creating /root/px4_ros_com_ros2/install/dasc_robot_py/lib/python3.8/site-packages/dasc-robot-py.egg-link (link to .)
[0.722s] Installing ex_drone_control_geometric script to /root/px4_ros_com_ros2/install/dasc_robot_py/lib/dasc_robot_py
[0.722s] Installing ex_drone_hover script to /root/px4_ros_com_ros2/install/dasc_robot_py/lib/dasc_robot_py
[0.722s] Installing ex_rover_test script to /root/px4_ros_com_ros2/install/dasc_robot_py/lib/dasc_robot_py
[0.722s] Installing ex_rover_test_classes script to /root/px4_ros_com_ros2/install/dasc_robot_py/lib/dasc_robot_py
[0.723s] 
[0.723s] Installed /root/px4_ros_com_ros2/build/dasc_robot_py
[0.723s] running install_data
[0.723s] creating /root/px4_ros_com_ros2/install/dasc_robot_py/share/ament_index
[0.723s] creating /root/px4_ros_com_ros2/install/dasc_robot_py/share/ament_index/resource_index
[0.723s] creating /root/px4_ros_com_ros2/install/dasc_robot_py/share/ament_index/resource_index/packages
[0.723s] copying resource/dasc_robot_py -> /root/px4_ros_com_ros2/install/dasc_robot_py/share/ament_index/resource_index/packages
[0.723s] copying package.xml -> /root/px4_ros_com_ros2/install/dasc_robot_py/share/dasc_robot_py
[0.751s] Invoked command in '/root/px4_ros_com_ros2/build/dasc_robot_py' returned '0': PYTHONPATH=/root/px4_ros_com_ros2/install/dasc_robot_py/lib/python3.8/site-packages:${PYTHONPATH} /usr/bin/python3 setup.py develop --prefix /root/px4_ros_com_ros2/install/dasc_robot_py --editable --build-directory /root/px4_ros_com_ros2/build/dasc_robot_py/build --no-deps install_data --install-dir /root/px4_ros_com_ros2/install/dasc_robot_py
